{"/Users/andeladeveloper/Desktop/workspace/postit/client/js/spec/client-tests.js":{"path":"/Users/andeladeveloper/Desktop/workspace/postit/client/js/spec/client-tests.js","statementMap":{"0":{"start":{"line":3,"column":0},"end":{"line":5,"column":3}},"1":{"start":{"line":7,"column":13},"end":{"line":7,"column":36}},"2":{"start":{"line":9,"column":14},"end":{"line":9,"column":44}},"3":{"start":{"line":11,"column":17},"end":{"line":11,"column":44}},"4":{"start":{"line":13,"column":18},"end":{"line":13,"column":52}},"5":{"start":{"line":15,"column":12},"end":{"line":15,"column":34}},"6":{"start":{"line":17,"column":13},"end":{"line":17,"column":42}},"7":{"start":{"line":19,"column":16},"end":{"line":19,"column":42}},"8":{"start":{"line":21,"column":17},"end":{"line":21,"column":50}},"9":{"start":{"line":23,"column":13},"end":{"line":23,"column":36}},"10":{"start":{"line":25,"column":14},"end":{"line":25,"column":44}},"11":{"start":{"line":27,"column":39},"end":{"line":27,"column":93}},"12":{"start":{"line":29,"column":0},"end":{"line":29,"column":153}}},"fnMap":{"0":{"name":"_interopRequireDefault","decl":{"start":{"line":27,"column":9},"end":{"line":27,"column":31}},"loc":{"start":{"line":27,"column":37},"end":{"line":27,"column":95}},"line":27}},"branchMap":{"0":{"loc":{"start":{"line":27,"column":46},"end":{"line":27,"column":92}},"type":"cond-expr","locations":[{"start":{"line":27,"column":70},"end":{"line":27,"column":73}},{"start":{"line":27,"column":76},"end":{"line":27,"column":92}}],"line":27},"1":{"loc":{"start":{"line":27,"column":46},"end":{"line":27,"column":67}},"type":"binary-expr","locations":[{"start":{"line":27,"column":46},"end":{"line":27,"column":49}},{"start":{"line":27,"column":53},"end":{"line":27,"column":67}}],"line":27}},"s":{"0":1,"1":1,"2":0,"3":0,"4":0,"5":0,"6":0,"7":0,"8":0,"9":0,"10":0,"11":0,"12":0},"f":{"0":0},"b":{"0":[0,0],"1":[0,0]},"_coverageSchema":"332fd63041d2c1bcb487cc26dd0d5f7d97098a6c","hash":"21dc3af9b7e3f08db106d5dace9c8c75102e5170","contentHash":"caf3f45bc3467c386106e666513c38b2_11.1.0"},"/Users/andeladeveloper/Desktop/workspace/postit/client/js/spec/login.spec.js":{"path":"/Users/andeladeveloper/Desktop/workspace/postit/client/js/spec/login.spec.js","statementMap":{"0":{"start":{"line":3,"column":14},"end":{"line":3,"column":31}},"1":{"start":{"line":5,"column":13},"end":{"line":5,"column":29}},"2":{"start":{"line":7,"column":14},"end":{"line":7,"column":44}},"3":{"start":{"line":9,"column":18},"end":{"line":9,"column":40}},"4":{"start":{"line":11,"column":22},"end":{"line":11,"column":49}},"5":{"start":{"line":13,"column":23},"end":{"line":13,"column":62}},"6":{"start":{"line":15,"column":18},"end":{"line":15,"column":53}},"7":{"start":{"line":17,"column":22},"end":{"line":17,"column":61}},"8":{"start":{"line":19,"column":39},"end":{"line":19,"column":93}},"9":{"start":{"line":21,"column":0},"end":{"line":21,"column":51}},"10":{"start":{"line":29,"column":16},"end":{"line":29,"column":47}},"11":{"start":{"line":31,"column":0},"end":{"line":31,"column":70}},"12":{"start":{"line":32,"column":0},"end":{"line":34,"column":2}},"13":{"start":{"line":33,"column":2},"end":{"line":33,"column":14}},"14":{"start":{"line":35,"column":0},"end":{"line":35,"column":35}},"15":{"start":{"line":37,"column":0},"end":{"line":84,"column":3}},"16":{"start":{"line":38,"column":2},"end":{"line":46,"column":5}},"17":{"start":{"line":39,"column":4},"end":{"line":45,"column":7}},"18":{"start":{"line":40,"column":6},"end":{"line":44,"column":9}},"19":{"start":{"line":47,"column":2},"end":{"line":56,"column":5}},"20":{"start":{"line":48,"column":4},"end":{"line":55,"column":7}},"21":{"start":{"line":49,"column":18},"end":{"line":53,"column":8}},"22":{"start":{"line":54,"column":6},"end":{"line":54,"column":42}},"23":{"start":{"line":57,"column":2},"end":{"line":69,"column":5}},"24":{"start":{"line":58,"column":4},"end":{"line":68,"column":7}},"25":{"start":{"line":59,"column":6},"end":{"line":61,"column":8}},"26":{"start":{"line":60,"column":8},"end":{"line":60,"column":18}},"27":{"start":{"line":62,"column":18},"end":{"line":66,"column":8}},"28":{"start":{"line":67,"column":6},"end":{"line":67,"column":38}},"29":{"start":{"line":70,"column":2},"end":{"line":83,"column":5}},"30":{"start":{"line":71,"column":4},"end":{"line":82,"column":7}},"31":{"start":{"line":72,"column":6},"end":{"line":74,"column":8}},"32":{"start":{"line":73,"column":8},"end":{"line":73,"column":20}},"33":{"start":{"line":75,"column":18},"end":{"line":79,"column":8}},"34":{"start":{"line":80,"column":6},"end":{"line":80,"column":45}},"35":{"start":{"line":81,"column":6},"end":{"line":81,"column":65}}},"fnMap":{"0":{"name":"_interopRequireDefault","decl":{"start":{"line":19,"column":9},"end":{"line":19,"column":31}},"loc":{"start":{"line":19,"column":37},"end":{"line":19,"column":95}},"line":19},"1":{"name":"(anonymous_1)","decl":{"start":{"line":32,"column":25},"end":{"line":32,"column":26}},"loc":{"start":{"line":32,"column":37},"end":{"line":34,"column":1}},"line":32},"2":{"name":"(anonymous_2)","decl":{"start":{"line":37,"column":27},"end":{"line":37,"column":28}},"loc":{"start":{"line":37,"column":39},"end":{"line":84,"column":1}},"line":37},"3":{"name":"(anonymous_3)","decl":{"start":{"line":38,"column":24},"end":{"line":38,"column":25}},"loc":{"start":{"line":38,"column":36},"end":{"line":46,"column":3}},"line":38},"4":{"name":"(anonymous_4)","decl":{"start":{"line":39,"column":35},"end":{"line":39,"column":36}},"loc":{"start":{"line":39,"column":47},"end":{"line":45,"column":5}},"line":39},"5":{"name":"(anonymous_5)","decl":{"start":{"line":47,"column":36},"end":{"line":47,"column":37}},"loc":{"start":{"line":47,"column":48},"end":{"line":56,"column":3}},"line":47},"6":{"name":"(anonymous_6)","decl":{"start":{"line":48,"column":53},"end":{"line":48,"column":54}},"loc":{"start":{"line":48,"column":65},"end":{"line":55,"column":5}},"line":48},"7":{"name":"(anonymous_7)","decl":{"start":{"line":57,"column":36},"end":{"line":57,"column":37}},"loc":{"start":{"line":57,"column":48},"end":{"line":69,"column":3}},"line":57},"8":{"name":"(anonymous_8)","decl":{"start":{"line":58,"column":57},"end":{"line":58,"column":58}},"loc":{"start":{"line":58,"column":69},"end":{"line":68,"column":5}},"line":58},"9":{"name":"(anonymous_9)","decl":{"start":{"line":59,"column":31},"end":{"line":59,"column":32}},"loc":{"start":{"line":59,"column":43},"end":{"line":61,"column":7}},"line":59},"10":{"name":"(anonymous_10)","decl":{"start":{"line":70,"column":28},"end":{"line":70,"column":29}},"loc":{"start":{"line":70,"column":40},"end":{"line":83,"column":3}},"line":70},"11":{"name":"(anonymous_11)","decl":{"start":{"line":71,"column":66},"end":{"line":71,"column":67}},"loc":{"start":{"line":71,"column":78},"end":{"line":82,"column":5}},"line":71},"12":{"name":"(anonymous_12)","decl":{"start":{"line":72,"column":31},"end":{"line":72,"column":32}},"loc":{"start":{"line":72,"column":43},"end":{"line":74,"column":7}},"line":72}},"branchMap":{"0":{"loc":{"start":{"line":19,"column":46},"end":{"line":19,"column":92}},"type":"cond-expr","locations":[{"start":{"line":19,"column":70},"end":{"line":19,"column":73}},{"start":{"line":19,"column":76},"end":{"line":19,"column":92}}],"line":19},"1":{"loc":{"start":{"line":19,"column":46},"end":{"line":19,"column":67}},"type":"binary-expr","locations":[{"start":{"line":19,"column":46},"end":{"line":19,"column":49}},{"start":{"line":19,"column":53},"end":{"line":19,"column":67}}],"line":19}},"s":{"0":1,"1":1,"2":1,"3":1,"4":1,"5":1,"6":1,"7":1,"8":2,"9":1,"10":0,"11":0,"12":0,"13":0,"14":0,"15":0,"16":0,"17":0,"18":0,"19":0,"20":0,"21":0,"22":0,"23":0,"24":0,"25":0,"26":0,"27":0,"28":0,"29":0,"30":0,"31":0,"32":0,"33":0,"34":0,"35":0},"f":{"0":2,"1":0,"2":0,"3":0,"4":0,"5":0,"6":0,"7":0,"8":0,"9":0,"10":0,"11":0,"12":0},"b":{"0":[1,1],"1":[2,2]},"_coverageSchema":"332fd63041d2c1bcb487cc26dd0d5f7d97098a6c","hash":"7e7e1910756039e30f3e17253861d77fba0b2a6e","contentHash":"da1a1f4a28a84da48104fa686db3f37f_11.1.0"},"/Users/andeladeveloper/Desktop/workspace/postit/client/js/components/containers/index.js":{"path":"/Users/andeladeveloper/Desktop/workspace/postit/client/js/components/containers/index.js","statementMap":{"0":{"start":{"line":3,"column":0},"end":{"line":5,"column":3}},"1":{"start":{"line":6,"column":0},"end":{"line":6,"column":117}},"2":{"start":{"line":8,"column":13},"end":{"line":8,"column":31}},"3":{"start":{"line":10,"column":14},"end":{"line":10,"column":44}},"4":{"start":{"line":12,"column":16},"end":{"line":12,"column":37}},"5":{"start":{"line":14,"column":17},"end":{"line":14,"column":50}},"6":{"start":{"line":16,"column":17},"end":{"line":16,"column":39}},"7":{"start":{"line":18,"column":18},"end":{"line":18,"column":52}},"8":{"start":{"line":20,"column":16},"end":{"line":20,"column":37}},"9":{"start":{"line":22,"column":17},"end":{"line":22,"column":50}},"10":{"start":{"line":24,"column":13},"end":{"line":24,"column":31}},"11":{"start":{"line":26,"column":14},"end":{"line":26,"column":44}},"12":{"start":{"line":28,"column":14},"end":{"line":28,"column":33}},"13":{"start":{"line":30,"column":15},"end":{"line":30,"column":46}},"14":{"start":{"line":32,"column":39},"end":{"line":32,"column":93}},"15":{"start":{"line":34,"column":0},"end":{"line":34,"column":38}},"16":{"start":{"line":35,"column":0},"end":{"line":35,"column":32}},"17":{"start":{"line":36,"column":0},"end":{"line":36,"column":40}},"18":{"start":{"line":37,"column":0},"end":{"line":37,"column":34}},"19":{"start":{"line":38,"column":0},"end":{"line":38,"column":32}},"20":{"start":{"line":39,"column":0},"end":{"line":39,"column":38}}},"fnMap":{"0":{"name":"_interopRequireDefault","decl":{"start":{"line":32,"column":9},"end":{"line":32,"column":31}},"loc":{"start":{"line":32,"column":37},"end":{"line":32,"column":95}},"line":32}},"branchMap":{"0":{"loc":{"start":{"line":32,"column":46},"end":{"line":32,"column":92}},"type":"cond-expr","locations":[{"start":{"line":32,"column":70},"end":{"line":32,"column":73}},{"start":{"line":32,"column":76},"end":{"line":32,"column":92}}],"line":32},"1":{"loc":{"start":{"line":32,"column":46},"end":{"line":32,"column":67}},"type":"binary-expr","locations":[{"start":{"line":32,"column":46},"end":{"line":32,"column":49}},{"start":{"line":32,"column":53},"end":{"line":32,"column":67}}],"line":32}},"s":{"0":1,"1":1,"2":1,"3":1,"4":1,"5":1,"6":1,"7":1,"8":1,"9":1,"10":1,"11":1,"12":1,"13":1,"14":6,"15":1,"16":1,"17":1,"18":1,"19":1,"20":1},"f":{"0":6},"b":{"0":[6,0],"1":[6,6]},"_coverageSchema":"332fd63041d2c1bcb487cc26dd0d5f7d97098a6c","hash":"a559a13795a6c3f5bc717b8335e3ff72f27df105","contentHash":"3cf6c76d730a251aa0995f0510f2fc7f_11.1.0"},"/Users/andeladeveloper/Desktop/workspace/postit/client/js/components/containers/group.js":{"path":"/Users/andeladeveloper/Desktop/workspace/postit/client/js/components/containers/group.js","statementMap":{"0":{"start":{"line":3,"column":0},"end":{"line":5,"column":3}},"1":{"start":{"line":7,"column":19},"end":{"line":7,"column":563}},"2":{"start":{"line":7,"column":76},"end":{"line":7,"column":347}},"3":{"start":{"line":7,"column":134},"end":{"line":7,"column":142}},"4":{"start":{"line":7,"column":144},"end":{"line":7,"column":199}},"5":{"start":{"line":7,"column":200},"end":{"line":7,"column":231}},"6":{"start":{"line":7,"column":232},"end":{"line":7,"column":286}},"7":{"start":{"line":7,"column":259},"end":{"line":7,"column":286}},"8":{"start":{"line":7,"column":287},"end":{"line":7,"column":345}},"9":{"start":{"line":7,"column":350},"end":{"line":7,"column":559}},"10":{"start":{"line":7,"column":407},"end":{"line":7,"column":475}},"11":{"start":{"line":7,"column":423},"end":{"line":7,"column":475}},"12":{"start":{"line":7,"column":476},"end":{"line":7,"column":536}},"13":{"start":{"line":7,"column":493},"end":{"line":7,"column":536}},"14":{"start":{"line":7,"column":537},"end":{"line":7,"column":556}},"15":{"start":{"line":9,"column":13},"end":{"line":9,"column":29}},"16":{"start":{"line":11,"column":14},"end":{"line":11,"column":44}},"17":{"start":{"line":13,"column":18},"end":{"line":13,"column":40}},"18":{"start":{"line":15,"column":22},"end":{"line":15,"column":50}},"19":{"start":{"line":17,"column":8},"end":{"line":17,"column":21}},"20":{"start":{"line":19,"column":27},"end":{"line":19,"column":71}},"21":{"start":{"line":21,"column":28},"end":{"line":21,"column":72}},"22":{"start":{"line":23,"column":21},"end":{"line":23,"column":58}},"23":{"start":{"line":25,"column":21},"end":{"line":25,"column":59}},"24":{"start":{"line":27,"column":18},"end":{"line":27,"column":53}},"25":{"start":{"line":29,"column":19},"end":{"line":29,"column":54}},"26":{"start":{"line":31,"column":17},"end":{"line":31,"column":51}},"27":{"start":{"line":33,"column":18},"end":{"line":33,"column":52}},"28":{"start":{"line":35,"column":11},"end":{"line":35,"column":36}},"29":{"start":{"line":37,"column":12},"end":{"line":37,"column":40}},"30":{"start":{"line":39,"column":39},"end":{"line":39,"column":93}},"31":{"start":{"line":41,"column":50},"end":{"line":41,"column":151}},"32":{"start":{"line":41,"column":92},"end":{"line":41,"column":149}},"33":{"start":{"line":43,"column":50},"end":{"line":43,"column":151}},"34":{"start":{"line":43,"column":63},"end":{"line":43,"column":149}},"35":{"start":{"line":43,"column":152},"end":{"line":43,"column":238}},"36":{"start":{"line":45,"column":43},"end":{"line":45,"column":208}},"37":{"start":{"line":45,"column":106},"end":{"line":45,"column":206}},"38":{"start":{"line":45,"column":209},"end":{"line":45,"column":373}},"39":{"start":{"line":45,"column":374},"end":{"line":45,"column":492}},"40":{"start":{"line":45,"column":390},"end":{"line":45,"column":492}},"41":{"start":{"line":47,"column":12},"end":{"line":200,"column":28}},"42":{"start":{"line":48,"column":2},"end":{"line":48,"column":37}},"43":{"start":{"line":51,"column":4},"end":{"line":51,"column":33}},"44":{"start":{"line":53,"column":16},"end":{"line":53,"column":117}},"45":{"start":{"line":55,"column":4},"end":{"line":61,"column":6}},"46":{"start":{"line":62,"column":4},"end":{"line":62,"column":60}},"47":{"start":{"line":63,"column":4},"end":{"line":63,"column":56}},"48":{"start":{"line":64,"column":4},"end":{"line":64,"column":17}},"49":{"start":{"line":67,"column":2},"end":{"line":197,"column":6}},"50":{"start":{"line":70,"column":19},"end":{"line":70,"column":23}},"51":{"start":{"line":72,"column":15},"end":{"line":72,"column":76}},"52":{"start":{"line":73,"column":6},"end":{"line":79,"column":9}},"53":{"start":{"line":74,"column":8},"end":{"line":74,"column":51}},"54":{"start":{"line":75,"column":8},"end":{"line":78,"column":11}},"55":{"start":{"line":76,"column":10},"end":{"line":76,"column":91}},"56":{"start":{"line":77,"column":10},"end":{"line":77,"column":46}},"57":{"start":{"line":84,"column":6},"end":{"line":84,"column":40}},"58":{"start":{"line":85,"column":6},"end":{"line":85,"column":44}},"59":{"start":{"line":90,"column":6},"end":{"line":90,"column":59}},"60":{"start":{"line":91,"column":6},"end":{"line":91,"column":47}},"61":{"start":{"line":92,"column":6},"end":{"line":107,"column":7}},"62":{"start":{"line":93,"column":23},"end":{"line":93,"column":50}},"63":{"start":{"line":94,"column":26},"end":{"line":101,"column":10}},"64":{"start":{"line":95,"column":10},"end":{"line":99,"column":11}},"65":{"start":{"line":96,"column":12},"end":{"line":98,"column":13}},"66":{"start":{"line":97,"column":14},"end":{"line":97,"column":26}},"67":{"start":{"line":100,"column":10},"end":{"line":100,"column":23}},"68":{"start":{"line":102,"column":8},"end":{"line":102,"column":53}},"69":{"start":{"line":103,"column":8},"end":{"line":103,"column":49}},"70":{"start":{"line":104,"column":8},"end":{"line":104,"column":45}},"71":{"start":{"line":105,"column":8},"end":{"line":105,"column":61}},"72":{"start":{"line":106,"column":8},"end":{"line":106,"column":78}},"73":{"start":{"line":108,"column":6},"end":{"line":121,"column":7}},"74":{"start":{"line":109,"column":24},"end":{"line":109,"column":51}},"75":{"start":{"line":110,"column":27},"end":{"line":115,"column":10}},"76":{"start":{"line":111,"column":10},"end":{"line":113,"column":11}},"77":{"start":{"line":112,"column":12},"end":{"line":112,"column":24}},"78":{"start":{"line":114,"column":10},"end":{"line":114,"column":23}},"79":{"start":{"line":116,"column":8},"end":{"line":116,"column":54}},"80":{"start":{"line":117,"column":8},"end":{"line":117,"column":50}},"81":{"start":{"line":118,"column":8},"end":{"line":118,"column":46}},"82":{"start":{"line":119,"column":8},"end":{"line":119,"column":61}},"83":{"start":{"line":120,"column":8},"end":{"line":120,"column":78}},"84":{"start":{"line":122,"column":6},"end":{"line":128,"column":7}},"85":{"start":{"line":123,"column":8},"end":{"line":123,"column":65}},"86":{"start":{"line":124,"column":8},"end":{"line":124,"column":61}},"87":{"start":{"line":125,"column":8},"end":{"line":125,"column":61}},"88":{"start":{"line":126,"column":8},"end":{"line":126,"column":61}},"89":{"start":{"line":127,"column":8},"end":{"line":127,"column":78}},"90":{"start":{"line":129,"column":6},"end":{"line":129,"column":48}},"91":{"start":{"line":134,"column":6},"end":{"line":195,"column":8}},"92":{"start":{"line":199,"column":2},"end":{"line":199,"column":15}},"93":{"start":{"line":202,"column":22},"end":{"line":207,"column":1}},"94":{"start":{"line":203,"column":2},"end":{"line":206,"column":4}},"95":{"start":{"line":209,"column":25},"end":{"line":221,"column":1}},"96":{"start":{"line":210,"column":2},"end":{"line":220,"column":4}},"97":{"start":{"line":212,"column":6},"end":{"line":212,"column":64}},"98":{"start":{"line":215,"column":6},"end":{"line":215,"column":51}},"99":{"start":{"line":218,"column":6},"end":{"line":218,"column":54}},"100":{"start":{"line":223,"column":0},"end":{"line":223,"column":87}}},"fnMap":{"0":{"name":"(anonymous_0)","decl":{"start":{"line":7,"column":19},"end":{"line":7,"column":20}},"loc":{"start":{"line":7,"column":31},"end":{"line":7,"column":561}},"line":7},"1":{"name":"defineProperties","decl":{"start":{"line":7,"column":42},"end":{"line":7,"column":58}},"loc":{"start":{"line":7,"column":74},"end":{"line":7,"column":349}},"line":7},"2":{"name":"(anonymous_2)","decl":{"start":{"line":7,"column":357},"end":{"line":7,"column":358}},"loc":{"start":{"line":7,"column":405},"end":{"line":7,"column":558}},"line":7},"3":{"name":"_interopRequireDefault","decl":{"start":{"line":39,"column":9},"end":{"line":39,"column":31}},"loc":{"start":{"line":39,"column":37},"end":{"line":39,"column":95}},"line":39},"4":{"name":"_classCallCheck","decl":{"start":{"line":41,"column":9},"end":{"line":41,"column":24}},"loc":{"start":{"line":41,"column":48},"end":{"line":41,"column":153}},"line":41},"5":{"name":"_possibleConstructorReturn","decl":{"start":{"line":43,"column":9},"end":{"line":43,"column":35}},"loc":{"start":{"line":43,"column":48},"end":{"line":43,"column":240}},"line":43},"6":{"name":"_inherits","decl":{"start":{"line":45,"column":9},"end":{"line":45,"column":18}},"loc":{"start":{"line":45,"column":41},"end":{"line":45,"column":494}},"line":45},"7":{"name":"(anonymous_7)","decl":{"start":{"line":47,"column":12},"end":{"line":47,"column":13}},"loc":{"start":{"line":47,"column":40},"end":{"line":200,"column":1}},"line":47},"8":{"name":"Group","decl":{"start":{"line":50,"column":11},"end":{"line":50,"column":16}},"loc":{"start":{"line":50,"column":24},"end":{"line":65,"column":3}},"line":50},"9":{"name":"componentWillMount","decl":{"start":{"line":69,"column":20},"end":{"line":69,"column":38}},"loc":{"start":{"line":69,"column":41},"end":{"line":80,"column":5}},"line":69},"10":{"name":"(anonymous_10)","decl":{"start":{"line":73,"column":64},"end":{"line":73,"column":65}},"loc":{"start":{"line":73,"column":82},"end":{"line":79,"column":7}},"line":73},"11":{"name":"(anonymous_11)","decl":{"start":{"line":75,"column":80},"end":{"line":75,"column":81}},"loc":{"start":{"line":75,"column":100},"end":{"line":78,"column":9}},"line":75},"12":{"name":"loadMessages","decl":{"start":{"line":83,"column":20},"end":{"line":83,"column":32}},"loc":{"start":{"line":83,"column":43},"end":{"line":86,"column":5}},"line":83},"13":{"name":"filterMessages","decl":{"start":{"line":89,"column":20},"end":{"line":89,"column":34}},"loc":{"start":{"line":89,"column":38},"end":{"line":130,"column":5}},"line":89},"14":{"name":"(anonymous_14)","decl":{"start":{"line":94,"column":42},"end":{"line":94,"column":43}},"loc":{"start":{"line":94,"column":61},"end":{"line":101,"column":9}},"line":94},"15":{"name":"(anonymous_15)","decl":{"start":{"line":110,"column":44},"end":{"line":110,"column":45}},"loc":{"start":{"line":110,"column":63},"end":{"line":115,"column":9}},"line":110},"16":{"name":"render","decl":{"start":{"line":133,"column":20},"end":{"line":133,"column":26}},"loc":{"start":{"line":133,"column":29},"end":{"line":196,"column":5}},"line":133},"17":{"name":"mapStateToProps","decl":{"start":{"line":202,"column":31},"end":{"line":202,"column":46}},"loc":{"start":{"line":202,"column":54},"end":{"line":207,"column":1}},"line":202},"18":{"name":"mapDispatchToProps","decl":{"start":{"line":209,"column":34},"end":{"line":209,"column":52}},"loc":{"start":{"line":209,"column":63},"end":{"line":221,"column":1}},"line":209},"19":{"name":"loadMessages","decl":{"start":{"line":211,"column":27},"end":{"line":211,"column":39}},"loc":{"start":{"line":211,"column":53},"end":{"line":213,"column":5}},"line":211},"20":{"name":"onLogout","decl":{"start":{"line":214,"column":23},"end":{"line":214,"column":31}},"loc":{"start":{"line":214,"column":34},"end":{"line":216,"column":5}},"line":214},"21":{"name":"onLoginUser","decl":{"start":{"line":217,"column":26},"end":{"line":217,"column":37}},"loc":{"start":{"line":217,"column":44},"end":{"line":219,"column":5}},"line":217}},"branchMap":{"0":{"loc":{"start":{"line":7,"column":168},"end":{"line":7,"column":198}},"type":"binary-expr","locations":[{"start":{"line":7,"column":168},"end":{"line":7,"column":189}},{"start":{"line":7,"column":193},"end":{"line":7,"column":198}}],"line":7},"1":{"loc":{"start":{"line":7,"column":232},"end":{"line":7,"column":286}},"type":"if","locations":[{"start":{"line":7,"column":232},"end":{"line":7,"column":286}},{"start":{"line":7,"column":232},"end":{"line":7,"column":286}}],"line":7},"2":{"loc":{"start":{"line":7,"column":407},"end":{"line":7,"column":475}},"type":"if","locations":[{"start":{"line":7,"column":407},"end":{"line":7,"column":475}},{"start":{"line":7,"column":407},"end":{"line":7,"column":475}}],"line":7},"3":{"loc":{"start":{"line":7,"column":476},"end":{"line":7,"column":536}},"type":"if","locations":[{"start":{"line":7,"column":476},"end":{"line":7,"column":536}},{"start":{"line":7,"column":476},"end":{"line":7,"column":536}}],"line":7},"4":{"loc":{"start":{"line":39,"column":46},"end":{"line":39,"column":92}},"type":"cond-expr","locations":[{"start":{"line":39,"column":70},"end":{"line":39,"column":73}},{"start":{"line":39,"column":76},"end":{"line":39,"column":92}}],"line":39},"5":{"loc":{"start":{"line":39,"column":46},"end":{"line":39,"column":67}},"type":"binary-expr","locations":[{"start":{"line":39,"column":46},"end":{"line":39,"column":49}},{"start":{"line":39,"column":53},"end":{"line":39,"column":67}}],"line":39},"6":{"loc":{"start":{"line":41,"column":50},"end":{"line":41,"column":151}},"type":"if","locations":[{"start":{"line":41,"column":50},"end":{"line":41,"column":151}},{"start":{"line":41,"column":50},"end":{"line":41,"column":151}}],"line":41},"7":{"loc":{"start":{"line":43,"column":50},"end":{"line":43,"column":151}},"type":"if","locations":[{"start":{"line":43,"column":50},"end":{"line":43,"column":151}},{"start":{"line":43,"column":50},"end":{"line":43,"column":151}}],"line":43},"8":{"loc":{"start":{"line":43,"column":159},"end":{"line":43,"column":237}},"type":"cond-expr","locations":[{"start":{"line":43,"column":226},"end":{"line":43,"column":230}},{"start":{"line":43,"column":233},"end":{"line":43,"column":237}}],"line":43},"9":{"loc":{"start":{"line":43,"column":159},"end":{"line":43,"column":223}},"type":"binary-expr","locations":[{"start":{"line":43,"column":159},"end":{"line":43,"column":163}},{"start":{"line":43,"column":168},"end":{"line":43,"column":192}},{"start":{"line":43,"column":196},"end":{"line":43,"column":222}}],"line":43},"10":{"loc":{"start":{"line":45,"column":43},"end":{"line":45,"column":208}},"type":"if","locations":[{"start":{"line":45,"column":43},"end":{"line":45,"column":208}},{"start":{"line":45,"column":43},"end":{"line":45,"column":208}}],"line":45},"11":{"loc":{"start":{"line":45,"column":47},"end":{"line":45,"column":102}},"type":"binary-expr","locations":[{"start":{"line":45,"column":47},"end":{"line":45,"column":79}},{"start":{"line":45,"column":83},"end":{"line":45,"column":102}}],"line":45},"12":{"loc":{"start":{"line":45,"column":244},"end":{"line":45,"column":278}},"type":"binary-expr","locations":[{"start":{"line":45,"column":244},"end":{"line":45,"column":254}},{"start":{"line":45,"column":258},"end":{"line":45,"column":278}}],"line":45},"13":{"loc":{"start":{"line":45,"column":374},"end":{"line":45,"column":492}},"type":"if","locations":[{"start":{"line":45,"column":374},"end":{"line":45,"column":492}},{"start":{"line":45,"column":374},"end":{"line":45,"column":492}}],"line":45},"14":{"loc":{"start":{"line":45,"column":390},"end":{"line":45,"column":491}},"type":"cond-expr","locations":[{"start":{"line":45,"column":414},"end":{"line":45,"column":457}},{"start":{"line":45,"column":460},"end":{"line":45,"column":491}}],"line":45},"15":{"loc":{"start":{"line":53,"column":50},"end":{"line":53,"column":97}},"type":"binary-expr","locations":[{"start":{"line":53,"column":50},"end":{"line":53,"column":65}},{"start":{"line":53,"column":69},"end":{"line":53,"column":97}}],"line":53},"16":{"loc":{"start":{"line":92,"column":6},"end":{"line":107,"column":7}},"type":"if","locations":[{"start":{"line":92,"column":6},"end":{"line":107,"column":7}},{"start":{"line":92,"column":6},"end":{"line":107,"column":7}}],"line":92},"17":{"loc":{"start":{"line":95,"column":10},"end":{"line":99,"column":11}},"type":"if","locations":[{"start":{"line":95,"column":10},"end":{"line":99,"column":11}},{"start":{"line":95,"column":10},"end":{"line":99,"column":11}}],"line":95},"18":{"loc":{"start":{"line":96,"column":12},"end":{"line":98,"column":13}},"type":"if","locations":[{"start":{"line":96,"column":12},"end":{"line":98,"column":13}},{"start":{"line":96,"column":12},"end":{"line":98,"column":13}}],"line":96},"19":{"loc":{"start":{"line":108,"column":6},"end":{"line":121,"column":7}},"type":"if","locations":[{"start":{"line":108,"column":6},"end":{"line":121,"column":7}},{"start":{"line":108,"column":6},"end":{"line":121,"column":7}}],"line":108},"20":{"loc":{"start":{"line":111,"column":10},"end":{"line":113,"column":11}},"type":"if","locations":[{"start":{"line":111,"column":10},"end":{"line":113,"column":11}},{"start":{"line":111,"column":10},"end":{"line":113,"column":11}}],"line":111},"21":{"loc":{"start":{"line":122,"column":6},"end":{"line":128,"column":7}},"type":"if","locations":[{"start":{"line":122,"column":6},"end":{"line":128,"column":7}},{"start":{"line":122,"column":6},"end":{"line":128,"column":7}}],"line":122},"22":{"loc":{"start":{"line":189,"column":16},"end":{"line":189,"column":174}},"type":"cond-expr","locations":[{"start":{"line":189,"column":44},"end":{"line":189,"column":62}},{"start":{"line":189,"column":65},"end":{"line":189,"column":174}}],"line":189}},"s":{"0":1,"1":1,"2":1,"3":4,"4":4,"5":4,"6":4,"7":4,"8":4,"9":1,"10":1,"11":1,"12":1,"13":0,"14":1,"15":1,"16":1,"17":1,"18":1,"19":1,"20":1,"21":1,"22":1,"23":1,"24":1,"25":1,"26":1,"27":1,"28":1,"29":1,"30":6,"31":0,"32":0,"33":0,"34":0,"35":0,"36":1,"37":0,"38":1,"39":1,"40":1,"41":1,"42":1,"43":0,"44":0,"45":0,"46":0,"47":0,"48":0,"49":1,"50":0,"51":0,"52":0,"53":0,"54":0,"55":0,"56":0,"57":0,"58":0,"59":0,"60":0,"61":0,"62":0,"63":0,"64":0,"65":0,"66":0,"67":0,"68":0,"69":0,"70":0,"71":0,"72":0,"73":0,"74":0,"75":0,"76":0,"77":0,"78":0,"79":0,"80":0,"81":0,"82":0,"83":0,"84":0,"85":0,"86":0,"87":0,"88":0,"89":0,"90":0,"91":0,"92":1,"93":1,"94":0,"95":1,"96":0,"97":0,"98":0,"99":0,"100":1},"f":{"0":1,"1":1,"2":1,"3":6,"4":0,"5":0,"6":1,"7":1,"8":0,"9":0,"10":0,"11":0,"12":0,"13":0,"14":0,"15":0,"16":0,"17":0,"18":0,"19":0,"20":0,"21":0},"b":{"0":[4,4],"1":[4,0],"2":[1,0],"3":[0,1],"4":[5,1],"5":[6,6],"6":[0,0],"7":[0,0],"8":[0,0],"9":[0,0,0],"10":[0,1],"11":[1,0],"12":[1,1],"13":[1,0],"14":[1,0],"15":[0,0],"16":[0,0],"17":[0,0],"18":[0,0],"19":[0,0],"20":[0,0],"21":[0,0],"22":[0,0]},"_coverageSchema":"332fd63041d2c1bcb487cc26dd0d5f7d97098a6c","hash":"ae99adb6bb3a3bf19057b320b366a96f5f6dc5af","contentHash":"53b696ad4002ce4bdc27fd8b825614f6_11.1.0"},"/Users/andeladeveloper/Desktop/workspace/postit/client/js/components/presentational/index.js":{"path":"/Users/andeladeveloper/Desktop/workspace/postit/client/js/components/presentational/index.js","statementMap":{"0":{"start":{"line":3,"column":0},"end":{"line":5,"column":3}},"1":{"start":{"line":6,"column":0},"end":{"line":6,"column":186}},"2":{"start":{"line":8,"column":12},"end":{"line":8,"column":29}},"3":{"start":{"line":10,"column":13},"end":{"line":10,"column":42}},"4":{"start":{"line":12,"column":14},"end":{"line":12,"column":33}},"5":{"start":{"line":14,"column":15},"end":{"line":14,"column":46}},"6":{"start":{"line":16,"column":14},"end":{"line":16,"column":45}},"7":{"start":{"line":18,"column":15},"end":{"line":18,"column":46}},"8":{"start":{"line":20,"column":14},"end":{"line":20,"column":33}},"9":{"start":{"line":22,"column":15},"end":{"line":22,"column":46}},"10":{"start":{"line":24,"column":16},"end":{"line":24,"column":38}},"11":{"start":{"line":26,"column":17},"end":{"line":26,"column":50}},"12":{"start":{"line":28,"column":14},"end":{"line":28,"column":33}},"13":{"start":{"line":30,"column":15},"end":{"line":30,"column":46}},"14":{"start":{"line":32,"column":23},"end":{"line":32,"column":52}},"15":{"start":{"line":34,"column":24},"end":{"line":34,"column":64}},"16":{"start":{"line":36,"column":19},"end":{"line":36,"column":44}},"17":{"start":{"line":38,"column":20},"end":{"line":38,"column":56}},"18":{"start":{"line":40,"column":16},"end":{"line":40,"column":37}},"19":{"start":{"line":42,"column":17},"end":{"line":42,"column":50}},"20":{"start":{"line":44,"column":12},"end":{"line":44,"column":29}},"21":{"start":{"line":46,"column":13},"end":{"line":46,"column":42}},"22":{"start":{"line":48,"column":39},"end":{"line":48,"column":93}},"23":{"start":{"line":50,"column":0},"end":{"line":50,"column":30}},"24":{"start":{"line":51,"column":0},"end":{"line":51,"column":34}},"25":{"start":{"line":52,"column":0},"end":{"line":52,"column":34}},"26":{"start":{"line":53,"column":0},"end":{"line":53,"column":34}},"27":{"start":{"line":54,"column":0},"end":{"line":54,"column":34}},"28":{"start":{"line":55,"column":0},"end":{"line":55,"column":38}},"29":{"start":{"line":56,"column":0},"end":{"line":56,"column":44}},"30":{"start":{"line":57,"column":0},"end":{"line":57,"column":44}},"31":{"start":{"line":58,"column":0},"end":{"line":58,"column":38}},"32":{"start":{"line":59,"column":0},"end":{"line":59,"column":30}}},"fnMap":{"0":{"name":"_interopRequireDefault","decl":{"start":{"line":48,"column":9},"end":{"line":48,"column":31}},"loc":{"start":{"line":48,"column":37},"end":{"line":48,"column":95}},"line":48}},"branchMap":{"0":{"loc":{"start":{"line":48,"column":46},"end":{"line":48,"column":92}},"type":"cond-expr","locations":[{"start":{"line":48,"column":70},"end":{"line":48,"column":73}},{"start":{"line":48,"column":76},"end":{"line":48,"column":92}}],"line":48},"1":{"loc":{"start":{"line":48,"column":46},"end":{"line":48,"column":67}},"type":"binary-expr","locations":[{"start":{"line":48,"column":46},"end":{"line":48,"column":49}},{"start":{"line":48,"column":53},"end":{"line":48,"column":67}}],"line":48}},"s":{"0":1,"1":1,"2":1,"3":1,"4":1,"5":1,"6":1,"7":1,"8":1,"9":1,"10":1,"11":1,"12":1,"13":1,"14":1,"15":1,"16":1,"17":1,"18":1,"19":1,"20":1,"21":1,"22":10,"23":1,"24":1,"25":1,"26":1,"27":1,"28":1,"29":1,"30":1,"31":1,"32":1},"f":{"0":10},"b":{"0":[10,0],"1":[10,10]},"_coverageSchema":"332fd63041d2c1bcb487cc26dd0d5f7d97098a6c","hash":"447ca73884f5887a6754b45eb03103ba5e3d2d3c","contentHash":"5d5821838846396a98a064de4615a3a1_11.1.0"},"/Users/andeladeveloper/Desktop/workspace/postit/client/js/components/presentational/home.js":{"path":"/Users/andeladeveloper/Desktop/workspace/postit/client/js/components/presentational/home.js","statementMap":{"0":{"start":{"line":3,"column":0},"end":{"line":5,"column":3}},"1":{"start":{"line":7,"column":13},"end":{"line":7,"column":29}},"2":{"start":{"line":9,"column":14},"end":{"line":9,"column":44}},"3":{"start":{"line":11,"column":8},"end":{"line":11,"column":21}},"4":{"start":{"line":13,"column":39},"end":{"line":13,"column":93}},"5":{"start":{"line":15,"column":11},"end":{"line":83,"column":1}},"6":{"start":{"line":16,"column":4},"end":{"line":82,"column":6}},"7":{"start":{"line":85,"column":0},"end":{"line":85,"column":23}}},"fnMap":{"0":{"name":"_interopRequireDefault","decl":{"start":{"line":13,"column":9},"end":{"line":13,"column":31}},"loc":{"start":{"line":13,"column":37},"end":{"line":13,"column":95}},"line":13},"1":{"name":"Home","decl":{"start":{"line":15,"column":20},"end":{"line":15,"column":24}},"loc":{"start":{"line":15,"column":27},"end":{"line":83,"column":1}},"line":15}},"branchMap":{"0":{"loc":{"start":{"line":13,"column":46},"end":{"line":13,"column":92}},"type":"cond-expr","locations":[{"start":{"line":13,"column":70},"end":{"line":13,"column":73}},{"start":{"line":13,"column":76},"end":{"line":13,"column":92}}],"line":13},"1":{"loc":{"start":{"line":13,"column":46},"end":{"line":13,"column":67}},"type":"binary-expr","locations":[{"start":{"line":13,"column":46},"end":{"line":13,"column":49}},{"start":{"line":13,"column":53},"end":{"line":13,"column":67}}],"line":13}},"s":{"0":1,"1":1,"2":1,"3":1,"4":1,"5":1,"6":0,"7":1},"f":{"0":1,"1":0},"b":{"0":[0,1],"1":[1,1]},"_coverageSchema":"332fd63041d2c1bcb487cc26dd0d5f7d97098a6c","hash":"cbac0434ee47960d1950fa5653980bcad455f346","contentHash":"0f31e4bf8c4d7043357424e42e8e279c_11.1.0"},"/Users/andeladeveloper/Desktop/workspace/postit/client/js/components/presentational/groups.js":{"path":"/Users/andeladeveloper/Desktop/workspace/postit/client/js/components/presentational/groups.js","statementMap":{"0":{"start":{"line":3,"column":0},"end":{"line":5,"column":3}},"1":{"start":{"line":7,"column":19},"end":{"line":7,"column":563}},"2":{"start":{"line":7,"column":76},"end":{"line":7,"column":347}},"3":{"start":{"line":7,"column":134},"end":{"line":7,"column":142}},"4":{"start":{"line":7,"column":144},"end":{"line":7,"column":199}},"5":{"start":{"line":7,"column":200},"end":{"line":7,"column":231}},"6":{"start":{"line":7,"column":232},"end":{"line":7,"column":286}},"7":{"start":{"line":7,"column":259},"end":{"line":7,"column":286}},"8":{"start":{"line":7,"column":287},"end":{"line":7,"column":345}},"9":{"start":{"line":7,"column":350},"end":{"line":7,"column":559}},"10":{"start":{"line":7,"column":407},"end":{"line":7,"column":475}},"11":{"start":{"line":7,"column":423},"end":{"line":7,"column":475}},"12":{"start":{"line":7,"column":476},"end":{"line":7,"column":536}},"13":{"start":{"line":7,"column":493},"end":{"line":7,"column":536}},"14":{"start":{"line":7,"column":537},"end":{"line":7,"column":556}},"15":{"start":{"line":9,"column":13},"end":{"line":9,"column":29}},"16":{"start":{"line":11,"column":14},"end":{"line":11,"column":44}},"17":{"start":{"line":13,"column":18},"end":{"line":13,"column":40}},"18":{"start":{"line":15,"column":27},"end":{"line":15,"column":71}},"19":{"start":{"line":17,"column":28},"end":{"line":17,"column":72}},"20":{"start":{"line":19,"column":39},"end":{"line":19,"column":93}},"21":{"start":{"line":21,"column":50},"end":{"line":21,"column":151}},"22":{"start":{"line":21,"column":92},"end":{"line":21,"column":149}},"23":{"start":{"line":23,"column":50},"end":{"line":23,"column":151}},"24":{"start":{"line":23,"column":63},"end":{"line":23,"column":149}},"25":{"start":{"line":23,"column":152},"end":{"line":23,"column":238}},"26":{"start":{"line":25,"column":43},"end":{"line":25,"column":208}},"27":{"start":{"line":25,"column":106},"end":{"line":25,"column":206}},"28":{"start":{"line":25,"column":209},"end":{"line":25,"column":373}},"29":{"start":{"line":25,"column":374},"end":{"line":25,"column":492}},"30":{"start":{"line":25,"column":390},"end":{"line":25,"column":492}},"31":{"start":{"line":27,"column":13},"end":{"line":75,"column":28}},"32":{"start":{"line":28,"column":2},"end":{"line":28,"column":38}},"33":{"start":{"line":31,"column":4},"end":{"line":31,"column":34}},"34":{"start":{"line":33,"column":4},"end":{"line":33,"column":115}},"35":{"start":{"line":36,"column":2},"end":{"line":72,"column":6}},"36":{"start":{"line":39,"column":19},"end":{"line":39,"column":36}},"37":{"start":{"line":41,"column":6},"end":{"line":70,"column":8}},"38":{"start":{"line":45,"column":10},"end":{"line":68,"column":12}},"39":{"start":{"line":74,"column":2},"end":{"line":74,"column":16}},"40":{"start":{"line":77,"column":0},"end":{"line":77,"column":25}}},"fnMap":{"0":{"name":"(anonymous_0)","decl":{"start":{"line":7,"column":19},"end":{"line":7,"column":20}},"loc":{"start":{"line":7,"column":31},"end":{"line":7,"column":561}},"line":7},"1":{"name":"defineProperties","decl":{"start":{"line":7,"column":42},"end":{"line":7,"column":58}},"loc":{"start":{"line":7,"column":74},"end":{"line":7,"column":349}},"line":7},"2":{"name":"(anonymous_2)","decl":{"start":{"line":7,"column":357},"end":{"line":7,"column":358}},"loc":{"start":{"line":7,"column":405},"end":{"line":7,"column":558}},"line":7},"3":{"name":"_interopRequireDefault","decl":{"start":{"line":19,"column":9},"end":{"line":19,"column":31}},"loc":{"start":{"line":19,"column":37},"end":{"line":19,"column":95}},"line":19},"4":{"name":"_classCallCheck","decl":{"start":{"line":21,"column":9},"end":{"line":21,"column":24}},"loc":{"start":{"line":21,"column":48},"end":{"line":21,"column":153}},"line":21},"5":{"name":"_possibleConstructorReturn","decl":{"start":{"line":23,"column":9},"end":{"line":23,"column":35}},"loc":{"start":{"line":23,"column":48},"end":{"line":23,"column":240}},"line":23},"6":{"name":"_inherits","decl":{"start":{"line":25,"column":9},"end":{"line":25,"column":18}},"loc":{"start":{"line":25,"column":41},"end":{"line":25,"column":494}},"line":25},"7":{"name":"(anonymous_7)","decl":{"start":{"line":27,"column":13},"end":{"line":27,"column":14}},"loc":{"start":{"line":27,"column":41},"end":{"line":75,"column":1}},"line":27},"8":{"name":"Groups","decl":{"start":{"line":30,"column":11},"end":{"line":30,"column":17}},"loc":{"start":{"line":30,"column":25},"end":{"line":34,"column":3}},"line":30},"9":{"name":"render","decl":{"start":{"line":38,"column":20},"end":{"line":38,"column":26}},"loc":{"start":{"line":38,"column":29},"end":{"line":71,"column":5}},"line":38},"10":{"name":"(anonymous_10)","decl":{"start":{"line":44,"column":41},"end":{"line":44,"column":42}},"loc":{"start":{"line":44,"column":58},"end":{"line":69,"column":9}},"line":44}},"branchMap":{"0":{"loc":{"start":{"line":7,"column":168},"end":{"line":7,"column":198}},"type":"binary-expr","locations":[{"start":{"line":7,"column":168},"end":{"line":7,"column":189}},{"start":{"line":7,"column":193},"end":{"line":7,"column":198}}],"line":7},"1":{"loc":{"start":{"line":7,"column":232},"end":{"line":7,"column":286}},"type":"if","locations":[{"start":{"line":7,"column":232},"end":{"line":7,"column":286}},{"start":{"line":7,"column":232},"end":{"line":7,"column":286}}],"line":7},"2":{"loc":{"start":{"line":7,"column":407},"end":{"line":7,"column":475}},"type":"if","locations":[{"start":{"line":7,"column":407},"end":{"line":7,"column":475}},{"start":{"line":7,"column":407},"end":{"line":7,"column":475}}],"line":7},"3":{"loc":{"start":{"line":7,"column":476},"end":{"line":7,"column":536}},"type":"if","locations":[{"start":{"line":7,"column":476},"end":{"line":7,"column":536}},{"start":{"line":7,"column":476},"end":{"line":7,"column":536}}],"line":7},"4":{"loc":{"start":{"line":19,"column":46},"end":{"line":19,"column":92}},"type":"cond-expr","locations":[{"start":{"line":19,"column":70},"end":{"line":19,"column":73}},{"start":{"line":19,"column":76},"end":{"line":19,"column":92}}],"line":19},"5":{"loc":{"start":{"line":19,"column":46},"end":{"line":19,"column":67}},"type":"binary-expr","locations":[{"start":{"line":19,"column":46},"end":{"line":19,"column":49}},{"start":{"line":19,"column":53},"end":{"line":19,"column":67}}],"line":19},"6":{"loc":{"start":{"line":21,"column":50},"end":{"line":21,"column":151}},"type":"if","locations":[{"start":{"line":21,"column":50},"end":{"line":21,"column":151}},{"start":{"line":21,"column":50},"end":{"line":21,"column":151}}],"line":21},"7":{"loc":{"start":{"line":23,"column":50},"end":{"line":23,"column":151}},"type":"if","locations":[{"start":{"line":23,"column":50},"end":{"line":23,"column":151}},{"start":{"line":23,"column":50},"end":{"line":23,"column":151}}],"line":23},"8":{"loc":{"start":{"line":23,"column":159},"end":{"line":23,"column":237}},"type":"cond-expr","locations":[{"start":{"line":23,"column":226},"end":{"line":23,"column":230}},{"start":{"line":23,"column":233},"end":{"line":23,"column":237}}],"line":23},"9":{"loc":{"start":{"line":23,"column":159},"end":{"line":23,"column":223}},"type":"binary-expr","locations":[{"start":{"line":23,"column":159},"end":{"line":23,"column":163}},{"start":{"line":23,"column":168},"end":{"line":23,"column":192}},{"start":{"line":23,"column":196},"end":{"line":23,"column":222}}],"line":23},"10":{"loc":{"start":{"line":25,"column":43},"end":{"line":25,"column":208}},"type":"if","locations":[{"start":{"line":25,"column":43},"end":{"line":25,"column":208}},{"start":{"line":25,"column":43},"end":{"line":25,"column":208}}],"line":25},"11":{"loc":{"start":{"line":25,"column":47},"end":{"line":25,"column":102}},"type":"binary-expr","locations":[{"start":{"line":25,"column":47},"end":{"line":25,"column":79}},{"start":{"line":25,"column":83},"end":{"line":25,"column":102}}],"line":25},"12":{"loc":{"start":{"line":25,"column":244},"end":{"line":25,"column":278}},"type":"binary-expr","locations":[{"start":{"line":25,"column":244},"end":{"line":25,"column":254}},{"start":{"line":25,"column":258},"end":{"line":25,"column":278}}],"line":25},"13":{"loc":{"start":{"line":25,"column":374},"end":{"line":25,"column":492}},"type":"if","locations":[{"start":{"line":25,"column":374},"end":{"line":25,"column":492}},{"start":{"line":25,"column":374},"end":{"line":25,"column":492}}],"line":25},"14":{"loc":{"start":{"line":25,"column":390},"end":{"line":25,"column":491}},"type":"cond-expr","locations":[{"start":{"line":25,"column":414},"end":{"line":25,"column":457}},{"start":{"line":25,"column":460},"end":{"line":25,"column":491}}],"line":25},"15":{"loc":{"start":{"line":33,"column":45},"end":{"line":33,"column":94}},"type":"binary-expr","locations":[{"start":{"line":33,"column":45},"end":{"line":33,"column":61}},{"start":{"line":33,"column":65},"end":{"line":33,"column":94}}],"line":33},"16":{"loc":{"start":{"line":44,"column":8},"end":{"line":69,"column":45}},"type":"cond-expr","locations":[{"start":{"line":44,"column":30},"end":{"line":69,"column":10}},{"start":{"line":69,"column":13},"end":{"line":69,"column":45}}],"line":44},"17":{"loc":{"start":{"line":52,"column":14},"end":{"line":56,"column":15}},"type":"cond-expr","locations":[{"start":{"line":52,"column":34},"end":{"line":52,"column":36}},{"start":{"line":52,"column":39},"end":{"line":56,"column":15}}],"line":52}},"s":{"0":1,"1":1,"2":1,"3":1,"4":1,"5":1,"6":1,"7":1,"8":1,"9":1,"10":1,"11":1,"12":1,"13":0,"14":1,"15":1,"16":1,"17":1,"18":1,"19":1,"20":2,"21":0,"22":0,"23":0,"24":0,"25":0,"26":1,"27":0,"28":1,"29":1,"30":1,"31":1,"32":1,"33":0,"34":0,"35":1,"36":0,"37":0,"38":0,"39":1,"40":1},"f":{"0":1,"1":1,"2":1,"3":2,"4":0,"5":0,"6":1,"7":1,"8":0,"9":0,"10":0},"b":{"0":[1,1],"1":[1,0],"2":[1,0],"3":[0,1],"4":[1,1],"5":[2,2],"6":[0,0],"7":[0,0],"8":[0,0],"9":[0,0,0],"10":[0,1],"11":[1,0],"12":[1,1],"13":[1,0],"14":[1,0],"15":[0,0],"16":[0,0],"17":[0,0]},"_coverageSchema":"332fd63041d2c1bcb487cc26dd0d5f7d97098a6c","hash":"df4067815704b66118888044e896259293a22d33","contentHash":"47bec22def3540629f528fbdddb39db1_11.1.0"},"/Users/andeladeveloper/Desktop/workspace/postit/client/js/actions/changeSelectedGroup.js":{"path":"/Users/andeladeveloper/Desktop/workspace/postit/client/js/actions/changeSelectedGroup.js","statementMap":{"0":{"start":{"line":3,"column":0},"end":{"line":5,"column":3}},"1":{"start":{"line":6,"column":26},"end":{"line":11,"column":1}},"2":{"start":{"line":7,"column":2},"end":{"line":10,"column":4}},"3":{"start":{"line":13,"column":0},"end":{"line":13,"column":38}}},"fnMap":{"0":{"name":"changeSelectedGroup","decl":{"start":{"line":6,"column":35},"end":{"line":6,"column":54}},"loc":{"start":{"line":6,"column":62},"end":{"line":11,"column":1}},"line":6}},"branchMap":{},"s":{"0":1,"1":1,"2":0,"3":1},"f":{"0":0},"b":{},"_coverageSchema":"332fd63041d2c1bcb487cc26dd0d5f7d97098a6c","hash":"35d4aefb757ee2d3b9768513ed9b1cff182a3003","contentHash":"6ceed936950cf706cf31b09324bfd689_11.1.0"},"/Users/andeladeveloper/Desktop/workspace/postit/client/js/components/containers/header.js":{"path":"/Users/andeladeveloper/Desktop/workspace/postit/client/js/components/containers/header.js","statementMap":{"0":{"start":{"line":3,"column":0},"end":{"line":5,"column":3}},"1":{"start":{"line":7,"column":13},"end":{"line":7,"column":29}},"2":{"start":{"line":9,"column":14},"end":{"line":9,"column":44}},"3":{"start":{"line":11,"column":18},"end":{"line":11,"column":40}},"4":{"start":{"line":13,"column":39},"end":{"line":13,"column":93}},"5":{"start":{"line":15,"column":13},"end":{"line":46,"column":1}},"6":{"start":{"line":16,"column":18},"end":{"line":16,"column":27}},"7":{"start":{"line":17,"column":13},"end":{"line":17,"column":55}},"8":{"start":{"line":19,"column":2},"end":{"line":19,"column":26}},"9":{"start":{"line":20,"column":2},"end":{"line":45,"column":4}},"10":{"start":{"line":48,"column":22},"end":{"line":52,"column":1}},"11":{"start":{"line":49,"column":2},"end":{"line":51,"column":4}},"12":{"start":{"line":53,"column":0},"end":{"line":53,"column":74}}},"fnMap":{"0":{"name":"_interopRequireDefault","decl":{"start":{"line":13,"column":9},"end":{"line":13,"column":31}},"loc":{"start":{"line":13,"column":37},"end":{"line":13,"column":95}},"line":13},"1":{"name":"Header","decl":{"start":{"line":15,"column":22},"end":{"line":15,"column":28}},"loc":{"start":{"line":15,"column":35},"end":{"line":46,"column":1}},"line":15},"2":{"name":"mapStateToProps","decl":{"start":{"line":48,"column":31},"end":{"line":48,"column":46}},"loc":{"start":{"line":48,"column":54},"end":{"line":52,"column":1}},"line":48}},"branchMap":{"0":{"loc":{"start":{"line":13,"column":46},"end":{"line":13,"column":92}},"type":"cond-expr","locations":[{"start":{"line":13,"column":70},"end":{"line":13,"column":73}},{"start":{"line":13,"column":76},"end":{"line":13,"column":92}}],"line":13},"1":{"loc":{"start":{"line":13,"column":46},"end":{"line":13,"column":67}},"type":"binary-expr","locations":[{"start":{"line":13,"column":46},"end":{"line":13,"column":49}},{"start":{"line":13,"column":53},"end":{"line":13,"column":67}}],"line":13},"2":{"loc":{"start":{"line":17,"column":13},"end":{"line":17,"column":55}},"type":"cond-expr","locations":[{"start":{"line":17,"column":39},"end":{"line":17,"column":43}},{"start":{"line":17,"column":46},"end":{"line":17,"column":55}}],"line":17},"3":{"loc":{"start":{"line":38,"column":6},"end":{"line":43,"column":7}},"type":"cond-expr","locations":[{"start":{"line":38,"column":32},"end":{"line":38,"column":34}},{"start":{"line":38,"column":37},"end":{"line":43,"column":7}}],"line":38}},"s":{"0":1,"1":1,"2":1,"3":1,"4":1,"5":1,"6":0,"7":0,"8":0,"9":0,"10":1,"11":0,"12":1},"f":{"0":1,"1":0,"2":0},"b":{"0":[0,1],"1":[1,1],"2":[0,0],"3":[0,0]},"_coverageSchema":"332fd63041d2c1bcb487cc26dd0d5f7d97098a6c","hash":"564349d55ff8938dd4cc4760a0f220d5b53f14c0","contentHash":"c8af84a2b74f4695431cd10539e87fc3_11.1.0"},"/Users/andeladeveloper/Desktop/workspace/postit/client/js/components/presentational/footer.js":{"path":"/Users/andeladeveloper/Desktop/workspace/postit/client/js/components/presentational/footer.js","statementMap":{"0":{"start":{"line":3,"column":0},"end":{"line":5,"column":3}},"1":{"start":{"line":7,"column":13},"end":{"line":7,"column":29}},"2":{"start":{"line":9,"column":14},"end":{"line":9,"column":44}},"3":{"start":{"line":11,"column":39},"end":{"line":11,"column":93}},"4":{"start":{"line":13,"column":13},"end":{"line":70,"column":1}},"5":{"start":{"line":14,"column":4},"end":{"line":69,"column":6}},"6":{"start":{"line":72,"column":0},"end":{"line":72,"column":25}}},"fnMap":{"0":{"name":"_interopRequireDefault","decl":{"start":{"line":11,"column":9},"end":{"line":11,"column":31}},"loc":{"start":{"line":11,"column":37},"end":{"line":11,"column":95}},"line":11},"1":{"name":"Footer","decl":{"start":{"line":13,"column":22},"end":{"line":13,"column":28}},"loc":{"start":{"line":13,"column":31},"end":{"line":70,"column":1}},"line":13}},"branchMap":{"0":{"loc":{"start":{"line":11,"column":46},"end":{"line":11,"column":92}},"type":"cond-expr","locations":[{"start":{"line":11,"column":70},"end":{"line":11,"column":73}},{"start":{"line":11,"column":76},"end":{"line":11,"column":92}}],"line":11},"1":{"loc":{"start":{"line":11,"column":46},"end":{"line":11,"column":67}},"type":"binary-expr","locations":[{"start":{"line":11,"column":46},"end":{"line":11,"column":49}},{"start":{"line":11,"column":53},"end":{"line":11,"column":67}}],"line":11}},"s":{"0":1,"1":1,"2":1,"3":1,"4":1,"5":0,"6":1},"f":{"0":1,"1":0},"b":{"0":[0,1],"1":[1,1]},"_coverageSchema":"332fd63041d2c1bcb487cc26dd0d5f7d97098a6c","hash":"c0d00e4d17304302a4fc6f1abafab2b25ee11372","contentHash":"e4be87efab47970a16229dfcf810770c_11.1.0"},"/Users/andeladeveloper/Desktop/workspace/postit/client/js/components/presentational/new-group.js":{"path":"/Users/andeladeveloper/Desktop/workspace/postit/client/js/components/presentational/new-group.js","statementMap":{"0":{"start":{"line":3,"column":0},"end":{"line":5,"column":3}},"1":{"start":{"line":7,"column":19},"end":{"line":7,"column":563}},"2":{"start":{"line":7,"column":76},"end":{"line":7,"column":347}},"3":{"start":{"line":7,"column":134},"end":{"line":7,"column":142}},"4":{"start":{"line":7,"column":144},"end":{"line":7,"column":199}},"5":{"start":{"line":7,"column":200},"end":{"line":7,"column":231}},"6":{"start":{"line":7,"column":232},"end":{"line":7,"column":286}},"7":{"start":{"line":7,"column":259},"end":{"line":7,"column":286}},"8":{"start":{"line":7,"column":287},"end":{"line":7,"column":345}},"9":{"start":{"line":7,"column":350},"end":{"line":7,"column":559}},"10":{"start":{"line":7,"column":407},"end":{"line":7,"column":475}},"11":{"start":{"line":7,"column":423},"end":{"line":7,"column":475}},"12":{"start":{"line":7,"column":476},"end":{"line":7,"column":536}},"13":{"start":{"line":7,"column":493},"end":{"line":7,"column":536}},"14":{"start":{"line":7,"column":537},"end":{"line":7,"column":556}},"15":{"start":{"line":9,"column":13},"end":{"line":9,"column":29}},"16":{"start":{"line":11,"column":14},"end":{"line":11,"column":44}},"17":{"start":{"line":13,"column":12},"end":{"line":13,"column":29}},"18":{"start":{"line":15,"column":13},"end":{"line":15,"column":42}},"19":{"start":{"line":17,"column":11},"end":{"line":17,"column":36}},"20":{"start":{"line":19,"column":12},"end":{"line":19,"column":40}},"21":{"start":{"line":21,"column":39},"end":{"line":21,"column":93}},"22":{"start":{"line":23,"column":50},"end":{"line":23,"column":151}},"23":{"start":{"line":23,"column":92},"end":{"line":23,"column":149}},"24":{"start":{"line":25,"column":50},"end":{"line":25,"column":151}},"25":{"start":{"line":25,"column":63},"end":{"line":25,"column":149}},"26":{"start":{"line":25,"column":152},"end":{"line":25,"column":238}},"27":{"start":{"line":27,"column":43},"end":{"line":27,"column":208}},"28":{"start":{"line":27,"column":106},"end":{"line":27,"column":206}},"29":{"start":{"line":27,"column":209},"end":{"line":27,"column":373}},"30":{"start":{"line":27,"column":374},"end":{"line":27,"column":492}},"31":{"start":{"line":27,"column":390},"end":{"line":27,"column":492}},"32":{"start":{"line":29,"column":15},"end":{"line":110,"column":28}},"33":{"start":{"line":30,"column":2},"end":{"line":30,"column":40}},"34":{"start":{"line":33,"column":4},"end":{"line":33,"column":36}},"35":{"start":{"line":35,"column":16},"end":{"line":35,"column":123}},"36":{"start":{"line":37,"column":4},"end":{"line":37,"column":58}},"37":{"start":{"line":38,"column":4},"end":{"line":40,"column":6}},"38":{"start":{"line":41,"column":4},"end":{"line":41,"column":17}},"39":{"start":{"line":44,"column":2},"end":{"line":107,"column":6}},"40":{"start":{"line":47,"column":6},"end":{"line":47,"column":25}},"41":{"start":{"line":48,"column":6},"end":{"line":51,"column":7}},"42":{"start":{"line":49,"column":8},"end":{"line":49,"column":72}},"43":{"start":{"line":50,"column":8},"end":{"line":50,"column":15}},"44":{"start":{"line":52,"column":6},"end":{"line":55,"column":7}},"45":{"start":{"line":53,"column":8},"end":{"line":53,"column":33}},"46":{"start":{"line":54,"column":8},"end":{"line":54,"column":15}},"47":{"start":{"line":56,"column":6},"end":{"line":59,"column":9}},"48":{"start":{"line":57,"column":8},"end":{"line":57,"column":30}},"49":{"start":{"line":58,"column":8},"end":{"line":58,"column":37}},"50":{"start":{"line":64,"column":19},"end":{"line":64,"column":23}},"51":{"start":{"line":66,"column":6},"end":{"line":105,"column":8}},"52":{"start":{"line":73,"column":14},"end":{"line":73,"column":34}},"53":{"start":{"line":85,"column":14},"end":{"line":85,"column":34}},"54":{"start":{"line":109,"column":2},"end":{"line":109,"column":18}},"55":{"start":{"line":112,"column":0},"end":{"line":112,"column":27}}},"fnMap":{"0":{"name":"(anonymous_0)","decl":{"start":{"line":7,"column":19},"end":{"line":7,"column":20}},"loc":{"start":{"line":7,"column":31},"end":{"line":7,"column":561}},"line":7},"1":{"name":"defineProperties","decl":{"start":{"line":7,"column":42},"end":{"line":7,"column":58}},"loc":{"start":{"line":7,"column":74},"end":{"line":7,"column":349}},"line":7},"2":{"name":"(anonymous_2)","decl":{"start":{"line":7,"column":357},"end":{"line":7,"column":358}},"loc":{"start":{"line":7,"column":405},"end":{"line":7,"column":558}},"line":7},"3":{"name":"_interopRequireDefault","decl":{"start":{"line":21,"column":9},"end":{"line":21,"column":31}},"loc":{"start":{"line":21,"column":37},"end":{"line":21,"column":95}},"line":21},"4":{"name":"_classCallCheck","decl":{"start":{"line":23,"column":9},"end":{"line":23,"column":24}},"loc":{"start":{"line":23,"column":48},"end":{"line":23,"column":153}},"line":23},"5":{"name":"_possibleConstructorReturn","decl":{"start":{"line":25,"column":9},"end":{"line":25,"column":35}},"loc":{"start":{"line":25,"column":48},"end":{"line":25,"column":240}},"line":25},"6":{"name":"_inherits","decl":{"start":{"line":27,"column":9},"end":{"line":27,"column":18}},"loc":{"start":{"line":27,"column":41},"end":{"line":27,"column":494}},"line":27},"7":{"name":"(anonymous_7)","decl":{"start":{"line":29,"column":15},"end":{"line":29,"column":16}},"loc":{"start":{"line":29,"column":43},"end":{"line":110,"column":1}},"line":29},"8":{"name":"NewGroup","decl":{"start":{"line":32,"column":11},"end":{"line":32,"column":19}},"loc":{"start":{"line":32,"column":27},"end":{"line":42,"column":3}},"line":32},"9":{"name":"onCreateGroup","decl":{"start":{"line":46,"column":20},"end":{"line":46,"column":33}},"loc":{"start":{"line":46,"column":37},"end":{"line":60,"column":5}},"line":46},"10":{"name":"(anonymous_10)","decl":{"start":{"line":56,"column":109},"end":{"line":56,"column":110}},"loc":{"start":{"line":56,"column":129},"end":{"line":59,"column":7}},"line":56},"11":{"name":"render","decl":{"start":{"line":63,"column":20},"end":{"line":63,"column":26}},"loc":{"start":{"line":63,"column":29},"end":{"line":106,"column":5}},"line":63},"12":{"name":"ref","decl":{"start":{"line":72,"column":91},"end":{"line":72,"column":94}},"loc":{"start":{"line":72,"column":102},"end":{"line":74,"column":13}},"line":72},"13":{"name":"ref","decl":{"start":{"line":84,"column":91},"end":{"line":84,"column":94}},"loc":{"start":{"line":84,"column":102},"end":{"line":86,"column":13}},"line":84}},"branchMap":{"0":{"loc":{"start":{"line":7,"column":168},"end":{"line":7,"column":198}},"type":"binary-expr","locations":[{"start":{"line":7,"column":168},"end":{"line":7,"column":189}},{"start":{"line":7,"column":193},"end":{"line":7,"column":198}}],"line":7},"1":{"loc":{"start":{"line":7,"column":232},"end":{"line":7,"column":286}},"type":"if","locations":[{"start":{"line":7,"column":232},"end":{"line":7,"column":286}},{"start":{"line":7,"column":232},"end":{"line":7,"column":286}}],"line":7},"2":{"loc":{"start":{"line":7,"column":407},"end":{"line":7,"column":475}},"type":"if","locations":[{"start":{"line":7,"column":407},"end":{"line":7,"column":475}},{"start":{"line":7,"column":407},"end":{"line":7,"column":475}}],"line":7},"3":{"loc":{"start":{"line":7,"column":476},"end":{"line":7,"column":536}},"type":"if","locations":[{"start":{"line":7,"column":476},"end":{"line":7,"column":536}},{"start":{"line":7,"column":476},"end":{"line":7,"column":536}}],"line":7},"4":{"loc":{"start":{"line":21,"column":46},"end":{"line":21,"column":92}},"type":"cond-expr","locations":[{"start":{"line":21,"column":70},"end":{"line":21,"column":73}},{"start":{"line":21,"column":76},"end":{"line":21,"column":92}}],"line":21},"5":{"loc":{"start":{"line":21,"column":46},"end":{"line":21,"column":67}},"type":"binary-expr","locations":[{"start":{"line":21,"column":46},"end":{"line":21,"column":49}},{"start":{"line":21,"column":53},"end":{"line":21,"column":67}}],"line":21},"6":{"loc":{"start":{"line":23,"column":50},"end":{"line":23,"column":151}},"type":"if","locations":[{"start":{"line":23,"column":50},"end":{"line":23,"column":151}},{"start":{"line":23,"column":50},"end":{"line":23,"column":151}}],"line":23},"7":{"loc":{"start":{"line":25,"column":50},"end":{"line":25,"column":151}},"type":"if","locations":[{"start":{"line":25,"column":50},"end":{"line":25,"column":151}},{"start":{"line":25,"column":50},"end":{"line":25,"column":151}}],"line":25},"8":{"loc":{"start":{"line":25,"column":159},"end":{"line":25,"column":237}},"type":"cond-expr","locations":[{"start":{"line":25,"column":226},"end":{"line":25,"column":230}},{"start":{"line":25,"column":233},"end":{"line":25,"column":237}}],"line":25},"9":{"loc":{"start":{"line":25,"column":159},"end":{"line":25,"column":223}},"type":"binary-expr","locations":[{"start":{"line":25,"column":159},"end":{"line":25,"column":163}},{"start":{"line":25,"column":168},"end":{"line":25,"column":192}},{"start":{"line":25,"column":196},"end":{"line":25,"column":222}}],"line":25},"10":{"loc":{"start":{"line":27,"column":43},"end":{"line":27,"column":208}},"type":"if","locations":[{"start":{"line":27,"column":43},"end":{"line":27,"column":208}},{"start":{"line":27,"column":43},"end":{"line":27,"column":208}}],"line":27},"11":{"loc":{"start":{"line":27,"column":47},"end":{"line":27,"column":102}},"type":"binary-expr","locations":[{"start":{"line":27,"column":47},"end":{"line":27,"column":79}},{"start":{"line":27,"column":83},"end":{"line":27,"column":102}}],"line":27},"12":{"loc":{"start":{"line":27,"column":244},"end":{"line":27,"column":278}},"type":"binary-expr","locations":[{"start":{"line":27,"column":244},"end":{"line":27,"column":254}},{"start":{"line":27,"column":258},"end":{"line":27,"column":278}}],"line":27},"13":{"loc":{"start":{"line":27,"column":374},"end":{"line":27,"column":492}},"type":"if","locations":[{"start":{"line":27,"column":374},"end":{"line":27,"column":492}},{"start":{"line":27,"column":374},"end":{"line":27,"column":492}}],"line":27},"14":{"loc":{"start":{"line":27,"column":390},"end":{"line":27,"column":491}},"type":"cond-expr","locations":[{"start":{"line":27,"column":414},"end":{"line":27,"column":457}},{"start":{"line":27,"column":460},"end":{"line":27,"column":491}}],"line":27},"15":{"loc":{"start":{"line":35,"column":50},"end":{"line":35,"column":103}},"type":"binary-expr","locations":[{"start":{"line":35,"column":50},"end":{"line":35,"column":68}},{"start":{"line":35,"column":72},"end":{"line":35,"column":103}}],"line":35},"16":{"loc":{"start":{"line":48,"column":6},"end":{"line":51,"column":7}},"type":"if","locations":[{"start":{"line":48,"column":6},"end":{"line":51,"column":7}},{"start":{"line":48,"column":6},"end":{"line":51,"column":7}}],"line":48},"17":{"loc":{"start":{"line":52,"column":6},"end":{"line":55,"column":7}},"type":"if","locations":[{"start":{"line":52,"column":6},"end":{"line":55,"column":7}},{"start":{"line":52,"column":6},"end":{"line":55,"column":7}}],"line":52}},"s":{"0":1,"1":1,"2":1,"3":2,"4":2,"5":2,"6":2,"7":2,"8":2,"9":1,"10":1,"11":1,"12":1,"13":0,"14":1,"15":1,"16":1,"17":1,"18":1,"19":1,"20":1,"21":3,"22":0,"23":0,"24":0,"25":0,"26":0,"27":1,"28":0,"29":1,"30":1,"31":1,"32":1,"33":1,"34":0,"35":0,"36":0,"37":0,"38":0,"39":1,"40":0,"41":0,"42":0,"43":0,"44":0,"45":0,"46":0,"47":0,"48":0,"49":0,"50":0,"51":0,"52":0,"53":0,"54":1,"55":1},"f":{"0":1,"1":1,"2":1,"3":3,"4":0,"5":0,"6":1,"7":1,"8":0,"9":0,"10":0,"11":0,"12":0,"13":0},"b":{"0":[2,2],"1":[2,0],"2":[1,0],"3":[0,1],"4":[2,1],"5":[3,3],"6":[0,0],"7":[0,0],"8":[0,0],"9":[0,0,0],"10":[0,1],"11":[1,0],"12":[1,1],"13":[1,0],"14":[1,0],"15":[0,0],"16":[0,0],"17":[0,0]},"_coverageSchema":"332fd63041d2c1bcb487cc26dd0d5f7d97098a6c","hash":"2193edaf0c76d1d6746e49ca553297f603761d08","contentHash":"0281403c396de0da758ceed257c1408d_11.1.0"},"/Users/andeladeveloper/Desktop/workspace/postit/client/js/components/presentational/form.js":{"path":"/Users/andeladeveloper/Desktop/workspace/postit/client/js/components/presentational/form.js","statementMap":{"0":{"start":{"line":3,"column":0},"end":{"line":5,"column":3}},"1":{"start":{"line":7,"column":19},"end":{"line":7,"column":563}},"2":{"start":{"line":7,"column":76},"end":{"line":7,"column":347}},"3":{"start":{"line":7,"column":134},"end":{"line":7,"column":142}},"4":{"start":{"line":7,"column":144},"end":{"line":7,"column":199}},"5":{"start":{"line":7,"column":200},"end":{"line":7,"column":231}},"6":{"start":{"line":7,"column":232},"end":{"line":7,"column":286}},"7":{"start":{"line":7,"column":259},"end":{"line":7,"column":286}},"8":{"start":{"line":7,"column":287},"end":{"line":7,"column":345}},"9":{"start":{"line":7,"column":350},"end":{"line":7,"column":559}},"10":{"start":{"line":7,"column":407},"end":{"line":7,"column":475}},"11":{"start":{"line":7,"column":423},"end":{"line":7,"column":475}},"12":{"start":{"line":7,"column":476},"end":{"line":7,"column":536}},"13":{"start":{"line":7,"column":493},"end":{"line":7,"column":536}},"14":{"start":{"line":7,"column":537},"end":{"line":7,"column":556}},"15":{"start":{"line":9,"column":13},"end":{"line":9,"column":29}},"16":{"start":{"line":11,"column":14},"end":{"line":11,"column":44}},"17":{"start":{"line":13,"column":18},"end":{"line":13,"column":40}},"18":{"start":{"line":15,"column":8},"end":{"line":15,"column":21}},"19":{"start":{"line":17,"column":18},"end":{"line":17,"column":53}},"20":{"start":{"line":19,"column":19},"end":{"line":19,"column":54}},"21":{"start":{"line":21,"column":17},"end":{"line":21,"column":51}},"22":{"start":{"line":23,"column":18},"end":{"line":23,"column":52}},"23":{"start":{"line":25,"column":39},"end":{"line":25,"column":93}},"24":{"start":{"line":27,"column":50},"end":{"line":27,"column":151}},"25":{"start":{"line":27,"column":92},"end":{"line":27,"column":149}},"26":{"start":{"line":29,"column":50},"end":{"line":29,"column":151}},"27":{"start":{"line":29,"column":63},"end":{"line":29,"column":149}},"28":{"start":{"line":29,"column":152},"end":{"line":29,"column":238}},"29":{"start":{"line":31,"column":43},"end":{"line":31,"column":208}},"30":{"start":{"line":31,"column":106},"end":{"line":31,"column":206}},"31":{"start":{"line":31,"column":209},"end":{"line":31,"column":373}},"32":{"start":{"line":31,"column":374},"end":{"line":31,"column":492}},"33":{"start":{"line":31,"column":390},"end":{"line":31,"column":492}},"34":{"start":{"line":33,"column":11},"end":{"line":94,"column":28}},"35":{"start":{"line":34,"column":2},"end":{"line":34,"column":36}},"36":{"start":{"line":37,"column":4},"end":{"line":37,"column":32}},"37":{"start":{"line":39,"column":4},"end":{"line":39,"column":111}},"38":{"start":{"line":42,"column":2},"end":{"line":91,"column":6}},"39":{"start":{"line":45,"column":6},"end":{"line":89,"column":8}},"40":{"start":{"line":93,"column":2},"end":{"line":93,"column":14}},"41":{"start":{"line":96,"column":22},"end":{"line":101,"column":1}},"42":{"start":{"line":97,"column":2},"end":{"line":100,"column":4}},"43":{"start":{"line":103,"column":25},"end":{"line":112,"column":1}},"44":{"start":{"line":104,"column":2},"end":{"line":111,"column":4}},"45":{"start":{"line":106,"column":6},"end":{"line":106,"column":51}},"46":{"start":{"line":109,"column":6},"end":{"line":109,"column":54}},"47":{"start":{"line":114,"column":0},"end":{"line":114,"column":86}}},"fnMap":{"0":{"name":"(anonymous_0)","decl":{"start":{"line":7,"column":19},"end":{"line":7,"column":20}},"loc":{"start":{"line":7,"column":31},"end":{"line":7,"column":561}},"line":7},"1":{"name":"defineProperties","decl":{"start":{"line":7,"column":42},"end":{"line":7,"column":58}},"loc":{"start":{"line":7,"column":74},"end":{"line":7,"column":349}},"line":7},"2":{"name":"(anonymous_2)","decl":{"start":{"line":7,"column":357},"end":{"line":7,"column":358}},"loc":{"start":{"line":7,"column":405},"end":{"line":7,"column":558}},"line":7},"3":{"name":"_interopRequireDefault","decl":{"start":{"line":25,"column":9},"end":{"line":25,"column":31}},"loc":{"start":{"line":25,"column":37},"end":{"line":25,"column":95}},"line":25},"4":{"name":"_classCallCheck","decl":{"start":{"line":27,"column":9},"end":{"line":27,"column":24}},"loc":{"start":{"line":27,"column":48},"end":{"line":27,"column":153}},"line":27},"5":{"name":"_possibleConstructorReturn","decl":{"start":{"line":29,"column":9},"end":{"line":29,"column":35}},"loc":{"start":{"line":29,"column":48},"end":{"line":29,"column":240}},"line":29},"6":{"name":"_inherits","decl":{"start":{"line":31,"column":9},"end":{"line":31,"column":18}},"loc":{"start":{"line":31,"column":41},"end":{"line":31,"column":494}},"line":31},"7":{"name":"(anonymous_7)","decl":{"start":{"line":33,"column":11},"end":{"line":33,"column":12}},"loc":{"start":{"line":33,"column":39},"end":{"line":94,"column":1}},"line":33},"8":{"name":"Form","decl":{"start":{"line":36,"column":11},"end":{"line":36,"column":15}},"loc":{"start":{"line":36,"column":23},"end":{"line":40,"column":3}},"line":36},"9":{"name":"render","decl":{"start":{"line":44,"column":20},"end":{"line":44,"column":26}},"loc":{"start":{"line":44,"column":29},"end":{"line":90,"column":5}},"line":44},"10":{"name":"mapStateToProps","decl":{"start":{"line":96,"column":31},"end":{"line":96,"column":46}},"loc":{"start":{"line":96,"column":54},"end":{"line":101,"column":1}},"line":96},"11":{"name":"mapDispatchToProps","decl":{"start":{"line":103,"column":34},"end":{"line":103,"column":52}},"loc":{"start":{"line":103,"column":63},"end":{"line":112,"column":1}},"line":103},"12":{"name":"onLogout","decl":{"start":{"line":105,"column":23},"end":{"line":105,"column":31}},"loc":{"start":{"line":105,"column":34},"end":{"line":107,"column":5}},"line":105},"13":{"name":"onLoginUser","decl":{"start":{"line":108,"column":26},"end":{"line":108,"column":37}},"loc":{"start":{"line":108,"column":44},"end":{"line":110,"column":5}},"line":108}},"branchMap":{"0":{"loc":{"start":{"line":7,"column":168},"end":{"line":7,"column":198}},"type":"binary-expr","locations":[{"start":{"line":7,"column":168},"end":{"line":7,"column":189}},{"start":{"line":7,"column":193},"end":{"line":7,"column":198}}],"line":7},"1":{"loc":{"start":{"line":7,"column":232},"end":{"line":7,"column":286}},"type":"if","locations":[{"start":{"line":7,"column":232},"end":{"line":7,"column":286}},{"start":{"line":7,"column":232},"end":{"line":7,"column":286}}],"line":7},"2":{"loc":{"start":{"line":7,"column":407},"end":{"line":7,"column":475}},"type":"if","locations":[{"start":{"line":7,"column":407},"end":{"line":7,"column":475}},{"start":{"line":7,"column":407},"end":{"line":7,"column":475}}],"line":7},"3":{"loc":{"start":{"line":7,"column":476},"end":{"line":7,"column":536}},"type":"if","locations":[{"start":{"line":7,"column":476},"end":{"line":7,"column":536}},{"start":{"line":7,"column":476},"end":{"line":7,"column":536}}],"line":7},"4":{"loc":{"start":{"line":25,"column":46},"end":{"line":25,"column":92}},"type":"cond-expr","locations":[{"start":{"line":25,"column":70},"end":{"line":25,"column":73}},{"start":{"line":25,"column":76},"end":{"line":25,"column":92}}],"line":25},"5":{"loc":{"start":{"line":25,"column":46},"end":{"line":25,"column":67}},"type":"binary-expr","locations":[{"start":{"line":25,"column":46},"end":{"line":25,"column":49}},{"start":{"line":25,"column":53},"end":{"line":25,"column":67}}],"line":25},"6":{"loc":{"start":{"line":27,"column":50},"end":{"line":27,"column":151}},"type":"if","locations":[{"start":{"line":27,"column":50},"end":{"line":27,"column":151}},{"start":{"line":27,"column":50},"end":{"line":27,"column":151}}],"line":27},"7":{"loc":{"start":{"line":29,"column":50},"end":{"line":29,"column":151}},"type":"if","locations":[{"start":{"line":29,"column":50},"end":{"line":29,"column":151}},{"start":{"line":29,"column":50},"end":{"line":29,"column":151}}],"line":29},"8":{"loc":{"start":{"line":29,"column":159},"end":{"line":29,"column":237}},"type":"cond-expr","locations":[{"start":{"line":29,"column":226},"end":{"line":29,"column":230}},{"start":{"line":29,"column":233},"end":{"line":29,"column":237}}],"line":29},"9":{"loc":{"start":{"line":29,"column":159},"end":{"line":29,"column":223}},"type":"binary-expr","locations":[{"start":{"line":29,"column":159},"end":{"line":29,"column":163}},{"start":{"line":29,"column":168},"end":{"line":29,"column":192}},{"start":{"line":29,"column":196},"end":{"line":29,"column":222}}],"line":29},"10":{"loc":{"start":{"line":31,"column":43},"end":{"line":31,"column":208}},"type":"if","locations":[{"start":{"line":31,"column":43},"end":{"line":31,"column":208}},{"start":{"line":31,"column":43},"end":{"line":31,"column":208}}],"line":31},"11":{"loc":{"start":{"line":31,"column":47},"end":{"line":31,"column":102}},"type":"binary-expr","locations":[{"start":{"line":31,"column":47},"end":{"line":31,"column":79}},{"start":{"line":31,"column":83},"end":{"line":31,"column":102}}],"line":31},"12":{"loc":{"start":{"line":31,"column":244},"end":{"line":31,"column":278}},"type":"binary-expr","locations":[{"start":{"line":31,"column":244},"end":{"line":31,"column":254}},{"start":{"line":31,"column":258},"end":{"line":31,"column":278}}],"line":31},"13":{"loc":{"start":{"line":31,"column":374},"end":{"line":31,"column":492}},"type":"if","locations":[{"start":{"line":31,"column":374},"end":{"line":31,"column":492}},{"start":{"line":31,"column":374},"end":{"line":31,"column":492}}],"line":31},"14":{"loc":{"start":{"line":31,"column":390},"end":{"line":31,"column":491}},"type":"cond-expr","locations":[{"start":{"line":31,"column":414},"end":{"line":31,"column":457}},{"start":{"line":31,"column":460},"end":{"line":31,"column":491}}],"line":31},"15":{"loc":{"start":{"line":39,"column":45},"end":{"line":39,"column":90}},"type":"binary-expr","locations":[{"start":{"line":39,"column":45},"end":{"line":39,"column":59}},{"start":{"line":39,"column":63},"end":{"line":39,"column":90}}],"line":39},"16":{"loc":{"start":{"line":58,"column":14},"end":{"line":58,"column":208}},"type":"cond-expr","locations":[{"start":{"line":58,"column":40},"end":{"line":58,"column":203}},{"start":{"line":58,"column":206},"end":{"line":58,"column":208}}],"line":58}},"s":{"0":1,"1":1,"2":1,"3":1,"4":1,"5":1,"6":1,"7":1,"8":1,"9":1,"10":1,"11":1,"12":1,"13":0,"14":1,"15":1,"16":1,"17":1,"18":1,"19":1,"20":1,"21":1,"22":1,"23":3,"24":0,"25":0,"26":0,"27":0,"28":0,"29":1,"30":0,"31":1,"32":1,"33":1,"34":1,"35":1,"36":0,"37":0,"38":1,"39":0,"40":1,"41":1,"42":0,"43":1,"44":0,"45":0,"46":0,"47":1},"f":{"0":1,"1":1,"2":1,"3":3,"4":0,"5":0,"6":1,"7":1,"8":0,"9":0,"10":0,"11":0,"12":0,"13":0},"b":{"0":[1,1],"1":[1,0],"2":[1,0],"3":[0,1],"4":[2,1],"5":[3,3],"6":[0,0],"7":[0,0],"8":[0,0],"9":[0,0,0],"10":[0,1],"11":[1,0],"12":[1,1],"13":[1,0],"14":[1,0],"15":[0,0],"16":[0,0]},"_coverageSchema":"332fd63041d2c1bcb487cc26dd0d5f7d97098a6c","hash":"dd85a4fb936653a9faf2e4829868f38458e438b7","contentHash":"e6a3a16769cc3bfa44423f92de59d2e9_11.1.0"},"/Users/andeladeveloper/Desktop/workspace/postit/client/js/actions/logoutUser.js":{"path":"/Users/andeladeveloper/Desktop/workspace/postit/client/js/actions/logoutUser.js","statementMap":{"0":{"start":{"line":3,"column":0},"end":{"line":5,"column":3}},"1":{"start":{"line":6,"column":17},"end":{"line":11,"column":1}},"2":{"start":{"line":7,"column":2},"end":{"line":10,"column":4}},"3":{"start":{"line":13,"column":0},"end":{"line":13,"column":29}}},"fnMap":{"0":{"name":"logoutUser","decl":{"start":{"line":6,"column":26},"end":{"line":6,"column":36}},"loc":{"start":{"line":6,"column":43},"end":{"line":11,"column":1}},"line":6}},"branchMap":{},"s":{"0":1,"1":1,"2":0,"3":1},"f":{"0":0},"b":{},"_coverageSchema":"332fd63041d2c1bcb487cc26dd0d5f7d97098a6c","hash":"1ddae5639a3d342ca0911e0024feb8faf1d34d9a","contentHash":"09246ba33c51bfd3528421b912faa993_11.1.0"},"/Users/andeladeveloper/Desktop/workspace/postit/client/js/actions/loginUser.js":{"path":"/Users/andeladeveloper/Desktop/workspace/postit/client/js/actions/loginUser.js","statementMap":{"0":{"start":{"line":3,"column":0},"end":{"line":5,"column":3}},"1":{"start":{"line":6,"column":16},"end":{"line":11,"column":1}},"2":{"start":{"line":7,"column":2},"end":{"line":10,"column":4}},"3":{"start":{"line":13,"column":0},"end":{"line":13,"column":28}}},"fnMap":{"0":{"name":"loginUser","decl":{"start":{"line":6,"column":25},"end":{"line":6,"column":34}},"loc":{"start":{"line":6,"column":41},"end":{"line":11,"column":1}},"line":6}},"branchMap":{},"s":{"0":1,"1":1,"2":0,"3":1},"f":{"0":0},"b":{},"_coverageSchema":"332fd63041d2c1bcb487cc26dd0d5f7d97098a6c","hash":"d55209e3693f2fea4789bce53906d0ed2f4c156d","contentHash":"8a829e9dc24310f5d991970be23fe7fe_11.1.0"},"/Users/andeladeveloper/Desktop/workspace/postit/client/js/components/helpers/api.js":{"path":"/Users/andeladeveloper/Desktop/workspace/postit/client/js/components/helpers/api.js","statementMap":{"0":{"start":{"line":3,"column":0},"end":{"line":5,"column":3}},"1":{"start":{"line":8,"column":10},"end":{"line":38,"column":1}},"2":{"start":{"line":9,"column":2},"end":{"line":37,"column":5}},"3":{"start":{"line":10,"column":18},"end":{"line":10,"column":31}},"4":{"start":{"line":11,"column":4},"end":{"line":11,"column":72}},"5":{"start":{"line":12,"column":4},"end":{"line":14,"column":5}},"6":{"start":{"line":13,"column":6},"end":{"line":13,"column":89}},"7":{"start":{"line":16,"column":4},"end":{"line":18,"column":5}},"8":{"start":{"line":17,"column":6},"end":{"line":17,"column":16}},"9":{"start":{"line":19,"column":4},"end":{"line":36,"column":5}},"10":{"start":{"line":20,"column":6},"end":{"line":26,"column":9}},"11":{"start":{"line":23,"column":8},"end":{"line":23,"column":31}},"12":{"start":{"line":25,"column":8},"end":{"line":25,"column":26}},"13":{"start":{"line":28,"column":6},"end":{"line":35,"column":9}},"14":{"start":{"line":32,"column":8},"end":{"line":32,"column":31}},"15":{"start":{"line":34,"column":8},"end":{"line":34,"column":26}},"16":{"start":{"line":40,"column":0},"end":{"line":40,"column":22}}},"fnMap":{"0":{"name":"api","decl":{"start":{"line":8,"column":19},"end":{"line":8,"column":22}},"loc":{"start":{"line":8,"column":42},"end":{"line":38,"column":1}},"line":8},"1":{"name":"(anonymous_1)","decl":{"start":{"line":9,"column":21},"end":{"line":9,"column":22}},"loc":{"start":{"line":9,"column":40},"end":{"line":37,"column":3}},"line":9},"2":{"name":"(anonymous_2)","decl":{"start":{"line":22,"column":14},"end":{"line":22,"column":15}},"loc":{"start":{"line":22,"column":34},"end":{"line":24,"column":7}},"line":22},"3":{"name":"(anonymous_3)","decl":{"start":{"line":24,"column":14},"end":{"line":24,"column":15}},"loc":{"start":{"line":24,"column":34},"end":{"line":26,"column":7}},"line":24},"4":{"name":"(anonymous_4)","decl":{"start":{"line":31,"column":14},"end":{"line":31,"column":15}},"loc":{"start":{"line":31,"column":34},"end":{"line":33,"column":7}},"line":31},"5":{"name":"(anonymous_5)","decl":{"start":{"line":33,"column":14},"end":{"line":33,"column":15}},"loc":{"start":{"line":33,"column":34},"end":{"line":35,"column":7}},"line":33}},"branchMap":{"0":{"loc":{"start":{"line":12,"column":4},"end":{"line":14,"column":5}},"type":"if","locations":[{"start":{"line":12,"column":4},"end":{"line":14,"column":5}},{"start":{"line":12,"column":4},"end":{"line":14,"column":5}}],"line":12},"1":{"loc":{"start":{"line":16,"column":4},"end":{"line":18,"column":5}},"type":"if","locations":[{"start":{"line":16,"column":4},"end":{"line":18,"column":5}},{"start":{"line":16,"column":4},"end":{"line":18,"column":5}}],"line":16},"2":{"loc":{"start":{"line":19,"column":4},"end":{"line":36,"column":5}},"type":"if","locations":[{"start":{"line":19,"column":4},"end":{"line":36,"column":5}},{"start":{"line":19,"column":4},"end":{"line":36,"column":5}}],"line":19}},"s":{"0":1,"1":1,"2":0,"3":0,"4":0,"5":0,"6":0,"7":0,"8":0,"9":0,"10":0,"11":0,"12":0,"13":0,"14":0,"15":0,"16":1},"f":{"0":0,"1":0,"2":0,"3":0,"4":0,"5":0},"b":{"0":[0,0],"1":[0,0],"2":[0,0]},"_coverageSchema":"332fd63041d2c1bcb487cc26dd0d5f7d97098a6c","hash":"7ebc3a242d6667dc89b49226bd17e086c4bfcdb3","contentHash":"a98e137794357aaf6d9318f5d86173eb_11.1.0"},"/Users/andeladeveloper/Desktop/workspace/postit/client/js/components/presentational/search.js":{"path":"/Users/andeladeveloper/Desktop/workspace/postit/client/js/components/presentational/search.js","statementMap":{"0":{"start":{"line":3,"column":0},"end":{"line":5,"column":3}},"1":{"start":{"line":7,"column":19},"end":{"line":7,"column":563}},"2":{"start":{"line":7,"column":76},"end":{"line":7,"column":347}},"3":{"start":{"line":7,"column":134},"end":{"line":7,"column":142}},"4":{"start":{"line":7,"column":144},"end":{"line":7,"column":199}},"5":{"start":{"line":7,"column":200},"end":{"line":7,"column":231}},"6":{"start":{"line":7,"column":232},"end":{"line":7,"column":286}},"7":{"start":{"line":7,"column":259},"end":{"line":7,"column":286}},"8":{"start":{"line":7,"column":287},"end":{"line":7,"column":345}},"9":{"start":{"line":7,"column":350},"end":{"line":7,"column":559}},"10":{"start":{"line":7,"column":407},"end":{"line":7,"column":475}},"11":{"start":{"line":7,"column":423},"end":{"line":7,"column":475}},"12":{"start":{"line":7,"column":476},"end":{"line":7,"column":536}},"13":{"start":{"line":7,"column":493},"end":{"line":7,"column":536}},"14":{"start":{"line":7,"column":537},"end":{"line":7,"column":556}},"15":{"start":{"line":9,"column":13},"end":{"line":9,"column":29}},"
[...]
"column":536}}],"line":7},"4":{"loc":{"start":{"line":27,"column":46},"end":{"line":27,"column":92}},"type":"cond-expr","locations":[{"start":{"line":27,"column":70},"end":{"line":27,"column":73}},{"start":{"line":27,"column":76},"end":{"line":27,"column":92}}],"line":27},"5":{"loc":{"start":{"line":27,"column":46},"end":{"line":27,"column":67}},"type":"binary-expr","locations":[{"start":{"line":27,"column":46},"end":{"line":27,"column":49}},{"start":{"line":27,"column":53},"end":{"line":27,"column":67}}],"line":27},"6":{"loc":{"start":{"line":29,"column":50},"end":{"line":29,"column":151}},"type":"if","locations":[{"start":{"line":29,"column":50},"end":{"line":29,"column":151}},{"start":{"line":29,"column":50},"end":{"line":29,"column":151}}],"line":29},"7":{"loc":{"start":{"line":31,"column":50},"end":{"line":31,"column":151}},"type":"if","locations":[{"start":{"line":31,"column":50},"end":{"line":31,"column":151}},{"start":{"line":31,"column":50},"end":{"line":31,"column":151}}],"line":31},"8":{"loc":{"start":{"line":31,"column":159},"end":{"line":31,"column":237}},"type":"cond-expr","locations":[{"start":{"line":31,"column":226},"end":{"line":31,"column":230}},{"start":{"line":31,"column":233},"end":{"line":31,"column":237}}],"line":31},"9":{"loc":{"start":{"line":31,"column":159},"end":{"line":31,"column":223}},"type":"binary-expr","locations":[{"start":{"line":31,"column":159},"end":{"line":31,"column":163}},{"start":{"line":31,"column":168},"end":{"line":31,"column":192}},{"start":{"line":31,"column":196},"end":{"line":31,"column":222}}],"line":31},"10":{"loc":{"start":{"line":33,"column":43},"end":{"line":33,"column":208}},"type":"if","locations":[{"start":{"line":33,"column":43},"end":{"line":33,"column":208}},{"start":{"line":33,"column":43},"end":{"line":33,"column":208}}],"line":33},"11":{"loc":{"start":{"line":33,"column":47},"end":{"line":33,"column":102}},"type":"binary-expr","locations":[{"start":{"line":33,"column":47},"end":{"line":33,"column":79}},{"start":{"line":33,"column":83},"end":{"line":33,"column":102}}],"line":33},"12":{"loc":{"start":{"line":33,"column":244},"end":{"line":33,"column":278}},"type":"binary-expr","locations":[{"start":{"line":33,"column":244},"end":{"line":33,"column":254}},{"start":{"line":33,"column":258},"end":{"line":33,"column":278}}],"line":33},"13":{"loc":{"start":{"line":33,"column":374},"end":{"line":33,"column":492}},"type":"if","locations":[{"start":{"line":33,"column":374},"end":{"line":33,"column":492}},{"start":{"line":33,"column":374},"end":{"line":33,"column":492}}],"line":33},"14":{"loc":{"start":{"line":33,"column":390},"end":{"line":33,"column":491}},"type":"cond-expr","locations":[{"start":{"line":33,"column":414},"end":{"line":33,"column":457}},{"start":{"line":33,"column":460},"end":{"line":33,"column":491}}],"line":33},"15":{"loc":{"start":{"line":41,"column":50},"end":{"line":41,"column":103}},"type":"binary-expr","locations":[{"start":{"line":41,"column":50},"end":{"line":41,"column":68}},{"start":{"line":41,"column":72},"end":{"line":41,"column":103}}],"line":41},"16":{"loc":{"start":{"line":71,"column":6},"end":{"line":74,"column":7}},"type":"if","locations":[{"start":{"line":71,"column":6},"end":{"line":74,"column":7}},{"start":{"line":71,"column":6},"end":{"line":74,"column":7}}],"line":71},"17":{"loc":{"start":{"line":71,"column":10},"end":{"line":71,"column":76}},"type":"binary-expr","locations":[{"start":{"line":71,"column":10},"end":{"line":71,"column":25}},{"start":{"line":71,"column":29},"end":{"line":71,"column":41}},{"start":{"line":71,"column":45},"end":{"line":71,"column":57}},{"start":{"line":71,"column":61},"end":{"line":71,"column":76}}],"line":71},"18":{"loc":{"start":{"line":77,"column":8},"end":{"line":89,"column":9}},"type":"if","locations":[{"start":{"line":77,"column":8},"end":{"line":89,"column":9}},{"start":{"line":77,"column":8},"end":{"line":89,"column":9}}],"line":77},"19":{"loc":{"start":{"line":79,"column":12},"end":{"line":85,"column":13}},"type":"if","locations":[{"start":{"line":79,"column":12},"end":{"line":85,"column":13}},{"start":{"line":79,"column":12},"end":{"line":85,"column":13}}],"line":79},"20":{"loc":{"start":{"line":153,"column":8},"end":{"line":157,"column":9}},"type":"cond-expr","locations":[{"start":{"line":153,"column":42},"end":{"line":153,"column":44}},{"start":{"line":153,"column":47},"end":{"line":157,"column":9}}],"line":153}},"s":{"0":1,"1":1,"2":1,"3":3,"4":3,"5":3,"6":3,"7":3,"8":3,"9":1,"10":1,"11":1,"12":1,"13":0,"14":1,"15":1,"16":1,"17":1,"18":1,"19":1,"20":1,"21":1,"22":1,"23":1,"24":4,"25":0,"26":0,"27":0,"28":0,"29":0,"30":1,"31":0,"32":1,"33":1,"34":1,"35":1,"36":1,"37":0,"38":0,"39":0,"40":0,"41":0,"42":0,"43":1,"44":0,"45":0,"46":0,"47":0,"48":0,"49":0,"50":0,"51":0,"52":0,"53":0,"54":0,"55":0,"56":0,"57":0,"58":0,"59":0,"60":0,"61":0,"62":0,"63":0,"64":0,"65":0,"66":0,"67":0,"68":0,"69":0,"70":0,"71":0,"72":0,"73":0,"74":1,"75":1,"76":0,"77":0,"78":1},"f":{"0":1,"1":1,"2":1,"3":4,"4":0,"5":0,"6":1,"7":1,"8":0,"9":0,"10":0,"11":0,"12":0,"13":0,"14":0,"15":0,"16":0,"17":0,"18":0,"19":0},"b":{"0":[3,3],"1":[3,0],"2":[1,0],"3":[0,1],"4":[3,1],"5":[4,4],"6":[0,0],"7":[0,0],"8":[0,0],"9":[0,0,0],"10":[0,1],"11":[1,0],"12":[1,1],"13":[1,0],"14":[1,0],"15":[0,0],"16":[0,0],"17":[0,0,0,0],"18":[0,0],"19":[0,0],"20":[0,0]},"_coverageSchema":"332fd63041d2c1bcb487cc26dd0d5f7d97098a6c","hash":"4f00914393645f1a5f65c5282d8867ce44c2fd8b","contentHash":"f9d364e871f08ec7fee3db7d98693d52_11.1.0"},"/Users/andeladeveloper/Desktop/workspace/postit/client/js/components/containers/login.js":{"path":"/Users/andeladeveloper/Desktop/workspace/postit/client/js/components/containers/login.js","statementMap":{"0":{"start":{"line":3,"column":0},"end":{"line":5,"column":3}},"1":{"start":{"line":7,"column":19},"end":{"line":7,"column":563}},"2":{"start":{"line":7,"column":76},"end":{"line":7,"column":347}},"3":{"start":{"line":7,"column":134},"end":{"line":7,"column":142}},"4":{"start":{"line":7,"column":144},"end":{"line":7,"column":199}},"5":{"start":{"line":7,"column":200},"end":{"line":7,"column":231}},"6":{"start":{"line":7,"column":232},"end":{"line":7,"column":286}},"7":{"start":{"line":7,"column":259},"end":{"line":7,"column":286}},"8":{"start":{"line":7,"column":287},"end":{"line":7,"column":345}},"9":{"start":{"line":7,"column":350},"end":{"line":7,"column":559}},"10":{"start":{"line":7,"column":407},"end":{"line":7,"column":475}},"11":{"start":{"line":7,"column":423},"end":{"line":7,"column":475}},"12":{"start":{"line":7,"column":476},"end":{"line":7,"column":536}},"13":{"start":{"line":7,"column":493},"end":{"line":7,"column":536}},"14":{"start":{"line":7,"column":537},"end":{"line":7,"column":556}},"15":{"start":{"line":9,"column":13},"end":{"line":9,"column":29}},"16":{"start":{"line":11,"column":14},"end":{"line":11,"column":44}},"17":{"start":{"line":13,"column":18},"end":{"line":13,"column":40}},"18":{"start":{"line":15,"column":12},"end":{"line":15,"column":45}},"19":{"start":{"line":17,"column":13},"end":{"line":17,"column":42}},"20":{"start":{"line":19,"column":17},"end":{"line":19,"column":51}},"21":{"start":{"line":21,"column":18},"end":{"line":21,"column":52}},"22":{"start":{"line":23,"column":11},"end":{"line":23,"column":36}},"23":{"start":{"line":25,"column":12},"end":{"line":25,"column":40}},"24":{"start":{"line":27,"column":39},"end":{"line":27,"column":93}},"25":{"start":{"line":29,"column":50},"end":{"line":29,"column":151}},"26":{"start":{"line":29,"column":92},"end":{"line":29,"column":149}},"27":{"start":{"line":31,"column":50},"end":{"line":31,"column":151}},"28":{"start":{"line":31,"column":63},"end":{"line":31,"column":149}},"29":{"start":{"line":31,"column":152},"end":{"line":31,"column":238}},"30":{"start":{"line":33,"column":43},"end":{"line":33,"column":208}},"31":{"start":{"line":33,"column":106},"end":{"line":33,"column":206}},"32":{"start":{"line":33,"column":209},"end":{"line":33,"column":373}},"33":{"start":{"line":33,"column":374},"end":{"line":33,"column":492}},"34":{"start":{"line":33,"column":390},"end":{"line":33,"column":492}},"35":{"start":{"line":35,"column":12},"end":{"line":154,"column":28}},"36":{"start":{"line":36,"column":2},"end":{"line":36,"column":37}},"37":{"start":{"line":39,"column":4},"end":{"line":39,"column":33}},"38":{"start":{"line":41,"column":16},"end":{"line":41,"column":117}},"39":{"start":{"line":43,"column":4},"end":{"line":43,"column":54}},"40":{"start":{"line":44,"column":4},"end":{"line":44,"column":46}},"41":{"start":{"line":45,"column":4},"end":{"line":47,"column":6}},"42":{"start":{"line":48,"column":4},"end":{"line":48,"column":17}},"43":{"start":{"line":51,"column":2},"end":{"line":151,"column":6}},"44":{"start":{"line":54,"column":6},"end":{"line":54,"column":43}},"45":{"start":{"line":59,"column":19},"end":{"line":59,"column":23}},"46":{"start":{"line":61,"column":6},"end":{"line":61,"column":25}},"47":{"start":{"line":62,"column":21},"end":{"line":62,"column":34}},"48":{"start":{"line":63,"column":21},"end":{"line":63,"column":34}},"49":{"start":{"line":65,"column":6},"end":{"line":65,"column":39}},"50":{"start":{"line":66,"column":6},"end":{"line":66,"column":32}},"51":{"start":{"line":67,"column":6},"end":{"line":80,"column":7}},"52":{"start":{"line":68,"column":25},"end":{"line":68,"column":73}},"53":{"start":{"line":69,"column":8},"end":{"line":77,"column":11}},"54":{"start":{"line":70,"column":10},"end":{"line":76,"column":11}},"55":{"start":{"line":71,"column":12},"end":{"line":71,"column":64}},"56":{"start":{"line":72,"column":12},"end":{"line":72,"column":70}},"57":{"start":{"line":73,"column":12},"end":{"line":73,"column":41}},"58":{"start":{"line":75,"column":12},"end":{"line":75,"column":72}},"59":{"start":{"line":79,"column":8},"end":{"line":79,"column":80}},"60":{"start":{"line":85,"column":19},"end":{"line":85,"column":23}},"61":{"start":{"line":87,"column":6},"end":{"line":90,"column":7}},"62":{"start":{"line":88,"column":8},"end":{"line":88,"column":37}},"63":{"start":{"line":89,"column":8},"end":{"line":89,"column":20}},"64":{"start":{"line":91,"column":6},"end":{"line":149,"column":8}},"65":{"start":{"line":100,"column":14},"end":{"line":100,"column":38}},"66":{"start":{"line":113,"column":14},"end":{"line":113,"column":38}},"67":{"start":{"line":153,"column":2},"end":{"line":153,"column":15}},"68":{"start":{"line":156,"column":25},"end":{"line":162,"column":1}},"69":{"start":{"line":157,"column":2},"end":{"line":161,"column":4}},"70":{"start":{"line":159,"column":6},"end":{"line":159,"column":54}},"71":{"start":{"line":164,"column":0},"end":{"line":164,"column":76}}},"fnMap":{"0":{"name":"(anonymous_0)","decl":{"start":{"line":7,"column":19},"end":{"line":7,"column":20}},"loc":{"start":{"line":7,"column":31},"end":{"line":7,"column":561}},"line":7},"1":{"name":"defineProperties","decl":{"start":{"line":7,"column":42},"end":{"line":7,"column":58}},"loc":{"start":{"line":7,"column":74},"end":{"line":7,"column":349}},"line":7},"2":{"name":"(anonymous_2)","decl":{"start":{"line":7,"column":357},"end":{"line":7,"column":358}},"loc":{"start":{"line":7,"column":405},"end":{"line":7,"column":558}},"line":7},"3":{"name":"_interopRequireDefault","decl":{"start":{"line":27,"column":9},"end":{"line":27,"column":31}},"loc":{"start":{"line":27,"column":37},"end":{"line":27,"column":95}},"line":27},"4":{"name":"_classCallCheck","decl":{"start":{"line":29,"column":9},"end":{"line":29,"column":24}},"loc":{"start":{"line":29,"column":48},"end":{"line":29,"column":153}},"line":29},"5":{"name":"_possibleConstructorReturn","decl":{"start":{"line":31,"column":9},"end":{"line":31,"column":35}},"loc":{"start":{"line":31,"column":48},"end":{"line":31,"column":240}},"line":31},"6":{"name":"_inherits","decl":{"start":{"line":33,"column":9},"end":{"line":33,"column":18}},"loc":{"start":{"line":33,"column":41},"end":{"line":33,"column":494}},"line":33},"7":{"name":"(anonymous_7)","decl":{"start":{"line":35,"column":12},"end":{"line":35,"column":13}},"loc":{"start":{"line":35,"column":40},"end":{"line":154,"column":1}},"line":35},"8":{"name":"Login","decl":{"start":{"line":38,"column":11},"end":{"line":38,"column":16}},"loc":{"start":{"line":38,"column":24},"end":{"line":49,"column":3}},"line":38},"9":{"name":"onFocus","decl":{"start":{"line":53,"column":20},"end":{"line":53,"column":27}},"loc":{"start":{"line":53,"column":30},"end":{"line":55,"column":5}},"line":53},"10":{"name":"onLoginUser","decl":{"start":{"line":58,"column":20},"end":{"line":58,"column":31}},"loc":{"start":{"line":58,"column":35},"end":{"line":81,"column":5}},"line":58},"11":{"name":"(anonymous_11)","decl":{"start":{"line":69,"column":67},"end":{"line":69,"column":68}},"loc":{"start":{"line":69,"column":88},"end":{"line":77,"column":9}},"line":69},"12":{"name":"render","decl":{"start":{"line":84,"column":20},"end":{"line":84,"column":26}},"loc":{"start":{"line":84,"column":29},"end":{"line":150,"column":5}},"line":84},"13":{"name":"ref","decl":{"start":{"line":99,"column":26},"end":{"line":99,"column":29}},"loc":{"start":{"line":99,"column":37},"end":{"line":101,"column":13}},"line":99},"14":{"name":"ref","decl":{"start":{"line":112,"column":60},"end":{"line":112,"column":63}},"loc":{"start":{"line":112,"column":71},"end":{"line":114,"column":13}},"line":112},"15":{"name":"mapDispatchToProps","decl":{"start":{"line":156,"column":34},"end":{"line":156,"column":52}},"loc":{"start":{"line":156,"column":63},"end":{"line":162,"column":1}},"line":156},"16":{"name":"onLoginUser","decl":{"start":{"line":158,"column":26},"end":{"line":158,"column":37}},"loc":{"start":{"line":158,"column":44},"end":{"line":160,"column":5}},"line":158}},"branchMap":{"0":{"loc":{"start":{"line":7,"column":168},"end":{"line":7,"column":198}},"type":"binary-expr","locations":[{"start":{"line":7,"column":168},"end":{"line":7,"column":189}},{"start":{"line":7,"column":193},"end":{"line":7,"column":198}}],"line":7},"1":{"loc":{"start":{"line":7,"column":232},"end":{"line":7,"column":286}},"type":"if","locations":[{"start":{"line":7,"column":232},"end":{"line":7,"column":286}},{"start":{"line":7,"column":232},"end":{"line":7,"column":286}}],"line":7},"2":{"loc":{"start":{"line":7,"column":407},"end":{"line":7,"column":475}},"type":"if","locations":[{"start":{"line":7,"column":407},"end":{"line":7,"column":475}},{"start":{"line":7,"column":407},"end":{"line":7,"column":475}}],"line":7},"3":{"loc":{"start":{"line":7,"column":476},"end":{"line":7,"column":536}},"type":"if","locations":[{"start":{"line":7,"column":476},"end":{"line":7,"column":536}},{"start":{"line":7,"column":476},"end":{"line":7,"column":536}}],"line":7},"4":{"loc":{"start":{"line":27,"column":46},"end":{"line":27,"column":92}},"type":"cond-expr","locations":[{"start":{"line":27,"column":70},"end":{"line":27,"column":73}},{"start":{"line":27,"column":76},"end":{"line":27,"column":92}}],"line":27},"5":{"loc":{"start":{"line":27,"column":46},"end":{"line":27,"column":67}},"type":"binary-expr","locations":[{"start":{"line":27,"column":46},"end":{"line":27,"column":49}},{"start":{"line":27,"column":53},"end":{"line":27,"column":67}}],"line":27},"6":{"loc":{"start":{"line":29,"column":50},"end":{"line":29,"column":151}},"type":"if","locations":[{"start":{"line":29,"column":50},"end":{"line":29,"column":151}},{"start":{"line":29,"column":50},"end":{"line":29,"column":151}}],"line":29},"7":{"loc":{"start":{"line":31,"column":50},"end":{"line":31,"column":151}},"type":"if","locations":[{"start":{"line":31,"column":50},"end":{"line":31,"column":151}},{"start":{"line":31,"column":50},"end":{"line":31,"column":151}}],"line":31},"8":{"loc":{"start":{"line":31,"column":159},"end":{"line":31,"column":237}},"type":"cond-expr","locations":[{"start":{"line":31,"column":226},"end":{"line":31,"column":230}},{"start":{"line":31,"column":233},"end":{"line":31,"column":237}}],"line":31},"9":{"loc":{"start":{"line":31,"column":159},"end":{"line":31,"column":223}},"type":"binary-expr","locations":[{"start":{"line":31,"column":159},"end":{"line":31,"column":163}},{"start":{"line":31,"column":168},"end":{"line":31,"column":192}},{"start":{"line":31,"column":196},"end":{"line":31,"column":222}}],"line":31},"10":{"loc":{"start":{"line":33,"column":43},"end":{"line":33,"column":208}},"type":"if","locations":[{"start":{"line":33,"column":43},"end":{"line":33,"column":208}},{"start":{"line":33,"column":43},"end":{"line":33,"column":208}}],"line":33},"11":{"loc":{"start":{"line":33,"column":47},"end":{"line":33,"column":102}},"type":"binary-expr","locations":[{"start":{"line":33,"column":47},"end":{"line":33,"column":79}},{"start":{"line":33,"column":83},"end":{"line":33,"column":102}}],"line":33},"12":{"loc":{"start":{"line":33,"column":244},"end":{"line":33,"column":278}},"type":"binary-expr","locations":[{"start":{"line":33,"column":244},"end":{"line":33,"column":254}},{"start":{"line":33,"column":258},"end":{"line":33,"column":278}}],"line":33},"13":{"loc":{"start":{"line":33,"column":374},"end":{"line":33,"column":492}},"type":"if","locations":[{"start":{"line":33,"column":374},"end":{"line":33,"column":492}},{"start":{"line":33,"column":374},"end":{"line":33,"column":492}}],"line":33},"14":{"loc":{"start":{"line":33,"column":390},"end":{"line":33,"column":491}},"type":"cond-expr","locations":[{"start":{"line":33,"column":414},"end":{"line":33,"column":457}},{"start":{"line":33,"column":460},"end":{"line":33,"column":491}}],"line":33},"15":{"loc":{"start":{"line":41,"column":50},"end":{"line":41,"column":97}},"type":"binary-expr","locations":[{"start":{"line":41,"column":50},"end":{"line":41,"column":65}},{"start":{"line":41,"column":69},"end":{"line":41,"column":97}}],"line":41},"16":{"loc":{"start":{"line":67,"column":6},"end":{"line":80,"column":7}},"type":"if","locations":[{"start":{"line":67,"column":6},"end":{"line":80,"column":7}},{"start":{"line":67,"column":6},"end":{"line":80,"column":7}}],"line":67},"17":{"loc":{"start":{"line":67,"column":10},"end":{"line":67,"column":44}},"type":"binary-expr","locations":[{"start":{"line":67,"column":10},"end":{"line":67,"column":25}},{"start":{"line":67,"column":29},"end":{"line":67,"column":44}}],"line":67},"18":{"loc":{"start":{"line":70,"column":10},"end":{"line":76,"column":11}},"type":"if","locations":[{"start":{"line":70,"column":10},"end":{"line":76,"column":11}},{"start":{"line":70,"column":10},"end":{"line":76,"column":11}}],"line":70},"19":{"loc":{"start":{"line":87,"column":6},"end":{"line":90,"column":7}},"type":"if","locations":[{"start":{"line":87,"column":6},"end":{"line":90,"column":7}},{"start":{"line":87,"column":6},"end":{"line":90,"column":7}}],"line":87},"20":{"loc":{"start":{"line":121,"column":8},"end":{"line":125,"column":9}},"type":"cond-expr","locations":[{"start":{"line":121,"column":42},"end":{"line":121,"column":44}},{"start":{"line":121,"column":47},"end":{"line":125,"column":9}}],"line":121}},"s":{"0":1,"1":1,"2":1,"3":3,"4":3,"5":3,"6":3,"7":3,"8":3,"9":1,"10":1,"11":1,"12":1,"13":0,"14":1,"15":1,"16":1,"17":1,"18":1,"19":1,"20":1,"21":1,"22":1,"23":1,"24":4,"25":0,"26":0,"27":0,"28":0,"29":0,"30":1,"31":0,"32":1,"33":1,"34":1,"35":1,"36":1,"37":0,"38":0,"39":0,"40":0,"41":0,"42":0,"43":1,"44":0,"45":0,"46":0,"47":0,"48":0,"49":0,"50":0,"51":0,"52":0,"53":0,"54":0,"55":0,"56":0,"57":0,"58":0,"59":0,"60":0,"61":0,"62":0,"63":0,"64":0,"65":0,"66":0,"67":1,"68":1,"69":0,"70":0,"71":1},"f":{"0":1,"1":1,"2":1,"3":4,"4":0,"5":0,"6":1,"7":1,"8":0,"9":0,"10":0,"11":0,"12":0,"13":0,"14":0,"15":0,"16":0},"b":{"0":[3,3],"1":[3,0],"2":[1,0],"3":[0,1],"4":[3,1],"5":[4,4],"6":[0,0],"7":[0,0],"8":[0,0],"9":[0,0,0],"10":[0,1],"11":[1,0],"12":[1,1],"13":[1,0],"14":[1,0],"15":[0,0],"16":[0,0],"17":[0,0],"18":[0,0],"19":[0,0],"20":[0,0]},"_coverageSchema":"332fd63041d2c1bcb487cc26dd0d5f7d97098a6c","hash":"edf76287b1a829c41ef0715bf51da15177e8d92b","contentHash":"bf49c330ee275c5f3e2c3a9e7ce4eb61_11.1.0"}}