{"/Users/andeladeveloper/Desktop/workspace/postit/client/js/spec/client-tests.js":{"path":"/Users/andeladeveloper/Desktop/workspace/postit/client/js/spec/client-tests.js","statementMap":{"0":{"start":{"line":3,"column":0},"end":{"line":5,"column":3}},"1":{"start":{"line":7,"column":13},"end":{"line":7,"column":36}},"2":{"start":{"line":9,"column":14},"end":{"line":9,"column":44}},"3":{"start":{"line":11,"column":39},"end":{"line":11,"column":93}},"4":{"start":{"line":13,"column":0},"end":{"line":13,"column":45}}},"fnMap":{"0":{"name":"_interopRequireDefault","decl":{"start":{"line":11,"column":9},"end":{"line":11,"column":31}},"loc":{"start":{"line":11,"column":37},"end":{"line":11,"column":95}},"line":11}},"branchMap":{"0":{"loc":{"start":{"line":11,"column":46},"end":{"line":11,"column":92}},"type":"cond-expr","locations":[{"start":{"line":11,"column":70},"end":{"line":11,"column":73}},{"start":{"line":11,"column":76},"end":{"line":11,"column":92}}],"line":11},"1":{"loc":{"start":{"line":11,"column":46},"end":{"line":11,"column":67}},"type":"binary-expr","locations":[{"start":{"line":11,"column":46},"end":{"line":11,"column":49}},{"start":{"line":11,"column":53},"end":{"line":11,"column":67}}],"line":11}},"s":{"0":1,"1":1,"2":0,"3":0,"4":0},"f":{"0":0},"b":{"0":[0,0],"1":[0,0]},"_coverageSchema":"332fd63041d2c1bcb487cc26dd0d5f7d97098a6c","hash":"dc351a654ff8582ca851a11916f2f29fadfcb9c5","contentHash":"5b569daaa361df6413327f15f36ae1f2_11.1.0"},"/Users/andeladeveloper/Desktop/workspace/postit/client/js/spec/login.spec.js":{"path":"/Users/andeladeveloper/Desktop/workspace/postit/client/js/spec/login.spec.js","statementMap":{"0":{"start":{"line":3,"column":13},"end":{"line":3,"column":29}},"1":{"start":{"line":5,"column":14},"end":{"line":5,"column":44}},"2":{"start":{"line":7,"column":14},"end":{"line":7,"column":31}},"3":{"start":{"line":9,"column":12},"end":{"line":9,"column":27}},"4":{"start":{"line":11,"column":18},"end":{"line":11,"column":40}},"5":{"start":{"line":13,"column":22},"end":{"line":13,"column":57}},"6":{"start":{"line":15,"column":23},"end":{"line":15,"column":62}},"7":{"start":{"line":17,"column":13},"end":{"line":17,"column":58}},"8":{"start":{"line":19,"column":14},"end":{"line":19,"column":44}},"9":{"start":{"line":21,"column":39},"end":{"line":21,"column":93}},"10":{"start":{"line":23,"column":12},"end":{"line":23,"column":43}},"11":{"start":{"line":25,"column":0},"end":{"line":40,"column":3}},"12":{"start":{"line":26,"column":2},"end":{"line":33,"column":5}},"13":{"start":{"line":27,"column":18},"end":{"line":31,"column":6}},"14":{"start":{"line":32,"column":4},"end":{"line":32,"column":61}},"15":{"start":{"line":35,"column":2},"end":{"line":39,"column":5}},"16":{"start":{"line":36,"column":18},"end":{"line":36,"column":92}},"17":{"start":{"line":37,"column":4},"end":{"line":37,"column":59}},"18":{"start":{"line":38,"column":4},"end":{"line":38,"column":57}}},"fnMap":{"0":{"name":"_interopRequireDefault","decl":{"start":{"line":21,"column":9},"end":{"line":21,"column":31}},"loc":{"start":{"line":21,"column":37},"end":{"line":21,"column":95}},"line":21},"1":{"name":"(anonymous_1)","decl":{"start":{"line":25,"column":21},"end":{"line":25,"column":22}},"loc":{"start":{"line":25,"column":33},"end":{"line":40,"column":1}},"line":25},"2":{"name":"(anonymous_2)","decl":{"start":{"line":26,"column":53},"end":{"line":26,"column":54}},"loc":{"start":{"line":26,"column":65},"end":{"line":33,"column":3}},"line":26},"3":{"name":"(anonymous_3)","decl":{"start":{"line":35,"column":44},"end":{"line":35,"column":45}},"loc":{"start":{"line":35,"column":56},"end":{"line":39,"column":3}},"line":35}},"branchMap":{"0":{"loc":{"start":{"line":21,"column":46},"end":{"line":21,"column":92}},"type":"cond-expr","locations":[{"start":{"line":21,"column":70},"end":{"line":21,"column":73}},{"start":{"line":21,"column":76},"end":{"line":21,"column":92}}],"line":21},"1":{"loc":{"start":{"line":21,"column":46},"end":{"line":21,"column":67}},"type":"binary-expr","locations":[{"start":{"line":21,"column":46},"end":{"line":21,"column":49}},{"start":{"line":21,"column":53},"end":{"line":21,"column":67}}],"line":21}},"s":{"0":1,"1":1,"2":1,"3":1,"4":1,"5":1,"6":1,"7":1,"8":1,"9":3,"10":1,"11":0,"12":0,"13":0,"14":0,"15":0,"16":0,"17":0,"18":0},"f":{"0":3,"1":0,"2":0,"3":0},"b":{"0":[2,1],"1":[3,3]},"_coverageSchema":"332fd63041d2c1bcb487cc26dd0d5f7d97098a6c","hash":"4998adbace72cfd7ae9f83d59eebb091601cb953","contentHash":"9b5cc5f5d344f82f1f55a7dfe9e65744_11.1.0"},"/Users/andeladeveloper/Desktop/workspace/postit/client/js/stores/configureStore.js":{"path":"/Users/andeladeveloper/Desktop/workspace/postit/client/js/stores/configureStore.js","statementMap":{"0":{"start":{"line":3,"column":0},"end":{"line":5,"column":3}},"1":{"start":{"line":7,"column":13},"end":{"line":7,"column":29}},"2":{"start":{"line":9,"column":18},"end":{"line":9,"column":40}},"3":{"start":{"line":11,"column":19},"end":{"line":11,"column":54}},"4":{"start":{"line":13,"column":16},"end":{"line":13,"column":38}},"5":{"start":{"line":15,"column":17},"end":{"line":15,"column":50}},"6":{"start":{"line":17,"column":39},"end":{"line":17,"column":93}},"7":{"start":{"line":19,"column":21},"end":{"line":21,"column":1}},"8":{"start":{"line":20,"column":2},"end":{"line":20,"column":196}},"9":{"start":{"line":23,"column":0},"end":{"line":23,"column":33}}},"fnMap":{"0":{"name":"_interopRequireDefault","decl":{"start":{"line":17,"column":9},"end":{"line":17,"column":31}},"loc":{"start":{"line":17,"column":37},"end":{"line":17,"column":95}},"line":17},"1":{"name":"configureStore","decl":{"start":{"line":19,"column":30},"end":{"line":19,"column":44}},"loc":{"start":{"line":19,"column":59},"end":{"line":21,"column":1}},"line":19}},"branchMap":{"0":{"loc":{"start":{"line":17,"column":46},"end":{"line":17,"column":92}},"type":"cond-expr","locations":[{"start":{"line":17,"column":70},"end":{"line":17,"column":73}},{"start":{"line":17,"column":76},"end":{"line":17,"column":92}}],"line":17},"1":{"loc":{"start":{"line":17,"column":46},"end":{"line":17,"column":67}},"type":"binary-expr","locations":[{"start":{"line":17,"column":46},"end":{"line":17,"column":49}},{"start":{"line":17,"column":53},"end":{"line":17,"column":67}}],"line":17},"2":{"loc":{"start":{"line":20,"column":67},"end":{"line":20,"column":143}},"type":"binary-expr","locations":[{"start":{"line":20,"column":67},"end":{"line":20,"column":102}},{"start":{"line":20,"column":106},"end":{"line":20,"column":143}}],"line":20}},"s":{"0":1,"1":1,"2":1,"3":1,"4":1,"5":1,"6":2,"7":1,"8":1,"9":1},"f":{"0":2,"1":1},"b":{"0":[2,0],"1":[2,2],"2":[1,0]},"_coverageSchema":"332fd63041d2c1bcb487cc26dd0d5f7d97098a6c","hash":"484b616942942c911a1c952cb96995f72c73418b","contentHash":"3c6f7c13a1ca6e80b4a5531dd4d3e5e3_11.1.0"},"/Users/andeladeveloper/Desktop/workspace/postit/client/js/reducers/index.js":{"path":"/Users/andeladeveloper/Desktop/workspace/postit/client/js/reducers/index.js","statementMap":{"0":{"start":{"line":3,"column":0},"end":{"line":5,"column":3}},"1":{"start":{"line":7,"column":13},"end":{"line":7,"column":29}},"2":{"start":{"line":9,"column":21},"end":{"line":9,"column":47}},"3":{"start":{"line":11,"column":22},"end":{"line":11,"column":60}},"4":{"start":{"line":13,"column":12},"end":{"line":13,"column":29}},"5":{"start":{"line":15,"column":13},"end":{"line":15,"column":42}},"6":{"start":{"line":17,"column":16},"end":{"line":17,"column":37}},"7":{"start":{"line":19,"column":17},"end":{"line":19,"column":50}},"8":{"start":{"line":21,"column":39},"end":{"line":21,"column":93}},"9":{"start":{"line":23,"column":18},"end":{"line":27,"column":2}},"10":{"start":{"line":29,"column":0},"end":{"line":29,"column":30}}},"fnMap":{"0":{"name":"_interopRequireDefault","decl":{"start":{"line":21,"column":9},"end":{"line":21,"column":31}},"loc":{"start":{"line":21,"column":37},"end":{"line":21,"column":95}},"line":21}},"branchMap":{"0":{"loc":{"start":{"line":21,"column":46},"end":{"line":21,"column":92}},"type":"cond-expr","locations":[{"start":{"line":21,"column":70},"end":{"line":21,"column":73}},{"start":{"line":21,"column":76},"end":{"line":21,"column":92}}],"line":21},"1":{"loc":{"start":{"line":21,"column":46},"end":{"line":21,"column":67}},"type":"binary-expr","locations":[{"start":{"line":21,"column":46},"end":{"line":21,"column":49}},{"start":{"line":21,"column":53},"end":{"line":21,"column":67}}],"line":21}},"s":{"0":1,"1":1,"2":1,"3":1,"4":1,"5":1,"6":1,"7":1,"8":3,"9":1,"10":1},"f":{"0":3},"b":{"0":[3,0],"1":[3,3]},"_coverageSchema":"332fd63041d2c1bcb487cc26dd0d5f7d97098a6c","hash":"f40e0deb744ed0a81d83ac746be74d242f59780f","contentHash":"9b0517338cfab61c6b40db649cd5449f_11.1.0"},"/Users/andeladeveloper/Desktop/workspace/postit/client/js/reducers/selectedGroup.js":{"path":"/Users/andeladeveloper/Desktop/workspace/postit/client/js/reducers/selectedGroup.js","statementMap":{"0":{"start":{"line":3,"column":0},"end":{"line":5,"column":3}},"1":{"start":{"line":6,"column":20},"end":{"line":18,"column":1}},"2":{"start":{"line":7,"column":14},"end":{"line":7,"column":84}},"3":{"start":{"line":8,"column":15},"end":{"line":8,"column":27}},"4":{"start":{"line":9,"column":13},"end":{"line":9,"column":24}},"5":{"start":{"line":10,"column":14},"end":{"line":10,"column":26}},"6":{"start":{"line":12,"column":2},"end":{"line":17,"column":3}},"7":{"start":{"line":14,"column":6},"end":{"line":14,"column":19}},"8":{"start":{"line":16,"column":6},"end":{"line":16,"column":19}},"9":{"start":{"line":20,"column":0},"end":{"line":20,"column":32}}},"fnMap":{"0":{"name":"selectedGroup","decl":{"start":{"line":6,"column":29},"end":{"line":6,"column":42}},"loc":{"start":{"line":6,"column":45},"end":{"line":18,"column":1}},"line":6}},"branchMap":{"0":{"loc":{"start":{"line":7,"column":14},"end":{"line":7,"column":84}},"type":"cond-expr","locations":[{"start":{"line":7,"column":67},"end":{"line":7,"column":79}},{"start":{"line":7,"column":82},"end":{"line":7,"column":84}}],"line":7},"1":{"loc":{"start":{"line":7,"column":14},"end":{"line":7,"column":64}},"type":"binary-expr","locations":[{"start":{"line":7,"column":14},"end":{"line":7,"column":34}},{"start":{"line":7,"column":38},"end":{"line":7,"column":64}}],"line":7},"2":{"loc":{"start":{"line":12,"column":2},"end":{"line":17,"column":3}},"type":"switch","locations":[{"start":{"line":13,"column":4},"end":{"line":14,"column":19}},{"start":{"line":15,"column":4},"end":{"line":16,"column":19}}],"line":12}},"s":{"0":1,"1":1,"2":2,"3":2,"4":2,"5":2,"6":2,"7":0,"8":2,"9":1},"f":{"0":2},"b":{"0":[0,2],"1":[2,2],"2":[0,2]},"_coverageSchema":"332fd63041d2c1bcb487cc26dd0d5f7d97098a6c","hash":"1aed4dd04aa275b132c7815460c13a8c7b6f56c1","contentHash":"a800ad221e9395cc79dbf71583235560_11.1.0"},"/Users/andeladeveloper/Desktop/workspace/postit/client/js/reducers/user.js":{"path":"/Users/andeladeveloper/Desktop/workspace/postit/client/js/reducers/user.js","statementMap":{"0":{"start":{"line":3,"column":0},"end":{"line":5,"column":3}},"1":{"start":{"line":6,"column":15},"end":{"line":20,"column":1}},"2":{"start":{"line":7,"column":14},"end":{"line":7,"column":86}},"3":{"start":{"line":8,"column":15},"end":{"line":8,"column":27}},"4":{"start":{"line":9,"column":13},"end":{"line":9,"column":24}},"5":{"start":{"line":10,"column":13},"end":{"line":10,"column":24}},"6":{"start":{"line":12,"column":2},"end":{"line":19,"column":3}},"7":{"start":{"line":14,"column":6},"end":{"line":14,"column":18}},"8":{"start":{"line":16,"column":6},"end":{"line":16,"column":18}},"9":{"start":{"line":18,"column":6},"end":{"line":18,"column":19}},"10":{"start":{"line":22,"column":0},"end":{"line":22,"column":27}}},"fnMap":{"0":{"name":"userData","decl":{"start":{"line":6,"column":24},"end":{"line":6,"column":32}},"loc":{"start":{"line":6,"column":35},"end":{"line":20,"column":1}},"line":6}},"branchMap":{"0":{"loc":{"start":{"line":7,"column":14},"end":{"line":7,"column":86}},"type":"cond-expr","locations":[{"start":{"line":7,"column":67},"end":{"line":7,"column":79}},{"start":{"line":7,"column":82},"end":{"line":7,"column":86}}],"line":7},"1":{"loc":{"start":{"line":7,"column":14},"end":{"line":7,"column":64}},"type":"binary-expr","locations":[{"start":{"line":7,"column":14},"end":{"line":7,"column":34}},{"start":{"line":7,"column":38},"end":{"line":7,"column":64}}],"line":7},"2":{"loc":{"start":{"line":12,"column":2},"end":{"line":19,"column":3}},"type":"switch","locations":[{"start":{"line":13,"column":4},"end":{"line":14,"column":18}},{"start":{"line":15,"column":4},"end":{"line":16,"column":18}},{"start":{"line":17,"column":4},"end":{"line":18,"column":19}}],"line":12}},"s":{"0":1,"1":1,"2":2,"3":2,"4":2,"5":2,"6":2,"7":0,"8":0,"9":2,"10":1},"f":{"0":2},"b":{"0":[0,2],"1":[2,2],"2":[0,0,2]},"_coverageSchema":"332fd63041d2c1bcb487cc26dd0d5f7d97098a6c","hash":"a9da01ba445ea5cbbd7af08034c7db34d8acbecf","contentHash":"577d061472914f266ca3082da0c2fe83_11.1.0"},"/Users/andeladeveloper/Desktop/workspace/postit/client/js/reducers/messages.js":{"path":"/Users/andeladeveloper/Desktop/workspace/postit/client/js/reducers/messages.js","statementMap":{"0":{"start":{"line":3,"column":0},"end":{"line":5,"column":3}},"1":{"start":{"line":7,"column":35},"end":{"line":7,"column":193}},"2":{"start":{"line":7,"column":61},"end":{"line":7,"column":145}},"3":{"start":{"line":7,"column":126},"end":{"line":7,"column":143}},"4":{"start":{"line":7,"column":146},"end":{"line":7,"column":158}},"5":{"start":{"line":7,"column":168},"end":{"line":7,"column":191}},"6":{"start":{"line":9,"column":15},"end":{"line":23,"column":1}},"7":{"start":{"line":10,"column":14},"end":{"line":10,"column":84}},"8":{"start":{"line":11,"column":15},"end":{"line":11,"column":27}},"9":{"start":{"line":12,"column":13},"end":{"line":12,"column":24}},"10":{"start":{"line":13,"column":19},"end":{"line":13,"column":36}},"11":{"start":{"line":15,"column":2},"end":{"line":22,"column":3}},"12":{"start":{"line":17,"column":6},"end":{"line":17,"column":64}},"13":{"start":{"line":19,"column":6},"end":{"line":19,"column":29}},"14":{"start":{"line":21,"column":6},"end":{"line":21,"column":19}},"15":{"start":{"line":25,"column":0},"end":{"line":25,"column":27}}},"fnMap":{"0":{"name":"_toConsumableArray","decl":{"start":{"line":7,"column":9},"end":{"line":7,"column":27}},"loc":{"start":{"line":7,"column":33},"end":{"line":7,"column":195}},"line":7},"1":{"name":"messages","decl":{"start":{"line":9,"column":24},"end":{"line":9,"column":32}},"loc":{"start":{"line":9,"column":35},"end":{"line":23,"column":1}},"line":9}},"branchMap":{"0":{"loc":{"start":{"line":7,"column":35},"end":{"line":7,"column":193}},"type":"if","locations":[{"start":{"line":7,"column":35},"end":{"line":7,"column":193}},{"start":{"line":7,"column":35},"end":{"line":7,"column":193}}],"line":7},"1":{"loc":{"start":{"line":10,"column":14},"end":{"line":10,"column":84}},"type":"cond-expr","locations":[{"start":{"line":10,"column":67},"end":{"line":10,"column":79}},{"start":{"line":10,"column":82},"end":{"line":10,"column":84}}],"line":10},"2":{"loc":{"start":{"line":10,"column":14},"end":{"line":10,"column":64}},"type":"binary-expr","locations":[{"start":{"line":10,"column":14},"end":{"line":10,"column":34}},{"start":{"line":10,"column":38},"end":{"line":10,"column":64}}],"line":10},"3":{"loc":{"start":{"line":15,"column":2},"end":{"line":22,"column":3}},"type":"switch","locations":[{"start":{"line":16,"column":4},"end":{"line":17,"column":64}},{"start":{"line":18,"column":4},"end":{"line":19,"column":29}},{"start":{"line":20,"column":4},"end":{"line":21,"column":19}}],"line":15}},"s":{"0":1,"1":0,"2":0,"3":0,"4":0,"5":0,"6":1,"7":2,"8":2,"9":2,"10":2,"11":2,"12":0,"13":0,"14":2,"15":1},"f":{"0":0,"1":2},"b":{"0":[0,0],"1":[0,2],"2":[2,2],"3":[0,0,2]},"_coverageSchema":"332fd63041d2c1bcb487cc26dd0d5f7d97098a6c","hash":"e6ef15bfc2a8e582165badd0ee24728e0f401844","contentHash":"7fe180f37dfd8844ddba9e421dca3475_11.1.0"},"/Users/andeladeveloper/Desktop/workspace/postit/client/js/components/presentational/login.js":{"path":"/Users/andeladeveloper/Desktop/workspace/postit/client/js/components/presentational/login.js","statementMap":{"0":{"start":{"line":3,"column":0},"end":{"line":5,"column":3}},"1":{"start":{"line":7,"column":19},"end":{"line":7,"column":563}},"2":{"start":{"line":7,"column":76},"end":{"line":7,"column":347}},"3":{"start":{"line":7,"column":134},"end":{"line":7,"column":142}},"4":{"start":{"line":7,"column":144},"end":{"line":7,"column":199}},"5":{"start":{"line":7,"column":200},"end":{"line":7,"column":231}},"6":{"start":{"line":7,"column":232},"end":{"line":7,"column":286}},"7":{"start":{"line":7,"column":259},"end":{"line":7,"column":286}},"8":{"start":{"line":7,"column":287},"end":{"line":7,"column":345}},"9":{"start":{"line":7,"column":350},"end":{"line":7,"column":559}},"10":{"start":{"line":7,"column":407},"end":{"line":7,"column":475}},"11":{"start":{"line":7,"column":423},"end":{"line":7,"column":475}},"12":{"start":{"line":7,"column":476},"end":{"line":7,"column":536}},"13":{"start":{"line":7,"column":493},"end":{"line":7,"column":536}},"14":{"start":{"line":7,"column":537},"end":{"line":7,"column":556}},"15":{"start":{"line":9,"column":13},"end":{"line":9,"column":29}},"16":{"start":{"line":11,"column":14},"end":{"line":11,"column":44}},"17":{"start":{"line":13,"column":18},"end":{"line":13,"column":40}},"18":{"start":{"line":15,"column":12},"end":{"line":15,"column":29}},"19":{"start":{"line":17,"column":13},"end":{"line":17,"column":42}},"20":{"start":{"line":19,"column":17},"end":{"line":19,"column":51}},"21":{"start":{"line":21,"column":18},"end":{"line":21,"column":52}},"22":{"start":{"line":23,"column":11},"end":{"line":23,"column":36}},"23":{"start":{"line":25,"column":12},"end":{"line":25,"column":40}},"24":{"start":{"line":27,"column":39},"end":{"line":27,"column":93}},"25":{"start":{"line":29,"column":50},"end":{"line":29,"column":151}},"26":{"start":{"line":29,"column":92},"end":{"line":29,"column":149}},"27":{"start":{"line":31,"column":50},"end":{"line":31,"column":151}},"28":{"start":{"line":31,"column":63},"end":{"line":31,"column":149}},"29":{"start":{"line":31,"column":152},"end":{"line":31,"column":238}},"30":{"start":{"line":33,"column":43},"end":{"line":33,"column":208}},"31":{"start":{"line":33,"column":106},"end":{"line":33,"column":206}},"32":{"start":{"line":33,"column":209},"end":{"line":33,"column":373}},"33":{"start":{"line":33,"column":374},"end":{"line":33,"column":492}},"34":{"start":{"line":33,"column":390},"end":{"line":33,"column":492}},"35":{"start":{"line":35,"column":12},"end":{"line":153,"column":28}},"36":{"start":{"line":36,"column":2},"end":{"line":36,"column":37}},"37":{"start":{"line":39,"column":4},"end":{"line":39,"column":33}},"38":{"start":{"line":41,"column":16},"end":{"line":41,"column":117}},"39":{"start":{"line":43,"column":4},"end":{"line":43,"column":54}},"40":{"start":{"line":44,"column":4},"end":{"line":44,"column":46}},"41":{"start":{"line":45,"column":4},"end":{"line":47,"column":6}},"42":{"start":{"line":48,"column":4},"end":{"line":48,"column":17}},"43":{"start":{"line":51,"column":2},"end":{"line":150,"column":6}},"44":{"start":{"line":54,"column":6},"end":{"line":54,"column":43}},"45":{"start":{"line":59,"column":19},"end":{"line":59,"column":23}},"46":{"start":{"line":61,"column":6},"end":{"line":61,"column":25}},"47":{"start":{"line":62,"column":21},"end":{"line":62,"column":34}},"48":{"start":{"line":63,"column":21},"end":{"line":63,"column":34}},"49":{"start":{"line":65,"column":6},"end":{"line":65,"column":39}},"50":{"start":{"line":66,"column":6},"end":{"line":66,"column":32}},"51":{"start":{"line":67,"column":6},"end":{"line":80,"column":7}},"52":{"start":{"line":68,"column":25},"end":{"line":68,"column":73}},"53":{"start":{"line":69,"column":8},"end":{"line":77,"column":11}},"54":{"start":{"line":70,"column":10},"end":{"line":76,"column":11}},"55":{"start":{"line":71,"column":12},"end":{"line":71,"column":64}},"56":{"start":{"line":72,"column":12},"end":{"line":72,"column":70}},"57":{"start":{"line":73,"column":12},"end":{"line":73,"column":41}},"58":{"start":{"line":75,"column":12},"end":{"line":75,"column":72}},"59":{"start":{"line":79,"column":8},"end":{"line":79,"column":80}},"60":{"start":{"line":85,"column":19},"end":{"line":85,"column":23}},"61":{"start":{"line":87,"column":6},"end":{"line":90,"column":7}},"62":{"start":{"line":88,"column":8},"end":{"line":88,"column":37}},"63":{"start":{"line":89,"column":8},"end":{"line":89,"column":20}},"64":{"start":{"line":91,"column":6},"end":{"line":148,"column":8}},"65":{"start":{"line":100,"column":14},"end":{"line":100,"column":38}},"66":{"start":{"line":113,"column":14},"end":{"line":113,"column":38}},"67":{"start":{"line":152,"column":2},"end":{"line":152,"column":15}},"68":{"start":{"line":155,"column":25},"end":{"line":161,"column":1}},"69":{"start":{"line":156,"column":2},"end":{"line":160,"column":4}},"70":{"start":{"line":158,"column":6},"end":{"line":158,"column":54}},"71":{"start":{"line":163,"column":0},"end":{"line":163,"column":76}}},"fnMap":{"0":{"name":"(anonymous_0)","decl":{"start":{"line":7,"column":19},"end":{"line":7,"column":20}},"loc":{"start":{"line":7,"column":31},"end":{"line":7,"column":561}},"line":7},"1":{"name":"defineProperties","decl":{"start":{"line":7,"column":42},"end":{"line":7,"column":58}},"loc":{"start":{"line":7,"column":74},"end":{"line":7,"column":349}},"line":7},"2":{"name":"(anonymous_2)","decl":{"start":{"line":7,"column":357},"end":{"line":7,"column":358}},"loc":{"start":{"line":7,"column":405},"end":{"line":7,"column":558}},"line":7},"3":{"name":"_interopRequireDefault","decl":{"start":{"line":27,"column":9},"end":{"line":27,"column":31}},"loc":{"start":{"line":27,"column":37},"end":{"line":27,"column":95}},"line":27},"4":{"name":"_classCallCheck","decl":{"start":{"line":29,"column":9},"end":{"line":29,"column":24}},"loc":{"start":{"line":29,"column":48},"end":{"line":29,"column":153}},"line":29},"5":{"name":"_possibleConstructorReturn","decl":{"start":{"line":31,"column":9},"end":{"line":31,"column":35}},"loc":{"start":{"line":31,"column":48},"end":{"line":31,"column":240}},"line":31},"6":{"name":"_inherits","decl":{"start":{"line":33,"column":9},"end":{"line":33,"column":18}},"loc":{"start":{"line":33,"column":41},"end":{"line":33,"column":494}},"line":33},"7":{"name":"(anonymous_7)","decl":{"start":{"line":35,"column":12},"end":{"line":35,"column":13}},"loc":{"start":{"line":35,"column":40},"end":{"line":153,"column":1}},"line":35},"8":{"name":"Login","decl":{"start":{"line":38,"column":11},"end":{"line":38,"column":16}},"loc":{"start":{"line":38,"column":24},"end":{"line":49,"column":3}},"line":38},"9":{"name":"onFocus","decl":{"start":{"line":53,"column":20},"end":{"line":53,"column":27}},"loc":{"start":{"line":53,"column":30},"end":{"line":55,"column":5}},"line":53},"10":{"name":"onLoginUser","decl":{"start":{"line":58,"column":20},"end":{"line":58,"column":31}},"loc":{"start":{"line":58,"column":35},"end":{"line":81,"column":5}},"line":58},"11":{"name":"(anonymous_11)","decl":{"start":{"line":69,"column":67},"end":{"line":69,"column":68}},"loc":{"start":{"line":69,"column":88},"end":{"line":77,"column":9}},"line":69},"12":{"name":"render","decl":{"start":{"line":84,"column":20},"end":{"line":84,"column":26}},"loc":{"start":{"line":84,"column":29},"end":{"line":149,"column":5}},"line":84},"13":{"name":"ref","decl":{"start":{"line":99,"column":26},"end":{"line":99,"column":29}},"loc":{"start":{"line":99,"column":37},"end":{"line":101,"column":13}},"line":99},"14":{"name":"ref","decl":{"start":{"line":112,"column":60},"end":{"line":112,"column":63}},"loc":{"start":{"line":112,"column":71},"end":{"line":114,"column":13}},"line":112},"15":{"name":"mapDispatchToProps","decl":{"start":{"line":155,"column":34},"end":{"line":155,"column":52}},"loc":{"start":{"line":155,"column":63},"end":{"line":161,"column":1}},"line":155},"16":{"name":"onLoginUser","decl":{"start":{"line":157,"column":26},"end":{"line":157,"column":37}},"loc":{"start":{"line":157,"column":44},"end":{"line":159,"column":5}},"line":157}},"branchMap":{"0":{"loc":{"start":{"line":7,"column":168},"end":{"line":7,"column":198}},"type":"binary-expr","locations":[{"start":{"line":7,"column":168},"end":{"line":7,"column":189}},{"start":{"line":7,"column":193},"end":{"line":7,"column":198}}],"line":7},"1":{"loc":{"start":{"line":7,"column":232},"end":{"line":7,"column":286}},"type":"if","locations":[{"start":{"line":7,"column":232},"end":{"line":7,"column":286}},{"start":{"line":7,"column":232},"end":{"line":7,"column":286}}],"line":7},"2":{"loc":{"start":{"line":7,"column":407},"end":{"line":7,"column":475}},"type":"if","locations":[{"start":{"line":7,"column":407},"end":{"line":7,"column":475}},{"start":{"line":7,"column":407},"end":{"line":7,"column":475}}],"line":7},"3":{"loc":{"start":{"line":7,"column":476},"end":{"line":7,"column":536}},"type":"if","locations":[{"start":{"line":7,"column":476},"end":{"line":7,"column":536}},{"start":{"line":7,"column":476},"end":{"line":7,"column":536}}],"line":7},"4":{"loc":{"start":{"line":27,"column":46},"end":{"line":27,"column":92}},"type":"cond-expr","locations":[{"start":{"line":27,"column":70},"end":{"line":27,"column":73}},{"start":{"line":27,"column":76},"end":{"line":27,"column":92}}],"line":27},"5":{"loc":{"start":{"line":27,"column":46},"end":{"line":27,"column":67}},"type":"binary-expr","locations":[{"start":{"line":27,"column":46},"end":{"line":27,"column":49}},{"start":{"line":27,"column":53},"end":{"line":27,"column":67}}],"line":27},"6":{"loc":{"start":{"line":29,"column":50},"end":{"line":29,"column":151}},"type":"if","locations":[{"start":{"line":29,"column":50},"end":{"line":29,"column":151}},{"start":{"line":29,"column":50},"end":{"line":29,"column":151}}],"line":29},"7":{"loc":{"start":{"line":31,"column":50},"end":{"line":31,"column":151}},"type":"if","locations":[{"start":{"line":31,"column":50},"end":{"line":31,"column":151}},{"start":{"line":31,"column":50},"end":{"line":31,"column":151}}],"line":31},"8":{"loc":{"start":{"line":31,"column":159},"end":{"line":31,"column":237}},"type":"cond-expr","locations":[{"start":{"line":31,"column":226},"end":{"line":31,"column":230}},{"start":{"line":31,"column":233},"end":{"line":31,"column":237}}],"line":31},"9":{"loc":{"start":{"line":31,"column":159},"end":{"line":31,"column":223}},"type":"binary-expr","locations":[{"start":{"line":31,"column":159},"end":{"line":31,"column":163}},{"start":{"line":31,"column":168},"end":{"line":31,"column":192}},{"start":{"line":31,"column":196},"end":{"line":31,"column":222}}],"line":31},"10":{"loc":{"start":{"line":33,"column":43},"end":{"line":33,"column":208}},"type":"if","locations":[{"start":{"line":33,"column":43},"end":{"line":33,"column":208}},{"start":{"line":33,"column":43},"end":{"line":33,"column":208}}],"line":33},"11":{"loc":{"start":{"line":33,"column":47},"end":{"line":33,"column":102}},"type":"binary-expr","locations":[{"start":{"line":33,"column":47},"end":{"line":33,"column":79}},{"start":{"line":33,"column":83},"end":{"line":33,"column":102}}],"line":33},"12":{"loc":{"start":{"line":33,"column":244},"end":{"line":33,"column":278}},"type":"binary-expr","locations":[{"start":{"line":33,"column":244},"end":{"line":33,"column":254}},{"start":{"line":33,"column":258},"end":{"line":33,"column":278}}],"line":33},"13":{"loc":{"start":{"line":33,"column":374},"end":{"line":33,"column":492}},"type":"if","locations":[{"start":{"line":33,"column":374},"end":{"line":33,"column":492}},{"start":{"line":33,"column":374},"end":{"line":33,"column":492}}],"line":33},"14":{"loc":{"start":{"line":33,"column":390},"end":{"line":33,"column":491}},"type":"cond-expr","locations":[{"start":{"line":33,"column":414},"end":{"line":33,"column":457}},{"start":{"line":33,"column":460},"end":{"line":33,"column":491}}],"line":33},"15":{"loc":{"start":{"line":41,"column":50},"end":{"line":41,"column":97}},"type":"binary-expr","locations":[{"start":{"line":41,"column":50},"end":{"line":41,"column":65}},{"start":{"line":41,"column":69},"end":{"line":41,"column":97}}],"line":41},"16":{"loc":{"start":{"line":67,"column":6},"end":{"line":80,"column":7}},"type":"if","locations":[{"start":{"line":67,"column":6},"end":{"line":80,"column":7}},{"start":{"line":67,"column":6},"end":{"line":80,"column":7}}],"line":67},"17":{"loc":{"start":{"line":67,"column":10},"end":{"line":67,"column":44}},"type":"binary-expr","locations":[{"start":{"line":67,"column":10},"end":{"line":67,"column":25}},{"start":{"line":67,"column":29},"end":{"line":67,"column":44}}],"line":67},"18":{"loc":{"start":{"line":70,"column":10},"end":{"line":76,"column":11}},"type":"if","locations":[{"start":{"line":70,"column":10},"end":{"line":76,"column":11}},{"start":{"line":70,"column":10},"end":{"line":76,"column":11}}],"line":70},"19":{"loc":{"start":{"line":87,"column":6},"end":{"line":90,"column":7}},"type":"if","locations":[{"start":{"line":87,"column":6},"end":{"line":90,"column":7}},{"start":{"line":87,"column":6},"end":{"line":90,"column":7}}],"line":87},"20":{"loc":{"start":{"line":121,"column":8},"end":{"line":125,"column":9}},"type":"cond-expr","locations":[{"start":{"line":121,"column":42},"end":{"line":121,"column":44}},{"start":{"line":121,"column":47},"end":{"line":125,"column":9}}],"line":121}},"s":{"0":1,"1":1,"2":1,"3":3,"4":3,"5":3,"6":3,"7":3,"8":3,"9":1,"10":1,"11":1,"12":1,"13":0,"14":1,"15":1,"16":1,"17":1,"18":1,"19":1,"20":1,"21":1,"22":1,"23":1,"24":4,"25":0,"26":0,"27":0,"28":0,"29":0,"30":1,"31":0,"32":1,"33":1,"34":1,"35":1,"36":1,"37":0,"38":0,"39":0,"40":0,"41":0,"42":0,"43":1,"44":0,"45":0,"46":0,"47":0,"48":0,"49":0,"50":0,"51":0,"52":0,"53":0,"54":0,"55":0,"56":0,"57":0,"58":0,"59":0,"60":0,"61":0,"62":0,"63":0,"64":0,"65":0,"66":0,"67":1,"68":1,"69":0,"70":0,"71":1},"f":{"0":1,"1":1,"2":1,"3":4,"4":0,"5":0,"6":1,"7":1,"8":0,"9":0,"10":0,"11":0,"12":0,"13":0,"14":0,"15":0,"16":0},"b":{"0":[3,3],"1":[3,0],"2":[1,0],"3":[0,1],"4":[3,1],"5":[4,4],"6":[0,0],"7":[0,0],"8":[0,0],"9":[0,0,0],"10":[0,1],"11":[1,0],"12":[1,1],"13":[1,0],"14":[1,0],"15":[0,0],"16":[0,0],"17":[0,0],"18":[0,0],"19":[0,0],"20":[0,0]},"_coverageSchema":"332fd63041d2c1bcb487cc26dd0d5f7d97098a6c","hash":"3895ff26d52461931caec35dbe0e2ab9b4ffe5f0","contentHash":"6c9ad7fc838d4a2e0e0334a0f25b2240_11.1.0"},"/Users/andeladeveloper/Desktop/workspace/postit/client/js/components/presentational/form.js":{"path":"/Users/andeladeveloper/Desktop/workspace/postit/client/js/components/presentational/form.js","statementMap":{"0":{"start":{"line":3,"column":0},"end":{"line":5,"column":3}},"1":{"start":{"line":7,"column":13},"end":{"line":7,"column":29}},"2":{"start":{"line":9,"column":14},"end":{"line":9,"column":44}},"3":{"start":{"line":11,"column":8},"end":{"line":11,"column":21}},"4":{"start":{"line":13,"column":39},"end":{"line":13,"column":93}},"5":{"start":{"line":15,"column":11},"end":{"line":67,"column":1}},"6":{"start":{"line":16,"column":14},"end":{"line":16,"column":24}},"7":{"start":{"line":17,"column":17},"end":{"line":17,"column":30}},"8":{"start":{"line":18,"column":15},"end":{"line":18,"column":26}},"9":{"start":{"line":19,"column":16},"end":{"line":19,"column":28}},"10":{"start":{"line":20,"column":22},"end":{"line":20,"column":35}},"11":{"start":{"line":21,"column":17},"end":{"line":21,"column":67}},"12":{"start":{"line":22,"column":2},"end":{"line":66,"column":4}},"13":{"start":{"line":69,"column":0},"end":{"line":69,"column":23}}},"fnMap":{"0":{"name":"_interopRequireDefault","decl":{"start":{"line":13,"column":9},"end":{"line":13,"column":31}},"loc":{"start":{"line":13,"column":37},"end":{"line":13,"column":95}},"line":13},"1":{"name":"Form","decl":{"start":{"line":15,"column":20},"end":{"line":15,"column":24}},"loc":{"start":{"line":15,"column":31},"end":{"line":67,"column":1}},"line":15}},"branchMap":{"0":{"loc":{"start":{"line":13,"column":46},"end":{"line":13,"column":92}},"type":"cond-expr","locations":[{"start":{"line":13,"column":70},"end":{"line":13,"column":73}},{"start":{"line":13,"column":76},"end":{"line":13,"column":92}}],"line":13},"1":{"loc":{"start":{"line":13,"column":46},"end":{"line":13,"column":67}},"type":"binary-expr","locations":[{"start":{"line":13,"column":46},"end":{"line":13,"column":49}},{"start":{"line":13,"column":53},"end":{"line":13,"column":67}}],"line":13},"2":{"loc":{"start":{"line":21,"column":17},"end":{"line":21,"column":67}},"type":"cond-expr","locations":[{"start":{"line":21,"column":47},"end":{"line":21,"column":51}},{"start":{"line":21,"column":54},"end":{"line":21,"column":67}}],"line":21},"3":{"loc":{"start":{"line":35,"column":10},"end":{"line":35,"column":105}},"type":"cond-expr","locations":[{"start":{"line":35,"column":21},"end":{"line":35,"column":100}},{"start":{"line":35,"column":103},"end":{"line":35,"column":105}}],"line":35}},"s":{"0":1,"1":1,"2":1,"3":1,"4":1,"5":1,"6":0,"7":0,"8":0,"9":0,"10":0,"11":0,"12":0,"13":1},"f":{"0":1,"1":0},"b":{"0":[0,1],"1":[1,1],"2":[0,0],"3":[0,0]},"_coverageSchema":"332fd63041d2c1bcb487cc26dd0d5f7d97098a6c","hash":"7bc6b15c725874026e849d5cbdcc8458f2400e69","contentHash":"bbf767e13d641315b02928e34d7f1021_11.1.0"},"/Users/andeladeveloper/Desktop/workspace/postit/client/js/components/presentational/index.js":{"path":"/Users/andeladeveloper/Desktop/workspace/postit/client/js/components/presentational/index.js","statementMap":{"0":{"start":{"line":3,"column":0},"end":{"line":5,"column":3}},"1":{"start":{"line":6,"column":0},"end":{"line":6,"column":172}},"2":{"start":{"line":8,"column":12},"end":{"line":8,"column":29}},"3":{"start":{"line":10,"column":13},"end":{"line":10,"column":42}},"4":{"start":{"line":12,"column":16},"end":{"line":12,"column":37}},"5":{"start":{"line":14,"column":17},"end":{"line":14,"column":50}},"6":{"start":{"line":16,"column":13},"end":{"line":16,"column":31}},"7":{"start":{"line":18,"column":14},"end":{"line":18,"column":44}},"8":{"start":{"line":20,"column":14},"end":{"line":20,"column":33}},"9":{"start":{"line":22,"column":15},"end":{"line":22,"column":46}},"10":{"start":{"line":24,"column":14},"end":{"line":24,"column":33}},"11":{"start":{"line":26,"column":15},"end":{"line":26,"column":46}},"12":{"start":{"line":28,"column":16},"end":{"line":28,"column":37}},"13":{"start":{"line":30,"column":17},"end":{"line":30,"column":50}},"14":{"start":{"line":32,"column":16},"end":{"line":32,"column":38}},"15":{"start":{"line":34,"column":17},"end":{"line":34,"column":50}},"16":{"start":{"line":36,"column":23},"end":{"line":36,"column":52}},"17":{"start":{"line":38,"column":24},"end":{"line":38,"column":64}},"18":{"start":{"line":40,"column":19},"end":{"line":40,"column":44}},"19":{"start":{"line":42,"column":20},"end":{"line":42,"column":56}},"20":{"start":{"line":44,"column":39},"end":{"line":44,"column":93}},"21":{"start":{"line":46,"column":0},"end":{"line":46,"column":30}},"22":{"start":{"line":47,"column":0},"end":{"line":47,"column":38}},"23":{"start":{"line":48,"column":0},"end":{"line":48,"column":32}},"24":{"start":{"line":49,"column":0},"end":{"line":49,"column":34}},"25":{"start":{"line":50,"column":0},"end":{"line":50,"column":34}},"26":{"start":{"line":51,"column":0},"end":{"line":51,"column":38}},"27":{"start":{"line":52,"column":0},"end":{"line":52,"column":38}},"28":{"start":{"line":53,"column":0},"end":{"line":53,"column":44}},"29":{"start":{"line":54,"column":0},"end":{"line":54,"column":44}}},"fnMap":{"0":{"name":"_interopRequireDefault","decl":{"start":{"line":44,"column":9},"end":{"line":44,"column":31}},"loc":{"start":{"line":44,"column":37},"end":{"line":44,"column":95}},"line":44}},"branchMap":{"0":{"loc":{"start":{"line":44,"column":46},"end":{"line":44,"column":92}},"type":"cond-expr","locations":[{"start":{"line":44,"column":70},"end":{"line":44,"column":73}},{"start":{"line":44,"column":76},"end":{"line":44,"column":92}}],"line":44},"1":{"loc":{"start":{"line":44,"column":46},"end":{"line":44,"column":67}},"type":"binary-expr","locations":[{"start":{"line":44,"column":46},"end":{"line":44,"column":49}},{"start":{"line":44,"column":53},"end":{"line":44,"column":67}}],"line":44}},"s":{"0":1,"1":1,"2":1,"3":1,"4":1,"5":1,"6":1,"7":1,"8":1,"9":1,"10":1,"11":1,"12":1,"13":1,"14":1,"15":1,"16":1,"17":1,"18":1,"19":1,"20":9,"21":1,"22":1,"23":1,"24":1,"25":1,"26":1,"27":1,"28":1,"29":1},"f":{"0":9},"b":{"0":[9,0],"1":[9,9]},"_coverageSchema":"332fd63041d2c1bcb487cc26dd0d5f7d97098a6c","hash":"8f20b593e2e2b7a7a2332a47bd43ec274b46541f","contentHash":"9cd24370c0b95955b0480f04eaecd999_11.1.0"},"/Users/andeladeveloper/Desktop/workspace/postit/client/js/components/presentational/home.js":{"path":"/Users/andeladeveloper/Desktop/workspace/postit/client/js/components/presentational/home.js","statementMap":{"0":{"start":{"line":3,"column":0},"end":{"line":5,"column":3}},"1":{"start":{"line":7,"column":13},"end":{"line":7,"column":29}},"2":{"start":{"line":9,"column":14},"end":{"line":9,"column":44}},"3":{"start":{"line":11,"column":8},"end":{"line":11,"column":21}},"4":{"start":{"line":13,"column":39},"end":{"line":13,"column":93}},"5":{"start":{"line":15,"column":11},"end":{"line":81,"column":1}},"6":{"start":{"line":16,"column":4},"end":{"line":80,"column":6}},"7":{"start":{"line":83,"column":0},"end":{"line":83,"column":23}}},"fnMap":{"0":{"name":"_interopRequireDefault","decl":{"start":{"line":13,"column":9},"end":{"line":13,"column":31}},"loc":{"start":{"line":13,"column":37},"end":{"line":13,"column":95}},"line":13},"1":{"name":"Home","decl":{"start":{"line":15,"column":20},"end":{"line":15,"column":24}},"loc":{"start":{"line":15,"column":27},"end":{"line":81,"column":1}},"line":15}},"branchMap":{"0":{"loc":{"start":{"line":13,"column":46},"end":{"line":13,"column":92}},"type":"cond-expr","locations":[{"start":{"line":13,"column":70},"end":{"line":13,"column":73}},{"start":{"line":13,"column":76},"end":{"line":13,"column":92}}],"line":13},"1":{"loc":{"start":{"line":13,"column":46},"end":{"line":13,"column":67}},"type":"binary-expr","locations":[{"start":{"line":13,"column":46},"end":{"line":13,"column":49}},{"start":{"line":13,"column":53},"end":{"line":13,"column":67}}],"line":13}},"s":{"0":1,"1":1,"2":1,"3":1,"4":1,"5":1,"6":0,"7":1},"f":{"0":1,"1":0},"b":{"0":[0,1],"1":[1,1]},"_coverageSchema":"332fd63041d2c1bcb487cc26dd0d5f7d97098a6c","hash":"ffd59c7215e177284716c63b3c297c9661f90bc8","contentHash":"734858fa6901cfec66e501b673d1096f_11.1.0"},"/Users/andeladeveloper/Desktop/workspace/postit/client/js/components/presentational/register.js":{"path":"/Users/andeladeveloper/Desktop/workspace/postit/client/js/components/presentational/register.js","statementMap":{"0":{"start":{"line":3,"column":0},"end":{"line":5,"column":3}},"1":{"start":{"line":7,"column":19},"end":{"line":7,"column":563}},"2":{"start":{"line":7,"column":76},"end":{"line":7,"column":347}},"3":{"start":{"line":7,"column":134},"end":{"line":7,"column":142}},"4":{"start":{"line":7,"column":144},"end":{"line":7,"column":199}},"5":{"start":{"line":7,"column":200},"end":{"line":7,"column":231}},"6":{"start":{"line":7,"column":232},"end":{"line":7,"column":286}},"7":{"start":{"line":7,"column":259},"end":{"line":7,"column":286}},"8":{"start":{"line":7,"column":287},"end":{"line":7,"column":345}},"9":{"start":{"line":7,"column":350},"end":{"line":7,"column":559}},"10":{"start":{"line":7,"column":407},"end":{"line":7,"column":475}},"11":{"start":{"line":7,"column":423},"end":{"line":7,"column":475}},"12":{"start":{"line":7,"column":476},"end":{"line":7,"column":536}},"13":{"start":{"line":7,"column":493},"end":{"line":7,"column":536}},"14":{"start":{"line":7,"column":537},"end":{"line":7,"column":556}},"15":{"start":{"line":9,"column":13},"end":{"line":9,"column":29}},"16":{"start":{"line":11,"column":14},"end":{"line":11,"column":44}},"17":{"start":{"line":13,"column":18},"end":{"line":13,"column":40}},"18":{"start":{"line":15,"column":12},"end":{"line":15,"column":29}},"19":{"start":{"line":17,"column":13},"end":{"line":17,"column":42}},"20":{"start":{"line":19,"column":17},"end":{"line":19,"column":51}},"21":{"start":{"line":21,"column":18},"end":{"line":21,"column":52}},"22":{"start":{"line":23,"column":11},"end":{"line":23,"column":36}},"23":{"start":{"line":25,"column":12},"end":{"line":25,"column":40}},"24":{"start":{"line":27,"column":39},"end":{"line":27,"column":93}},"25":{"start":{"line":29,"column":50},"end":{"line":29,"column":151}},"26":{"start":{"line":29,"column":92},"end":{"line":29,"column":149}},"27":{"start":{"line":31,"column":50},"end":{"line":31,"column":151}},"28":{"start":{"line":31,"column":63},"end":{"line":31,"column":149}},"29":{"start":{"line":31,"column":152},"end":{"line":31,"column":238}},"30":{"start":{"line":33,"column":43},"end":{"line":33,"column":208}},"31":{"start":{"line":33,"column":106},"end":{"line":33,"column":206}},"32":{"start":{"line":33,"column":209},"end":{"line":33,"column":373}},"33":{"start":{"line":33,"column":374},"end":{"line":33,"column":492}},"34":{"start":{"line":33,"column":390},"end":{"line":33,"column":492}},"35":{"start":{"line":35,"column":15},"end":{"line":176,"column":28}},"36":{"start":{"line":36,"column":2},"end":{"line":36,"column":40}},"37":{"start":{"line":39,"column":4},"end":{"line":39,"column":36}},"38":{"start":{"line":41,"column":16},"end":{"line":41,"column":123}},"39":{"start":{"line":43,"column":4},"end":{"line":43,"column":60}},"40":{"start":{"line":44,"column":4},"end":{"line":44,"column":46}},"41":{"start":{"line":45,"column":4},"end":{"line":47,"column":6}},"42":{"start":{"line":48,"column":4},"end":{"line":48,"column":17}},"43":{"start":{"line":51,"column":2},"end":{"line":173,"column":6}},"44":{"start":{"line":54,"column":6},"end":{"line":54,"column":43}},"45":{"start":{"line":59,"column":19},"end":{"line":59,"column":23}},"46":{"start":{"line":61,"column":6},"end":{"line":61,"column":25}},"47":{"start":{"line":62,"column":21},"end":{"line":62,"column":34}},"48":{"start":{"line":63,"column":18},"end":{"line":63,"column":28}},"49":{"start":{"line":64,"column":18},"end":{"line":64,"column":28}},"50":{"start":{"line":65,"column":21},"end":{"line":65,"column":34}},"51":{"start":{"line":67,"column":6},"end":{"line":67,"column":39}},"52":{"start":{"line":68,"column":6},"end":{"line":68,"column":33}},"53":{"start":{"line":69,"column":6},"end":{"line":69,"column":33}},"54":{"start":{"line":70,"column":6},"end":{"line":70,"column":32}},"55":{"start":{"line":71,"column":6},"end":{"line":74,"column":7}},"56":{"start":{"line":72,"column":8},"end":{"line":72,"column":80}},"57":{"start":{"line":73,"column":8},"end":{"line":73,"column":15}},"58":{"start":{"line":75,"column":23},"end":{"line":75,"column":111}},"59":{"start":{"line":76,"column":6},"end":{"line":90,"column":9}},"60":{"start":{"line":77,"column":8},"end":{"line":89,"column":9}},"61":{"start":{"line":78,"column":10},"end":{"line":86,"column":13}},"62":{"start":{"line":79,"column":12},"end":{"line":85,"column":13}},"63":{"start":{"line":80,"column":14},"end":{"line":80,"column":66}},"64":{"start":{"line":81,"column":14},"end":{"line":81,"column":72}},"65":{"start":{"line":82,"column":14},"end":{"line":82,"column":43}},"66":{"start":{"line":84,"column":14},"end":{"line":84,"column":74}},"67":{"start":{"line":88,"column":10},"end":{"line":88,"column":73}},"68":{"start":{"line":95,"column":19},"end":{"line":95,"column":23}},"69":{"start":{"line":97,"column":6},"end":{"line":171,"column":8}},"70":{"start":{"line":106,"column":14},"end":{"line":106,"column":38}},"71":{"start":{"line":119,"column":14},"end":{"line":119,"column":35}},"72":{"start":{"line":132,"column":14},"end":{"line":132,"column":35}},"73":{"start":{"line":145,"column":14},"end":{"line":145,"column":38}},"74":{"start":{"line":175,"column":2},"end":{"line":175,"column":18}},"75":{"start":{"line":178,"column":25},"end":{"line":184,"column":1}},"76":{"start":{"line":179,"column":2},"end":{"line":183,"column":4}},"77":{"start":{"line":181,"column":6},"end":{"line":181,"column":54}},"78":{"start":{"line":186,"column":0},"end":{"line":186,"column":79}}},"fnMap":{"0":{"name":"(anonymous_0)","decl":{"start":{"line":7,"column":19},"end":{"line":7,"column":20}},"loc":{"start":{"line":7,"column":31},"end":{"line":7,"column":561}},"line":7},"1":{"name":"defineProperties","decl":{"start":{"line":7,"column":42},"end":{"line":7,"column":58}},"loc":{"start":{"line":7,"column":74},"end":{"line":7,"column":349}},"line":7},"2":{"name":"(anonymous_2)","decl":{"start":{"line":7,"column":357},"end":{"line":7,"column":358}},"loc":{"start":{"line":7,"column":405},"end":{"line":7,"column":558}},"line":7},"3":{"name":"_interopRequireDefault","decl":{"start":{"line":27,"column":9},"end":{"line":27,"column":31}},"loc":{"start":{"line":27,"column":37},"end":{"line":27,"column":95}},"line":27},"4":{"name":"_classCallCheck","decl":{"start":{"line":29,"column":9},"end":{"line":29,"column":24}},"loc":{"start":{"line":29,"column":48},"end":{"line":29,"column":153}},"line":29},"5":{"name":"_possibleConstructorReturn","decl":{"start":{"line":31,"column":9},"end":{"line":31,"column":35}},"loc":{"start":{"line":31,"column":48},"end":{"line":31,"column":240}},"line":31},"6":{"name":"_inherits","decl":{"start":{"line":33,"column":9},"end":{"line":33,"column":18}},"loc":{"start":{"line":33,"column":41},"end":{"line":33,"column":494}},"line":33},"7":{"name":"(anonymous_7)","decl":{"start":{"line":35,"column":15},"end":{"line":35,"column":16}},"loc":{"start":{"line":35,"column":43},"end":{"line":176,"column":1}},"line":35},"8":{"name":"Register","decl":{"start":{"line":38,"column":11},"end":{"line":38,"column":19}},"loc":{"start":{"line":38,"column":27},"end":{"line":49,"column":3}},"line":38},"9":{"name":"onFocus","decl":{"start":{"line":53,"column":20},"end":{"line":53,"column":27}},"loc":{"start":{"line":53,"column":30},"end":{"line":55,"column":5}},"line":53},"10":{"name":"onRegisterUser","decl":{"start":{"line":58,"column":20},"end":{"line":58,"column":34}},"loc":{"start":{"line":58,"column":38},"end":{"line":91,"column":5}},"line":58},"11":{"name":"(anonymous_11)","decl":{"start":{"line":76,"column":70},"end":{"line":76,"column":71}},"loc":{"start":{"line":76,"column":94},"end":{"line":90,"column":7}},"line":76},"12":{"name":"(anonymous_12)","decl":{"start":{"line":78,"column":75},"end":{"line":78,"column":76}},"loc":{"start":{"line":78,"column":96},"end":{"line":86,"column":11}},"line":78},"13":{"name":"render","decl":{"start":{"line":94,"column":20},"end":{"line":94,"column":26}},"loc":{"start":{"line":94,"column":29},"end":{"line":172,"column":5}},"line":94},"14":{"name":"ref","decl":{"start":{"line":105,"column":26},"end":{"line":105,"column":29}},"loc":{"start":{"line":105,"column":37},"end":{"line":107,"column":13}},"line":105},"15":{"name":"ref","decl":{"start":{"line":118,"column":54},"end":{"line":118,"column":57}},"loc":{"start":{"line":118,"column":65},"end":{"line":120,"column":13}},"line":118},"16":{"name":"ref","decl":{"start":{"line":131,"column":53},"end":{"line":131,"column":56}},"loc":{"start":{"line":131,"column":64},"end":{"line":133,"column":13}},"line":131},"17":{"name":"ref","decl":{"start":{"line":144,"column":60},"end":{"line":144,"column":63}},"loc":{"start":{"line":144,"column":71},"end":{"line":146,"column":13}},"line":144},"18":{"name":"mapDispatchToProps","decl":{"start":{"line":178,"column":34},"end":{"line":178,"column":52}},"loc":{"start":{"line":178,"column":63},"end":{"line":184,"column":1}},"line":178},"19":{"name":"onLoginUser","decl":{"start":{"line":180,"column":26},"end":{"line":180,"column":37}},"loc":{"start":{"line":180,"column":44},"end":{"line":182,"column":5}},"line":180}},"branchMap":{"0":{"loc":{"start":{"line":7,"column":168},"end":{"line":7,"column":198}},"type":"binary-expr","locations":[{"start":{"line":7,"column":168},"end":{"line":7,"column":189}},{"start":{"line":7,"column":193},"end":{"line":7,"column":198}}],"line":7},"1":{"loc":{"start":{"line":7,"column":232},"end":{"line":7,"column":286}},"type":"if","locations":[{"start":{"line":7,"column":232},"end":{"line":7,"column":286}},{"start":{"line":7,"column":232},"end":{"line":7,"column":286}}],"line":7},"2":{"loc":{"start":{"line":7,"column":407},"end":{"line":7,"column":475}},"type":"if","locations":[{"start":{"line":7,"column":407},"end":{"line":7,"column":475}},{"start":{"line":7,"column":407},"end":{"line":7,"column":475}}],"line":7},"3":{"loc":{"start":{"line":7,"column":476},"end":{"line":7,"column":536}},"type":"if","locations":[{"start":{"line":7,"column":476},"end":{"line":7,"column":536}},{"start":{"line":7,"column":476},"end":{"line":7,"column":536}}],"line":7},"4":{"loc":{"start":{"line":27,"column":46},"end":{"line":27,"column":92}},"type":"cond-expr","locations":[{"start":{"line":27,"column":70},"end":{"line":27,"column":73}},{"start":{"line":27,"column":76},"end":{"line":27,"column":92}}],"line":27},"5":{"loc":{"start":{"line":27,"column":46},"end":{"line":27,"column":67}},"type":"binary-expr","locations":[{"start":{"line":27,"column":46},"end":{"line":27,"column":49}},{"start":{"line":27,"column":53},"end":{"line":27,"column":67}}],"line":27},"6":{"loc":{"start":{"line":29,"column":50},"end":{"line":29,"column":151}},"type":"if","locations":[{"start":{"line":29,"column":50},"end":{"line":29,"column":151}},{"start":{"line":29,"column":50},"end":{"line":29,"column":151}}],"line":29},"7":{"loc":{"start":{"line":31,"column":50},"end":{"line":31,"column":151}},"type":"if","locations":[{"start":{"line":31,"column":50},"end":{"line":31,"column":151}},{"start":{"line":31,"column":50},"end":{"line":31,"column":151}}],"line":31},"8":{"loc":{"start":{"line":31,"column":159},"end":{"line":31,"column":237}},"type":"cond-expr","locations":[{"start":{"line":31,"column":226},"end":{"line":31,"column":230}},{"start":{"line":31,"column":233},"end":{"line":31,"column":237}}],"line":31},"9":{"loc":{"start":{"line":31,"column":159},"end":{"line":31,"column":223}},"type":"binary-expr","locations":[{"start":{"line":31,"column":159},"end":{"line":31,"column":163}},{"start":{"line":31,"column":168},"end":{"line":31,"column":192}},{"start":{"line":31,"column":196},"end":{"line":31,"column":222}}],"line":31},"10":{"loc":{"start":{"line":33,"column":43},"end":{"line":33,"column":208}},"type":"if","locations":[{"start":{"line":33,"column":43},"end":{"line":33,"column":208}},{"start":{"line":33,"column":43},"end":{"line":33,"column":208}}],"line":33},"11":{"loc":{"start":{"line":33,"column":47},"end":{"line":33,"column":102}},"type":"binary-expr","locations":[{"start":{"line":33,"column":47},"end":{"line":33,"column":79}},{"start":{"line":33,"column":83},"end":{"line":33,"column":102}}],"line":33},"12":{"loc":{"start":{"line":33,"column":244},"end":{"line":33,"column":278}},"type":"binary-expr","locations":[{"start":{"line":33,"column":244},"end":{"line":33,"column":254}},{"start":{"line":33,"column":258},"end":{"line":33,"column":278}}],"line":33},"13":{"loc":{"start":{"line":33,"column":374},"end":{"line":33,"column":492}},"type":"if","locations":[{"start":{"line":33,"column":374},"end":{"line":33,"column":492}},{"start":{"line":33,"column":374},"end":{"line":33,"column":492}}],"line":33},"14":{"loc":{"start":{"line":33,"column":390},"end":{"line":33,"column":491}},"type":"cond-expr","locations":[{"start":{"line":33,"column":414},"end":{"line":33,"column":457}},{"start":{"line":33,"column":460},"end":{"line":33,"column":491}}],"line":33},"15":{"loc":{"start":{"line":41,"column":50},"end":{"line":41,"column":103}},"type":"binary-expr","locations":[{"start":{"line":41,"column":50},"end":{"line":41,"column":68}},{"start":{"line":41,"column":72},"end":{"line":41,"column":103}}],"line":41},"16":{"loc":{"start":{"line":71,"column":6},"end":{"line":74,"column":7}},"type":"if","locations":[{"start":{"line":71,"column":6},"end":{"line":74,"column":7}},{"start":{"line":71,"column":6},"end":{"line":74,"column":7}}],"line":71},"17":{"loc":{"start":{"line":71,"column":10},"end":{"line":71,"column":76}},"type":"binary-expr","locations":[{"start":{"line":71,"column":10},"end":{"line":71,"column":25}},{"start":{"line":71,"column":29},"end":{"line":71,"column":41}},{"start":{"line":71,"column":45},"end":{"line":71,"column":57}},{"start":{"line":71,"column":61},"end":{"line":71,"column":76}}],"line":71},"18":{"loc":{"start":{"line":77,"column":8},"end":{"line":89,"column":9}},"type":"if","locations":[{"start":{"line":77,"column":8},"end":{"line":89,"column":9}},{"start":{"line":77,"column":8},"end":{"line":89,"column":9}}],"line":77},"19":{"loc":{"start":{"line":79,"column":12},"end":{"line":85,"column":13}},"type":"if","locations":[{"start":{"line":79,"column":12},"end":{"line":85,"column":13}},{"start":{"line":79,"column":12},"end":{"line":85,"column":13}}],"line":79},"20":{"loc":{"start":{"line":153,"column":8},"end":{"line":157,"column":9}},"type":"cond-expr","locations":[{"start":{"line":153,"column":42},"end":{"line":153,"column":44}},{"start":{"line":153,"column":47},"end":{"line":157,"column":9}}],"line":153}},"s":{"0":1,"1":1,"2":1,"3":3,"4":3,"5":3,"6":3,"7":3,"8":3,"9":1,"10":1,"11":1,"12":1,"13":0,"14":1,"15":1,"16":1,"17":1,"18":1,"19":1,"20":1,"21":1,"22":1,"23":1,"24":4,"25":0,"26":0,"27":0,"28":0,"29":0,"30":1,"31":0,"32":1,"33":1,"34":1,"35":1,"36":1,"37":0,"38":0,"39":0,"40":0,"41":0,"42":0,"43":1,"44":0,"45":0,"46":0,"47":0,"48":0,"49":0,"50":0,"51":0,"52":0,"53":0,"54":0,"55":0,"56":0,"57":0,"58":0,"59":0,"60":0,"61":0,"62":0,"63":0,"64":0,"65":0,"66":0,"67":0,"68":0,"69":0,"70":0,"71":0,"72":0,"73":0,"74":1,"75":1,"76":0,"77":0,"78":1},"f":{"0":1,"1":1,"2":1,"3":4,"4":0,"5":0,"6":1,"7":1,"8":0,"9":0,"10":0,"11":0,"12":0,"13":0,"14":0,"15":0,"16":0,"17":0,"18":0,"19":0},"b":{"0":[3,3],"1":[3,0],"2":[1,0],"3":[0,1],"4":[3,1],"5":[4,4],"6":[0,0],"7":[0,0],"8":[0,0],"9":[0,0,0],"10":[0,1],"11":[1,0],"12":[1,1],"13":[1,0],"14":[1,0],"15":[0,0],"16":[0,0],"17":[0,0,0,0],"18":[0,0],"19":[0,0],"20":[0,0]},"_coverageSchema":"332fd63041d2c1bcb487cc26dd0d5f7d97098a6c","hash":"86d64d22ee62fd5a27cfb77206f26d638d88726d","contentHash":"cc017930e41a63a7d3363dc1ac563376_11.1.0"},"/Users/andeladeveloper/Desktop/workspace/postit/client/js/actions/loginUser.js":{"path":"/Users/andeladeveloper/Desktop/workspace/postit/client/js/actions/loginUser.js","statementMap":{"0":{"start":{"line":3,"column":0},"end":{"line":5,"column":3}},"1":{"start":{"line":6,"column":16},"end":{"line":11,"column":1}},"2":{"start":{"line":7,"column":2},"end":{"line":10,"column":4}},"3":{"start":{"line":13,"column":0},"end":{"line":13,"column":28}}},"fnMap":{"0":{"name":"loginUser","decl":{"start":{"line":6,"column":25},"end":{"line":6,"column":34}},"loc":{"start":{"line":6,"column":41},"end":{"line":11,"column":1}},"line":6}},"branchMap":{},"s":{"0":1,"1":1,"2":0,"3":1},"f":{"0":0},"b":{},"_coverageSchema":"332fd63041d2c1bcb487cc26dd0d5f7d97098a6c","hash":"d55209e3693f2fea4789bce53906d0ed2f4c156d","contentHash":"8a829e9dc24310f5d991970be23fe7fe_11.1.0"},"/Users/andeladeveloper/Desktop/workspace/postit/client/js/components/helpers/api.js":{"path":"/Users/andeladeveloper/Desktop/workspace/postit/client/js/components/helpers/api.js","statementMap":{"0":{"start":{"line":3,"column":0},"end":{"line":5,"column":3}},"1":{"start":{"line":8,"column":10},"end":{"line":38,"column":1}},"2":{"start":{"line":9,"column":2},"end":{"line":37,"column":5}},"3":{"start":{"line":10,"column":18},"end":{"line":10,"column":31}},"4":{"start":{"line":11,"column":4},"end":{"line":11,"column":72}},"5":{"start":{"line":12,"column":4},"end":{"line":14,"column":5}},"6":{"start":{"line":13,"column":6},"end":{"line":13,"column":89}},"7":{"start":{"line":16,"column":4},"end":{"line":18,"column":5}},"8":{"start":{"line":17,"column":6},"end":{"line":17,"column":16}},"9":{"start":{"line":19,"column":4},"end":{"line":36,"column":5}},"10":{"start":{"line":20,"column":6},"end":{"line":26,"column":9}},"11":{"start":{"line":23,"column":8},"end":{"line":23,"column":31}},"12":{"start":{"line":25,"column":8},"end":{"line":25,"column":26}},"13":{"start":{"line":28,"column":6},"end":{"line":35,"column":9}},"14":{"start":{"line":32,"column":8},"end":{"line":32,"column":31}},"15":{"start":{"line":34,"column":8},"end":{"line":34,"column":26}},"16":{"start":{"line":40,"column":0},"end":{"line":40,"column":22}}},"fnMap":{"0":{"name":"api","decl":{"start":{"line":8,"column":19},"end":{"line":8,"column":22}},"loc":{"start":{"line":8,"column":42},"end":{"line":38,"column":1}},"line":8},"1":{"name":"(anonymous_1)","decl":{"start":{"line":9,"column":21},"end":{"line":9,"column":22}},"loc":{"start":{"line":9,"column":40},"end":{"line":37,"column":3}},"line":9},"2":{"name":"(anonymous_2)","decl":{"start":{"line":22,"column":14},"end":{"line":22,"column":15}},"loc":{"start":{"line":22,"column":34},"end":{"line":24,"column":7}},"line":22},"3":{"name":"(anonymous_3)","decl":{"start":{"line":24,"column":14},"end":{"line":24,"column":15}},"loc":{"start":{"line":24,"column":34},"end":{"line":26,"column":7}},"line":24},"4":{"name":"(anonymous_4)","decl":{"start":{"line":31,"column":14},"end":{"line":31,"column":15}},"loc":{"start":{"line":31,"column":34},"end":{"line":33,"column":7}},"line":31},"5":{"name":"(anonymous_5)","decl":{"start":{"line":33,"column":14},"end":{"line":33,"column":15}},"loc":{"start":{"line":33,"column":34},"end":{"line":35,"column":7}},"line":33}},"branchMap":{"0":{"loc":{"start":{"line":12,"column":4},"end":{"line":14,"column":5}},"type":"if","locations":[{"start":{"line":12,"column":4},"end":{"line":14,"column":5}},{"start":{"line":12,"column":4},"end":{"line":14,"column":5}}],"line":12},"1":{"loc":{"start":{"line":16,"column":4},"end":{"line":18,"column":5}},"type":"if","locations":[{"start":{"line":16,"column":4},"end":{"line":18,"column":5}},{"start":{"line":16,"column":4},"end":{"line":18,"column":5}}],"line":16},"2":{"loc":{"start":{"line":19,"column":4},"end":{"line":36,"column":5}},"type":"if","locations":[{"start":{"line":19,"column":4},"end":{"line":36,"column":5}},{"start":{"line":19,"column":4},"end":{"line":36,"column":5}}],"line":19}},"s":{"0":1,"1":1,"2":0,"3":0,"4":0,"5":0,"6":0,"7":0,"8":0,"9":0,"10":0,"11":0,"12":0,"13":0,"14":0,"15":0,"16":1},"f":{"0":0,"1":0,"2":0,"3":0,"4":0,"5":0},"b":{"0":[0,0],"1":[0,0],"2":[0,0]},"_coverageSchema":"332fd63041d2c1bcb487cc26dd0d5f7d97098a6c","hash":"7ebc3a242d6667dc89b49226bd17e086c4bfcdb3","contentHash":"a98e137794357aaf6d9318f5d86173eb_11.1.0"},"/Users/andeladeveloper/Desktop/workspace/postit/client/js/components/presentational/header.js":{"path":"/Users/andeladeveloper/Desktop/workspace/postit/client/js/components/presentational/header.js","statementMap":{"0":{"start":{"line":3,"column":0},"end":{"line":5,"column":3}},"1":{"start":{"line":7,"column":13},"end":{"line":7,"column":29}},"2":{"start":{"line":9,"column":14},"end":{"line":9,"column":44}},"3":{"start":{"line":11,"column":18},"end":{"line":11,"column":40}},"4":{"start":{"line":13,"column":39},"end":{"line":13,"column":93}},"5":{"start":{"line":15,"column":13},"end":{"line":45,"column":1}},"6":{"start":{"line":16,"column":13},"end":{"line":16,"column":22}},"7":{"start":{"line":18,"column":2},"end":{"line":18,"column":26}},"8":{"start":{"line":19,"column":2},"end":{"line":44,"column":4}},"9":{"start":{"line":47,"column":22},"end":{"line":51,"column":1}},"10":{"start":{"line":48,"column":2},"end":{"line":50,"column":4}},"11":{"start":{"line":52,"column":0},"end":{"line":52,"column":74}}},"fnMap":{"0":{"name":"_interopRequireDefault","decl":{"start":{"line":13,"column":9},"end":{"line":13,"column":31}},"loc":{"start":{"line":13,"column":37},"end":{"line":13,"column":95}},"line":13},"1":{"name":"Header","decl":{"start":{"line":15,"column":22},"end":{"line":15,"column":28}},"loc":{"start":{"line":15,"column":35},"end":{"line":45,"column":1}},"line":15},"2":{"name":"mapStateToProps","decl":{"start":{"line":47,"column":31},"end":{"line":47,"column":46}},"loc":{"start":{"line":47,"column":54},"end":{"line":51,"column":1}},"line":47}},"branchMap":{"0":{"loc":{"start":{"line":13,"column":46},"end":{"line":13,"column":92}},"type":"cond-expr","locations":[{"start":{"line":13,"column":70},"end":{"line":13,"column":73}},{"start":{"line":13,"column":76},"end":{"line":13,"column":92}}],"line":13},"1":{"loc":{"start":{"line":13,"column":46},"end":{"line":13,"column":67}},"type":"binary-expr","locations":[{"start":{"line":13,"column":46},"end":{"line":13,"column":49}},{"start":{"line":13,"column":53},"end":{"line":13,"column":67}}],"line":13},"2":{"loc":{"start":{"line":37,"column":6},"end":{"line":42,"column":7}},"type":"cond-expr","locations":[{"start":{"line":37,"column":32},"end":{"line":37,"column":34}},{"start":{"line":37,"column":37},"end":{"line":42,"column":7}}],"line":37}},"s":{"0":1,"1":1,"2":1,"3":1,"4":1,"5":1,"6":0,"7":0,"8":0,"9":1,"10":0,"11":1},"f":{"0":1,"1":0,"2":0},"b":{"0":[0,1],"1":[1,1],"2":[0,0]},"_coverageSchema":"332fd63041d2c1bcb487cc26dd0d5f7d97098a6c","hash":"ede035ce828da76bfabc3cb68206e733913ff83d","contentHash":"a76934cbf670f94fc3a81ba437d45746_11.1.0"},"/Users/andeladeveloper/Desktop/workspace/postit/client/js/components/presentational/footer.js":{"path":"/Users/andeladeveloper/Desktop/workspace/postit/client/js/components/presentational/footer.js","statementMap":{"0":{"start":{"line":3,"column":0},"end":{"line":5,"column":3}},"1":{"start":{"line":7,"column":13},"end":{"line":7,"column":29}},"2":{"start":{"line":9,"column":14},"end":{"line":9,"column":44}},"3":{"start":{"line":11,"column":39},"end":{"line":11,"column":93}},"4":{"start":{"line":13,"column":13},"end":{"line":70,"column":1}},"5":{"start":{"line":14,"column":4},"end":{"line":69,"column":6}},"6":{"start":{"line":72,"column":0},"end":{"line":72,"column":25}}},"fnMap":{"0":{"name":"_interopRequireDefault","decl":{"start":{"line":11,"column":9},"end":{"line":11,"column":31}},"loc":{"start":{"line":11,"column":37},"end":{"line":11,"column":95}},"line":11},"1":{"name":"Footer","decl":{"start":{"line":13,"column":22},"end":{"line":13,"column":28}},"loc":{"start":{"line":13,"column":31},"end":{"line":70,"column":1}},"line":13}},"branchMap":{"0":{"loc":{"start":{"line":11,"column":46},"end":{"line":11,"column":92}},"type":"cond-expr","locations":[{"start":{"line":11,"column":70},"end":{"line":11,"column":73}},{"start":{"line":11,"column":76},"end":{"line":11,"column":92}}],"line":11},"1":{"loc":{"start":{"line":11,"column":46},"end":{"line":11,"column":67}},"type":"binary-expr","locations":[{"start":{"line":11,"column":46},"end":{"line":11,"column":49}},{"start":{"line":11,"column":53},"end":{"line":11,"column":67}}],"line":11}},"s":{"0":1,"1":1,"2":1,"3":1,"4":1,"5":0,"6":1},"f":{"0":1,"1":0},"b":{"0":[0,1],"1":[1,1]},"_coverageSchema":"332fd63041d2c1bcb487cc26dd0d5f7d97098a6c","hash":"c0d00e4d17304302a4fc6f1abafab2b25ee11372","contentHash":"e4be87efab47970a16229dfcf810770c_11.1.0"},"/Users/andeladeveloper/Desktop/workspace/postit/client/js/components/presentational/sidemenu.js":{"path":"/Users/andeladeveloper/Desktop/workspace/postit/client/js/components/presentational/sidemenu.js","statementMap":{"0":{"start":{"line":3,"column":0},"end":{"line":5,"column":3}},"1":{"start":{"line":7,"column":19},"end":{"line":7,"column":563}},"2":{"start":{"line":7,"column":76},"end":{"line":7,"column":347}},"3":{"start":{"line":7,"column":134},"end":{"line":7,"column":142}},"4":{"start":{"line":7,"column":144},"end":{"line":7,"column":199}},"5":{"start":{"line":7,"column":200},"end":{"line":7,"column":231}},"6":{"start":{"line":7,"column":232},"end":{"line":7,"column":286}},"7":{"start":{"line":7,"column":259},"end":{"line":7,"column":286}},"8":{"start":{"line":7,"column":287},"end":{"line":7,"column":345}},"9":{"start":{"line":7,"column":350},"end":{"line":7,"column":559}},"10":{"start":{"line":7,"column":407},"end":{"line":7,"column":475}},"11":{"start":{"line":7,"column":423},"end":{"line":7,"column":475}},"12":{"start":{"line":7,"column":476},"end":{"line":7,"column":536}},"13":{"start":{"line":7,"column":493},"end":{"line":7,"column":536}},"14":{"start":{"line":7,"column":537},"end":{"line":7,"column":556}},"15":{"start":{"line":9,"column":13},"end":{"line":9,"column":29}},"16":{"start":{"line":11,"column":14},"end":{"line":11,"column":44}},"17":{"start":{"line":13,"column":18},"end":{"line":13,"column":40}},"18":{"start":{"line":15,"column":18},"end":{"line":15,"column":53}},"19":{"start":{"line":17,"column":19},"end":{"line":17,"column":54}},"20":{"start":{"line":19,"column":17},"end":{"line":19,"column":51}},"21":{"start":{"line":21,"column":18},"end":{"line":21,"column":52}},"22":{"start":{"line":23,"column":11},"end":{"line":23,"column":36}},"23":{"start":{"line":25,"column":12},"end":{"line":25,"column":40}},"24":{"start":{"line":27,"column":39},"end":{"line":27,"column":93}},"25":{"start":{"line":29,"column":50},"end":{"line":29,"column":151}},"26":{"start":{"line":29,"column":92},"end":{"line":29,"column":149}},"27":{"start":{"line":31,"column":50},"end":{"line":31,"column":151}},"28":{"start":{"line":31,"column":63},"end":{"line":31,"column":149}},"29":{"start":{"line":31,"column":152},"end":{"line":31,"column":238}},"30":{"start":{"line":33,"column":43},"end":{"line":33,"column":208}},"31":{"start":{"line":33,"column":106},"end":{"line":33,"column":206}},"32":{"start":{"line":33,"column":209},"end":{"line":33,"column":373}},"33":{"start":{"line":33,"column":374},"end":{"line":33,"column":492}},"34":{"start":{"line":33,"column":390},"end":{"line":33,"column":492}},"35":{"start":{"line":35,"column":13},"end":{"line":38,"column":1}},"36":{"start":{"line":36,"column":2},"end":{"line":36,"column":36}},"37":{"start":{"line":37,"column":2},"end":{"line":37,"column":19}},"38":{"start":{"line":40,"column":15},"end":{"line":139,"column":28}},"39":{"start":{"line":41,"column":2},"end":{"line":41,"column":40}},"40":{"start":{"line":44,"column":4},"end":{"line":44,"column":36}},"41":{"start":{"line":46,"column":16},"end":{"line":46,"column":123}},"42":{"start":{"line":48,"column":4},"end":{"line":50,"column":6}},"43":{"start":{"line":51,"column":4},"end":{"line":51,"column":17}},"44":{"start":{"line":54,"column":2},"end":{"line":136,"column":6}},"45":{"start":{"line":57,"column":19},"end":{"line":57,"column":23}},"46":{"start":{"line":59,"column":15},"end":{"line":59,"column":76}},"47":{"start":{"line":60,"column":6},"end":{"line":64,"column":7}},"48":{"start":{"line":61,"column":8},"end":{"line":63,"column":11}},"49":{"start":{"line":62,"column":10},"end":{"line":62,"column":53}},"50":{"start":{"line":69,"column":19},"end":{"line":69,"column":29}},"51":{"start":{"line":70,"column":26},"end":{"line":70,"column":39}},"52":{"start":{"line":71,"column":19},"end":{"line":71,"column":76}},"53":{"start":{"line":72,"column":17},"end":{"line":72,"column":28}},"54":{"start":{"line":73,"column":27},"end":{"line":73,"column":41}},"55":{"start":{"line":74,"column":20},"end":{"line":74,"column":73}},"56":{"start":{"line":75,"column":21},"end":{"line":75,"column":36}},"57":{"start":{"line":76,"column":24},"end":{"line":76,"column":42}},"58":{"start":{"line":79,"column":6},"end":{"line":86,"column":7}},"59":{"start":{"line":80,"column":8},"end":{"line":82,"column":9}},"60":{"start":{"line":81,"column":10},"end":{"line":81,"column":54}},"61":{"start":{"line":84,"column":8},"end":{"line":84,"column":33}},"62":{"start":{"line":85,"column":8},"end":{"line":85,"column":20}},"63":{"start":{"line":88,"column":6},"end":{"line":134,"column":8}},"64":{"start":{"line":128,"column":18},"end":{"line":128,"column":42}},"65":{"start":{"line":138,"column":2},"end":{"line":138,"column":18}},"66":{"start":{"line":141,"column":22},"end":{"line":145,"column":1}},"67":{"start":{"line":142,"column":2},"end":{"line":144,"column":4}},"68":{"start":{"line":147,"column":25},"end":{"line":156,"column":1}},"69":{"start":{"line":148,"column":2},"end":{"line":155,"column":4}},"70":{"start":{"line":150,"column":6},"end":{"line":150,"column":51}},"71":{"start":{"line":153,"column":6},"end":{"line":153,"column":54}},"72":{"start":{"line":157,"column":0},"end":{"line":157,"column":90}}},"fnMap":{"0":{"name":"(anonymous_0)","decl":{"start":{"line":7,"column":19},"end":{"line":7,"column":20}},"loc":{"start":{"line":7,"column":31},"end":{"line":7,"column":561}},"line":7},"1":{"name":"defineProperties","decl":{"start":{"line":7,"column":42},"end":{"line":7,"column":58}},"loc":{"start":{"line":7,"column":74},"end":{"line":7,"column":349}},"line":7},"2":{"name":"(anonymous_2)","decl":{"start":{"line":7,"column":357},"end":{"line":7,"column":358}},"loc":{"start":{"line":7,"column":405},"end":{"line":7,"column":558}},"line":7},"3":{"name":"_interopRequireDefault","decl":{"start":{"line":27,"column":9},"end":{"line":27,"column":31}},"loc":{"start":{"line":27,"column":37},"end":{"line":27,"column":95}},"line":27},"4":{"name":"_classCallCheck","decl":{"start":{"line":29,"column":9},"end":{"line":29,"column":24}},"loc":{"start":{"line":29,"column":48},"end":{"line":29,"column":153}},"line":29},"5":{"name":"_possibleConstructorReturn","decl":{"start":{"line":31,"column":9},"end":{"line":31,"column":35}},"loc":{"start":{"line":31,"column":48},"end":{"line":31,"column":240}},"line":31},"6":{"name":"_inherits","decl":{"start":{"line":33,"column":9},"end":{"line":33,"column":18}},"loc":{"start":{"line":33,"column":41},"end":{"line":33,"column":494}},"line":33},"7":{"name":"logout","decl":{"start":{"line":35,"column":22},"end":{"line":35,"column":28}},"loc":{"start":{"line":35,"column":45},"end":{"line":38,"column":1}},"line":35},"8":{"name":"(anonymous_8)","decl":{"start":{"line":40,"column":15},"end":{"line":40,"column":16}},"loc":{"start":{"line":40,"column":43},"end":{"line":139,"column":1}},"line":40},"9":{"name":"SideMenu","decl":{"start":{"line":43,"column":11},"end":{"line":43,"column":19}},"loc":{"start":{"line":43,"column":27},"end":{"line":52,"column":3}},"line":43},"10":{"name":"componentWillMount","decl":{"start":{"line":56,"column":20},"end":{"line":56,"column":38}},"loc":{"start":{"line":56,"column":41},"end":{"line":65,"column":5}},"line":56},"11":{"name":"(anonymous_11)","decl":{"start":{"line":61,"column":66},"end":{"line":61,"column":67}},"loc":{"start":{"line":61,"column":84},"end":{"line":63,"column":9}},"line":61},"12":{"name":"render","decl":{"start":{"line":68,"column":20},"end":{"line":68,"column":26}},"loc":{"start":{"line":68,"column":29},"end":{"line":135,"column":5}},"line":68},"13":{"name":"onClick","decl":{"start":{"line":127,"column":45},"end":{"line":127,"column":52}},"loc":{"start":{"line":127,"column":55},"end":{"line":129,"column":17}},"line":127},"14":{"name":"mapStateToProps","decl":{"start":{"line":141,"column":31},"end":{"line":141,"column":46}},"loc":{"start":{"line":141,"column":54},"end":{"line":145,"column":1}},"line":141},"15":{"name":"mapDispatchToProps","decl":{"start":{"line":147,"column":34},"end":{"line":147,"column":52}},"loc":{"start":{"line":147,"column":63},"end":{"line":156,"column":1}},"line":147},"16":{"name":"onLogout","decl":{"start":{"line":149,"column":23},"end":{"line":149,"column":31}},"loc":{"start":{"line":149,"column":34},"end":{"line":151,"column":5}},"line":149},"17":{"name":"onLoginUser","decl":{"start":{"line":152,"column":26},"end":{"line":152,"column":37}},"loc":{"start":{"line":152,"column":44},"end":{"line":154,"column":5}},"line":152}},"branchMap":{"0":{"loc":{"start":{"line":7,"column":168},"end":{"line":7,"column":198}},"type":"binary-expr","locations":[{"start":{"line":7,"column":168},"end":{"line":7,"column":189}},{"start":{"line":7,"column":193},"end":{"line":7,"column":198}}],"line":7},"1":{"loc":{"start":{"line":7,"column":232},"end":{"line":7,"column":286}},"type":"if","locations":[{"start":{"line":7,"column":232},"end":{"line":7,"column":286}},{"start":{"line":7,"column":232},"end":{"line":7,"column":286}}],"line":7},"2":{"loc":{"start":{"line":7,"column":407},"end":{"line":7,"column":475}},"type":"if","locations":[{"start":{"line":7,"column":407},"end":{"line":7,"column":475}},{"start":{"line":7,"column":407},"end":{"line":7,"column":475}}],"line":7},"3":{"loc":{"start":{"line":7,"column":476},"end":{"line":7,"column":536}},"type":"if","locations":[{"start":{"line":7,"column":476},"end":{"line":7,"column":536}},{"start":{"line":7,"column":476},"end":{"line":7,"column":536}}],"line":7},"4":{"loc":{"start":{"line":27,"column":46},"end":{"line":27,"column":92}},"type":"cond-expr","locations":[{"start":{"line":27,"column":70},"end":{"line":27,"column":73}},{"start":{"line":27,"column":76},"end":{"line":27,"column":92}}],"line":27},"5":{"loc":{"start":{"line":27,"column":46},"end":{"line":27,"column":67}},"type":"binary-expr","locations":[{"start":{"line":27,"column":46},"end":{"line":27,"column":49}},{"start":{"line":27,"column":53},"end":{"line":27,"column":67}}],"line":27},"6":{"loc":{"start":{"line":29,"column":50},"end":{"line":29,"column":151}},"type":"if","locations":[{"start":{"line":29,"column":50},"end":{"line":29,"column":151}},{"start":{"line":29,"column":50},"end":{"line":29,"column":151}}],"line":29},"7":{"loc":{"start":{"line":31,"column":50},"end":{"line":31,"column":151}},"type":"if","locations":[{"start":{"line":31,"column":50},"end":{"line":31,"column":151}},{"start":{"line":31,"column":50},"end":{"line":31,"column":151}}],"line":31},"8":{"loc":{"start":{"line":31,"column":159},"end":{"line":31,"column":237}},"type":"cond-expr","locations":[{"start":{"line":31,"column":226},"end":{"line":31,"column":230}},{"start":{"line":31,"column":233},"end":{"line":31,"column":237}}],"line":31},"9":{"loc":{"start":{"line":31,"column":159},"end":{"line":31,"column":223}},"type":"binary-expr","locations":[{"start":{"line":31,"column":159},"end":{"line":31,"column":163}},{"start":{"line":31,"column":168},"end":{"line":31,"column":192}},{"start":{"line":31,"column":196},"end":{"line":31,"column":222}}],"line":31},"10":{"loc":{"start":{"line":33,"column":43},"end":{"line":33,"column":208}},"type":"if","locations":[{"start":{"line":33,"column":43},"end":{"line":33,"column":208}},{"start":{"line":33,"column":43},"end":{"line":33,"column":208}}],"line":33},"11":{"loc":{"start":{"line":33,"column":47},"end":{"line":33,"column":102}},"type":"binary-expr","locations":[{"start":{"line":33,"column":47},"end":{"line":33,"column":79}},{"start":{"line":33,"column":83},"end":{"line":33,"column":102}}],"line":33},"12":{"loc":{"start":{"line":33,"column":244},"end":{"line":33,"column":278}},"type":"binary-expr","locations":[{"start":{"line":33,"column":244},"end":{"line":33,"column":254}},{"start":{"line":33,"column":258},"end":{"line":33,"column":278}}],"line":33},"13":{"loc":{"start":{"line":33,"column":374},"end":{"line":33,"column":492}},"type":"if","locations":[{"start":{"line":33,"column":374},"end":{"line":33,"column":492}},{"start":{"line":33,"column":374},"end":{"line":33,"column":492}}],"line":33},"14":{"loc":{"start":{"line":33,"column":390},"end":{"line":33,"column":491}},"type":"cond-expr","locations":[{"start":{"line":33,"column":414},"end":{"line":33,"column":457}},{"start":{"line":33,"column":460},"end":{"line":33,"column":491}}],"line":33},"15":{"loc":{"start":{"line":46,"column":50},"end":{"line":46,"column":103}},"type":"binary-expr","locations":[{"start":{"line":46,"column":50},"end":{"line":46,"column":68}},{"start":{"line":46,"column":72},"end":{"line":46,"column":103}}],"line":46},"16":{"loc":{"start":{"line":60,"column":6},"end":{"line":64,"column":7}},"type":"if","locations":[{"start":{"line":60,"column":6},"end":{"line":64,"column":7}},{"start":{"line":60,"column":6},"end":{"line":64,"column":7}}],"line":60},"17":{"loc":{"start":{"line":71,"column":19},"end":{"line":71,"column":76}},"type":"cond-expr","locations":[{"start":{"line":71,"column":49},"end":{"line":71,"column":60}},{"start":{"line":71,"column":63},"end":{"line":71,"column":76}}],"line":71},"18":{"loc":{"start":{"line":74,"column":20},"end":{"line":74,"column":73}},"type":"cond-expr","locations":[{"start":{"line":74,"column":51},"end":{"line":74,"column":56}},{"start":{"line":74,"column":59},"end":{"line":74,"column":73}}],"line":74},"19":{"loc":{"start":{"line":79,"column":6},"end":{"line":86,"column":7}},"type":"if","locations":[{"start":{"line":79,"column":6},"end":{"line":86,"column":7}},{"start":{"line":79,"column":6},"end":{"line":86,"column":7}}],"line":79},"20":{"loc":{"start":{"line":79,"column":10},"end":{"line":79,"column":83}},"type":"binary-expr","locations":[{"start":{"line":79,"column":10},"end":{"line":79,"column":49}},{"start":{"line":79,"column":53},"end":{"line":79,"column":83}}],"line":79},"21":{"loc":{"start":{"line":80,"column":8},"end":{"line":82,"column":9}},"type":"if","locations":[{"start":{"line":80,"column":8},"end":{"line":82,"column":9}},{"start":{"line":80,"column":8},"end":{"line":82,"column":9}}],"line":80},"22":{"loc":{"start":{"line":99,"column":47},"end":{"line":99,"column":85}},"type":"cond-expr","locations":[{"start":{"line":99,"column":72},"end":{"line":99,"column":80}},{"start":{"line":99,"column":83},"end":{"line":99,"column":85}}],"line":99},"23":{"loc":{"start":{"line":108,"column":47},"end":{"line":108,"column":88}},"type":"cond-expr","locations":[{"start":{"line":108,"column":75},"end":{"line":108,"column":83}},{"start":{"line":108,"column":86},"end":{"line":108,"column":88}}],"line":108},"24":{"loc":{"start":{"line":113,"column":10},"end":{"line":121,"column":16}},"type":"cond-expr","locations":[{"start":{"line":113,"column":20},"end":{"line":121,"column":11}},{"start":{"line":121,"column":14},"end":{"line":121,"column":16}}],"line":113},"25":{"loc":{"start":{"line":118,"column":87},"end":{"line":118,"column":122}},"type":"cond-expr","locations":[{"start":{"line":118,"column":109},"end":{"line":118,"column":117}},{"start":{"line":118,"column":120},"end":{"line":118,"column":122}}],"line":118}},"s":{"0":1,"1":1,"2":1,"3":2,"4":2,"5":2,"6":2,"7":2,"8":2,"9":1,"10":1,"11":1,"12":1,"13":0,"14":1,"15":1,"16":1,"17":1,"18":1,"19":1,"20":1,"21":1,"22":1,"23":1,"24":4,"25":0,"26":0,"27":0,"28":0,"29":0,"30":1,"31":0,"32":1,"33":1,"34":1,"35":1,"36":0,"37":0,"38":1,"39":1,"40":0,"41":0,"42":0,"43":0,"44":1,"45":0,"46":0,"47":0,"48":0,"49":0,"50":0,"51":0,"52":0,"53":0,"54":0,"55":0,"56":0,"57":0,"58":0,"59":0,"60":0,"61":0,"62":0,"63":0,"64":0,"65":1,"66":1,"67":0,"68":1,"69":0,"70":0,"71":0,"72":1},"f":{"0":1,"1":1,"2":1,"3":4,"4":0,"5":0,"6":1,"7":0,"8":1,"9":0,"10":0,"11":0,"12":0,"13":0,"14":0,"15":0,"16":0,"17":0},"b":{"0":[2,2],"1":[2,0],"2":[1,0],"3":[0,1],"4":[3,1],"5":[4,4],"6":[0,0],"7":[0,0],"8":[0,0],"9":[0,0,0],"10":[0,1],"11":[1,0],"12":[1,1],"13":[1,0],"14":[1,0],"15":[0,0],"16":[0,0],"17":[0,0],"18":[0,0],"19":[0,0],"20":[0,0],"21":[0,0],"22":[0,0],"23":[0,0],"24":[0,0],"25":[0,0]},"_coverageSchema":"332fd63041d2c1bcb487cc26dd0d5f7d97098a6c","hash":"f26f0e14fd7d3998128d2b980401b124324195ed","contentHash":"2ef497edf9f21b0cc73dcb91fec5894b_11.1.0"},"/Users/andeladeveloper/Desktop/workspace/postit/client/js/actions/logoutUser.js":{"path":"/Users/andeladeveloper/Desktop/workspace/postit/client/js/actions/logoutUser.js","statementMap":{"0":{"start":{"line":3,"column":0},"end":{"line":5,"column":3}},"1":{"start":{"line":6,"column":17},"end":{"line":11,"column":1}},"2":{"start":{"line":7,"column":2},"end":{"line":10,"column":4}},"3":{"start":{"line":13,"column":0},"end":{"line":13,"column":29}}},"fnMap":{"0":{"name":"logoutUser","decl":{"start":{"line":6,"column":26},"end":{"line":6,"column":36}},"loc":{"start":{"line":6,"column":43},"end":{"line":11,"column":1}},"line":6}},"branchMap":{},"s":{"0":1,"1":1,"2":0,"3":1},"f":{"0":0},"b":{},"_coverageSchema":"332fd63041d2c1bcb487cc26dd0d5f7d97098a6c","
[...]
line":43,"column":3}},"line":32},"9":{"name":"onSend","decl":{"start":{"line":47,"column":20},"end":{"line":47,"column":26}},"loc":{"start":{"line":47,"column":30},"end":{"line":63,"column":5}},"line":47},"10":{"name":"(anonymous_10)","decl":{"start":{"line":55,"column":99},"end":{"line":55,"column":100}},"loc":{"start":{"line":55,"column":119},"end":{"line":62,"column":7}},"line":55},"11":{"name":"render","decl":{"start":{"line":66,"column":20},"end":{"line":66,"column":26}},"loc":{"start":{"line":66,"column":29},"end":{"line":101,"column":5}},"line":66},"12":{"name":"ref","decl":{"start":{"line":79,"column":93},"end":{"line":79,"column":96}},"loc":{"start":{"line":79,"column":104},"end":{"line":81,"column":13}},"line":79}},"branchMap":{"0":{"loc":{"start":{"line":7,"column":168},"end":{"line":7,"column":198}},"type":"binary-expr","locations":[{"start":{"line":7,"column":168},"end":{"line":7,"column":189}},{"start":{"line":7,"column":193},"end":{"line":7,"column":198}}],"line":7},"1":{"loc":{"start":{"line":7,"column":232},"end":{"line":7,"column":286}},"type":"if","locations":[{"start":{"line":7,"column":232},"end":{"line":7,"column":286}},{"start":{"line":7,"column":232},"end":{"line":7,"column":286}}],"line":7},"2":{"loc":{"start":{"line":7,"column":407},"end":{"line":7,"column":475}},"type":"if","locations":[{"start":{"line":7,"column":407},"end":{"line":7,"column":475}},{"start":{"line":7,"column":407},"end":{"line":7,"column":475}}],"line":7},"3":{"loc":{"start":{"line":7,"column":476},"end":{"line":7,"column":536}},"type":"if","locations":[{"start":{"line":7,"column":476},"end":{"line":7,"column":536}},{"start":{"line":7,"column":476},"end":{"line":7,"column":536}}],"line":7},"4":{"loc":{"start":{"line":21,"column":46},"end":{"line":21,"column":92}},"type":"cond-expr","locations":[{"start":{"line":21,"column":70},"end":{"line":21,"column":73}},{"start":{"line":21,"column":76},"end":{"line":21,"column":92}}],"line":21},"5":{"loc":{"start":{"line":21,"column":46},"end":{"line":21,"column":67}},"type":"binary-expr","locations":[{"start":{"line":21,"column":46},"end":{"line":21,"column":49}},{"start":{"line":21,"column":53},"end":{"line":21,"column":67}}],"line":21},"6":{"loc":{"start":{"line":23,"column":50},"end":{"line":23,"column":151}},"type":"if","locations":[{"start":{"line":23,"column":50},"end":{"line":23,"column":151}},{"start":{"line":23,"column":50},"end":{"line":23,"column":151}}],"line":23},"7":{"loc":{"start":{"line":25,"column":50},"end":{"line":25,"column":151}},"type":"if","locations":[{"start":{"line":25,"column":50},"end":{"line":25,"column":151}},{"start":{"line":25,"column":50},"end":{"line":25,"column":151}}],"line":25},"8":{"loc":{"start":{"line":25,"column":159},"end":{"line":25,"column":237}},"type":"cond-expr","locations":[{"start":{"line":25,"column":226},"end":{"line":25,"column":230}},{"start":{"line":25,"column":233},"end":{"line":25,"column":237}}],"line":25},"9":{"loc":{"start":{"line":25,"column":159},"end":{"line":25,"column":223}},"type":"binary-expr","locations":[{"start":{"line":25,"column":159},"end":{"line":25,"column":163}},{"start":{"line":25,"column":168},"end":{"line":25,"column":192}},{"start":{"line":25,"column":196},"end":{"line":25,"column":222}}],"line":25},"10":{"loc":{"start":{"line":27,"column":43},"end":{"line":27,"column":208}},"type":"if","locations":[{"start":{"line":27,"column":43},"end":{"line":27,"column":208}},{"start":{"line":27,"column":43},"end":{"line":27,"column":208}}],"line":27},"11":{"loc":{"start":{"line":27,"column":47},"end":{"line":27,"column":102}},"type":"binary-expr","locations":[{"start":{"line":27,"column":47},"end":{"line":27,"column":79}},{"start":{"line":27,"column":83},"end":{"line":27,"column":102}}],"line":27},"12":{"loc":{"start":{"line":27,"column":244},"end":{"line":27,"column":278}},"type":"binary-expr","locations":[{"start":{"line":27,"column":244},"end":{"line":27,"column":254}},{"start":{"line":27,"column":258},"end":{"line":27,"column":278}}],"line":27},"13":{"loc":{"start":{"line":27,"column":374},"end":{"line":27,"column":492}},"type":"if","locations":[{"start":{"line":27,"column":374},"end":{"line":27,"column":492}},{"start":{"line":27,"column":374},"end":{"line":27,"column":492}}],"line":27},"14":{"loc":{"start":{"line":27,"column":390},"end":{"line":27,"column":491}},"type":"cond-expr","locations":[{"start":{"line":27,"column":414},"end":{"line":27,"column":457}},{"start":{"line":27,"column":460},"end":{"line":27,"column":491}}],"line":27},"15":{"loc":{"start":{"line":35,"column":50},"end":{"line":35,"column":101}},"type":"binary-expr","locations":[{"start":{"line":35,"column":50},"end":{"line":35,"column":67}},{"start":{"line":35,"column":71},"end":{"line":35,"column":101}}],"line":35},"16":{"loc":{"start":{"line":51,"column":6},"end":{"line":54,"column":7}},"type":"if","locations":[{"start":{"line":51,"column":6},"end":{"line":54,"column":7}},{"start":{"line":51,"column":6},"end":{"line":54,"column":7}}],"line":51},"17":{"loc":{"start":{"line":56,"column":8},"end":{"line":61,"column":9}},"type":"if","locations":[{"start":{"line":56,"column":8},"end":{"line":61,"column":9}},{"start":{"line":56,"column":8},"end":{"line":61,"column":9}}],"line":56},"18":{"loc":{"start":{"line":72,"column":8},"end":{"line":87,"column":9}},"type":"cond-expr","locations":[{"start":{"line":72,"column":43},"end":{"line":76,"column":9}},{"start":{"line":76,"column":12},"end":{"line":87,"column":9}}],"line":72}},"s":{"0":1,"1":1,"2":1,"3":2,"4":2,"5":2,"6":2,"7":2,"8":2,"9":1,"10":1,"11":1,"12":1,"13":0,"14":1,"15":1,"16":1,"17":1,"18":1,"19":1,"20":1,"21":3,"22":0,"23":0,"24":0,"25":0,"26":0,"27":1,"28":0,"29":1,"30":1,"31":1,"32":1,"33":1,"34":0,"35":0,"36":0,"37":0,"38":0,"39":1,"40":0,"41":0,"42":0,"43":0,"44":0,"45":0,"46":0,"47":0,"48":0,"49":0,"50":0,"51":1,"52":1},"f":{"0":1,"1":1,"2":1,"3":3,"4":0,"5":0,"6":1,"7":1,"8":0,"9":0,"10":0,"11":0,"12":0},"b":{"0":[2,2],"1":[2,0],"2":[1,0],"3":[0,1],"4":[2,1],"5":[3,3],"6":[0,0],"7":[0,0],"8":[0,0],"9":[0,0,0],"10":[0,1],"11":[1,0],"12":[1,1],"13":[1,0],"14":[1,0],"15":[0,0],"16":[0,0],"17":[0,0],"18":[0,0]},"_coverageSchema":"332fd63041d2c1bcb487cc26dd0d5f7d97098a6c","hash":"d2835377c88cc0b3dfc199f8b611a2087ff41529","contentHash":"aa48b54af5b76796475d15bb705b6a9d_11.1.0"},"/Users/andeladeveloper/Desktop/workspace/postit/client/js/components/presentational/new-password.js":{"path":"/Users/andeladeveloper/Desktop/workspace/postit/client/js/components/presentational/new-password.js","statementMap":{"0":{"start":{"line":3,"column":0},"end":{"line":5,"column":3}},"1":{"start":{"line":7,"column":19},"end":{"line":7,"column":563}},"2":{"start":{"line":7,"column":76},"end":{"line":7,"column":347}},"3":{"start":{"line":7,"column":134},"end":{"line":7,"column":142}},"4":{"start":{"line":7,"column":144},"end":{"line":7,"column":199}},"5":{"start":{"line":7,"column":200},"end":{"line":7,"column":231}},"6":{"start":{"line":7,"column":232},"end":{"line":7,"column":286}},"7":{"start":{"line":7,"column":259},"end":{"line":7,"column":286}},"8":{"start":{"line":7,"column":287},"end":{"line":7,"column":345}},"9":{"start":{"line":7,"column":350},"end":{"line":7,"column":559}},"10":{"start":{"line":7,"column":407},"end":{"line":7,"column":475}},"11":{"start":{"line":7,"column":423},"end":{"line":7,"column":475}},"12":{"start":{"line":7,"column":476},"end":{"line":7,"column":536}},"13":{"start":{"line":7,"column":493},"end":{"line":7,"column":536}},"14":{"start":{"line":7,"column":537},"end":{"line":7,"column":556}},"15":{"start":{"line":9,"column":13},"end":{"line":9,"column":29}},"16":{"start":{"line":11,"column":14},"end":{"line":11,"column":44}},"17":{"start":{"line":13,"column":12},"end":{"line":13,"column":29}},"18":{"start":{"line":15,"column":13},"end":{"line":15,"column":42}},"19":{"start":{"line":17,"column":11},"end":{"line":17,"column":36}},"20":{"start":{"line":19,"column":12},"end":{"line":19,"column":40}},"21":{"start":{"line":21,"column":39},"end":{"line":21,"column":93}},"22":{"start":{"line":23,"column":50},"end":{"line":23,"column":151}},"23":{"start":{"line":23,"column":92},"end":{"line":23,"column":149}},"24":{"start":{"line":25,"column":50},"end":{"line":25,"column":151}},"25":{"start":{"line":25,"column":63},"end":{"line":25,"column":149}},"26":{"start":{"line":25,"column":152},"end":{"line":25,"column":238}},"27":{"start":{"line":27,"column":43},"end":{"line":27,"column":208}},"28":{"start":{"line":27,"column":106},"end":{"line":27,"column":206}},"29":{"start":{"line":27,"column":209},"end":{"line":27,"column":373}},"30":{"start":{"line":27,"column":374},"end":{"line":27,"column":492}},"31":{"start":{"line":27,"column":390},"end":{"line":27,"column":492}},"32":{"start":{"line":29,"column":18},"end":{"line":145,"column":28}},"33":{"start":{"line":30,"column":2},"end":{"line":30,"column":43}},"34":{"start":{"line":33,"column":4},"end":{"line":33,"column":39}},"35":{"start":{"line":35,"column":16},"end":{"line":35,"column":129}},"36":{"start":{"line":37,"column":4},"end":{"line":37,"column":64}},"37":{"start":{"line":38,"column":4},"end":{"line":38,"column":46}},"38":{"start":{"line":39,"column":4},"end":{"line":43,"column":6}},"39":{"start":{"line":44,"column":4},"end":{"line":44,"column":17}},"40":{"start":{"line":47,"column":2},"end":{"line":142,"column":6}},"41":{"start":{"line":50,"column":6},"end":{"line":50,"column":35}},"42":{"start":{"line":55,"column":19},"end":{"line":55,"column":23}},"43":{"start":{"line":57,"column":6},"end":{"line":57,"column":25}},"44":{"start":{"line":58,"column":6},"end":{"line":61,"column":7}},"45":{"start":{"line":59,"column":8},"end":{"line":59,"column":33}},"46":{"start":{"line":60,"column":8},"end":{"line":60,"column":15}},"47":{"start":{"line":62,"column":6},"end":{"line":65,"column":7}},"48":{"start":{"line":63,"column":8},"end":{"line":63,"column":60}},"49":{"start":{"line":64,"column":8},"end":{"line":64,"column":15}},"50":{"start":{"line":66,"column":6},"end":{"line":78,"column":7}},"51":{"start":{"line":67,"column":19},"end":{"line":67,"column":46}},"52":{"start":{"line":68,"column":8},"end":{"line":71,"column":9}},"53":{"start":{"line":69,"column":10},"end":{"line":69,"column":35}},"54":{"start":{"line":70,"column":10},"end":{"line":70,"column":17}},"55":{"start":{"line":72,"column":8},"end":{"line":77,"column":11}},"56":{"start":{"line":73,"column":10},"end":{"line":76,"column":13}},"57":{"start":{"line":83,"column":19},"end":{"line":83,"column":23}},"58":{"start":{"line":85,"column":6},"end":{"line":140,"column":8}},"59":{"start":{"line":96,"column":16},"end":{"line":96,"column":40}},"60":{"start":{"line":109,"column":16},"end":{"line":109,"column":47}},"61":{"start":{"line":144,"column":2},"end":{"line":144,"column":21}},"62":{"start":{"line":147,"column":0},"end":{"line":147,"column":30}}},"fnMap":{"0":{"name":"(anonymous_0)","decl":{"start":{"line":7,"column":19},"end":{"line":7,"column":20}},"loc":{"start":{"line":7,"column":31},"end":{"line":7,"column":561}},"line":7},"1":{"name":"defineProperties","decl":{"start":{"line":7,"column":42},"end":{"line":7,"column":58}},"loc":{"start":{"line":7,"column":74},"end":{"line":7,"column":349}},"line":7},"2":{"name":"(anonymous_2)","decl":{"start":{"line":7,"column":357},"end":{"line":7,"column":358}},"loc":{"start":{"line":7,"column":405},"end":{"line":7,"column":558}},"line":7},"3":{"name":"_interopRequireDefault","decl":{"start":{"line":21,"column":9},"end":{"line":21,"column":31}},"loc":{"start":{"line":21,"column":37},"end":{"line":21,"column":95}},"line":21},"4":{"name":"_classCallCheck","decl":{"start":{"line":23,"column":9},"end":{"line":23,"column":24}},"loc":{"start":{"line":23,"column":48},"end":{"line":23,"column":153}},"line":23},"5":{"name":"_possibleConstructorReturn","decl":{"start":{"line":25,"column":9},"end":{"line":25,"column":35}},"loc":{"start":{"line":25,"column":48},"end":{"line":25,"column":240}},"line":25},"6":{"name":"_inherits","decl":{"start":{"line":27,"column":9},"end":{"line":27,"column":18}},"loc":{"start":{"line":27,"column":41},"end":{"line":27,"column":494}},"line":27},"7":{"name":"(anonymous_7)","decl":{"start":{"line":29,"column":18},"end":{"line":29,"column":19}},"loc":{"start":{"line":29,"column":46},"end":{"line":145,"column":1}},"line":29},"8":{"name":"NewPassword","decl":{"start":{"line":32,"column":11},"end":{"line":32,"column":22}},"loc":{"start":{"line":32,"column":30},"end":{"line":45,"column":3}},"line":32},"9":{"name":"onFocus","decl":{"start":{"line":49,"column":20},"end":{"line":49,"column":27}},"loc":{"start":{"line":49,"column":30},"end":{"line":51,"column":5}},"line":49},"10":{"name":"onSubmitPassword","decl":{"start":{"line":54,"column":20},"end":{"line":54,"column":36}},"loc":{"start":{"line":54,"column":40},"end":{"line":79,"column":5}},"line":54},"11":{"name":"(anonymous_11)","decl":{"start":{"line":72,"column":112},"end":{"line":72,"column":113}},"loc":{"start":{"line":72,"column":132},"end":{"line":77,"column":9}},"line":72},"12":{"name":"render","decl":{"start":{"line":82,"column":20},"end":{"line":82,"column":26}},"loc":{"start":{"line":82,"column":29},"end":{"line":141,"column":5}},"line":82},"13":{"name":"ref","decl":{"start":{"line":95,"column":62},"end":{"line":95,"column":65}},"loc":{"start":{"line":95,"column":73},"end":{"line":97,"column":15}},"line":95},"14":{"name":"ref","decl":{"start":{"line":108,"column":63},"end":{"line":108,"column":66}},"loc":{"start":{"line":108,"column":74},"end":{"line":110,"column":15}},"line":108}},"branchMap":{"0":{"loc":{"start":{"line":7,"column":168},"end":{"line":7,"column":198}},"type":"binary-expr","locations":[{"start":{"line":7,"column":168},"end":{"line":7,"column":189}},{"start":{"line":7,"column":193},"end":{"line":7,"column":198}}],"line":7},"1":{"loc":{"start":{"line":7,"column":232},"end":{"line":7,"column":286}},"type":"if","locations":[{"start":{"line":7,"column":232},"end":{"line":7,"column":286}},{"start":{"line":7,"column":232},"end":{"line":7,"column":286}}],"line":7},"2":{"loc":{"start":{"line":7,"column":407},"end":{"line":7,"column":475}},"type":"if","locations":[{"start":{"line":7,"column":407},"end":{"line":7,"column":475}},{"start":{"line":7,"column":407},"end":{"line":7,"column":475}}],"line":7},"3":{"loc":{"start":{"line":7,"column":476},"end":{"line":7,"column":536}},"type":"if","locations":[{"start":{"line":7,"column":476},"end":{"line":7,"column":536}},{"start":{"line":7,"column":476},"end":{"line":7,"column":536}}],"line":7},"4":{"loc":{"start":{"line":21,"column":46},"end":{"line":21,"column":92}},"type":"cond-expr","locations":[{"start":{"line":21,"column":70},"end":{"line":21,"column":73}},{"start":{"line":21,"column":76},"end":{"line":21,"column":92}}],"line":21},"5":{"loc":{"start":{"line":21,"column":46},"end":{"line":21,"column":67}},"type":"binary-expr","locations":[{"start":{"line":21,"column":46},"end":{"line":21,"column":49}},{"start":{"line":21,"column":53},"end":{"line":21,"column":67}}],"line":21},"6":{"loc":{"start":{"line":23,"column":50},"end":{"line":23,"column":151}},"type":"if","locations":[{"start":{"line":23,"column":50},"end":{"line":23,"column":151}},{"start":{"line":23,"column":50},"end":{"line":23,"column":151}}],"line":23},"7":{"loc":{"start":{"line":25,"column":50},"end":{"line":25,"column":151}},"type":"if","locations":[{"start":{"line":25,"column":50},"end":{"line":25,"column":151}},{"start":{"line":25,"column":50},"end":{"line":25,"column":151}}],"line":25},"8":{"loc":{"start":{"line":25,"column":159},"end":{"line":25,"column":237}},"type":"cond-expr","locations":[{"start":{"line":25,"column":226},"end":{"line":25,"column":230}},{"start":{"line":25,"column":233},"end":{"line":25,"column":237}}],"line":25},"9":{"loc":{"start":{"line":25,"column":159},"end":{"line":25,"column":223}},"type":"binary-expr","locations":[{"start":{"line":25,"column":159},"end":{"line":25,"column":163}},{"start":{"line":25,"column":168},"end":{"line":25,"column":192}},{"start":{"line":25,"column":196},"end":{"line":25,"column":222}}],"line":25},"10":{"loc":{"start":{"line":27,"column":43},"end":{"line":27,"column":208}},"type":"if","locations":[{"start":{"line":27,"column":43},"end":{"line":27,"column":208}},{"start":{"line":27,"column":43},"end":{"line":27,"column":208}}],"line":27},"11":{"loc":{"start":{"line":27,"column":47},"end":{"line":27,"column":102}},"type":"binary-expr","locations":[{"start":{"line":27,"column":47},"end":{"line":27,"column":79}},{"start":{"line":27,"column":83},"end":{"line":27,"column":102}}],"line":27},"12":{"loc":{"start":{"line":27,"column":244},"end":{"line":27,"column":278}},"type":"binary-expr","locations":[{"start":{"line":27,"column":244},"end":{"line":27,"column":254}},{"start":{"line":27,"column":258},"end":{"line":27,"column":278}}],"line":27},"13":{"loc":{"start":{"line":27,"column":374},"end":{"line":27,"column":492}},"type":"if","locations":[{"start":{"line":27,"column":374},"end":{"line":27,"column":492}},{"start":{"line":27,"column":374},"end":{"line":27,"column":492}}],"line":27},"14":{"loc":{"start":{"line":27,"column":390},"end":{"line":27,"column":491}},"type":"cond-expr","locations":[{"start":{"line":27,"column":414},"end":{"line":27,"column":457}},{"start":{"line":27,"column":460},"end":{"line":27,"column":491}}],"line":27},"15":{"loc":{"start":{"line":35,"column":50},"end":{"line":35,"column":109}},"type":"binary-expr","locations":[{"start":{"line":35,"column":50},"end":{"line":35,"column":71}},{"start":{"line":35,"column":75},"end":{"line":35,"column":109}}],"line":35},"16":{"loc":{"start":{"line":58,"column":6},"end":{"line":61,"column":7}},"type":"if","locations":[{"start":{"line":58,"column":6},"end":{"line":61,"column":7}},{"start":{"line":58,"column":6},"end":{"line":61,"column":7}}],"line":58},"17":{"loc":{"start":{"line":62,"column":6},"end":{"line":65,"column":7}},"type":"if","locations":[{"start":{"line":62,"column":6},"end":{"line":65,"column":7}},{"start":{"line":62,"column":6},"end":{"line":65,"column":7}}],"line":62},"18":{"loc":{"start":{"line":66,"column":6},"end":{"line":78,"column":7}},"type":"if","locations":[{"start":{"line":66,"column":6},"end":{"line":78,"column":7}},{"start":{"line":66,"column":6},"end":{"line":78,"column":7}}],"line":66},"19":{"loc":{"start":{"line":68,"column":8},"end":{"line":71,"column":9}},"type":"if","locations":[{"start":{"line":68,"column":8},"end":{"line":71,"column":9}},{"start":{"line":68,"column":8},"end":{"line":71,"column":9}}],"line":68},"20":{"loc":{"start":{"line":88,"column":8},"end":{"line":121,"column":9}},"type":"cond-expr","locations":[{"start":{"line":88,"column":36},"end":{"line":117,"column":9}},{"start":{"line":117,"column":12},"end":{"line":121,"column":9}}],"line":88},"21":{"loc":{"start":{"line":122,"column":8},"end":{"line":126,"column":9}},"type":"cond-expr","locations":[{"start":{"line":122,"column":34},"end":{"line":122,"column":36}},{"start":{"line":122,"column":39},"end":{"line":126,"column":9}}],"line":122}},"s":{"0":1,"1":1,"2":1,"3":3,"4":3,"5":3,"6":3,"7":3,"8":3,"9":1,"10":1,"11":1,"12":1,"13":0,"14":1,"15":1,"16":1,"17":1,"18":1,"19":1,"20":1,"21":3,"22":0,"23":0,"24":0,"25":0,"26":0,"27":1,"28":0,"29":1,"30":1,"31":1,"32":1,"33":1,"34":0,"35":0,"36":0,"37":0,"38":0,"39":0,"40":1,"41":0,"42":0,"43":0,"44":0,"45":0,"46":0,"47":0,"48":0,"49":0,"50":0,"51":0,"52":0,"53":0,"54":0,"55":0,"56":0,"57":0,"58":0,"59":0,"60":0,"61":1,"62":1},"f":{"0":1,"1":1,"2":1,"3":3,"4":0,"5":0,"6":1,"7":1,"8":0,"9":0,"10":0,"11":0,"12":0,"13":0,"14":0},"b":{"0":[3,3],"1":[3,0],"2":[1,0],"3":[0,1],"4":[2,1],"5":[3,3],"6":[0,0],"7":[0,0],"8":[0,0],"9":[0,0,0],"10":[0,1],"11":[1,0],"12":[1,1],"13":[1,0],"14":[1,0],"15":[0,0],"16":[0,0],"17":[0,0],"18":[0,0],"19":[0,0],"20":[0,0],"21":[0,0]},"_coverageSchema":"332fd63041d2c1bcb487cc26dd0d5f7d97098a6c","hash":"8fa30ecb625c95b99f41dffff4c081823883f555","contentHash":"466625cf739a9d0541701efe2a9e3ece_11.1.0"}}