TN:
SF:/Users/andeladeveloper/Desktop/workspace/postit/client/js/actions/changeSelectedGroup.js
FN:1,(anonymous_0)
FNF:1
FNH:0
FNDA:0,(anonymous_0)
DA:1,5
DA:2,0
LF:2
LH:1
BRF:0
BRH:0
end_of_record
TN:
SF:/Users/andeladeveloper/Desktop/workspace/postit/client/js/actions/loadMessages.js
FN:1,(anonymous_0)
FNF:1
FNH:0
FNDA:0,(anonymous_0)
DA:1,4
DA:2,0
LF:2
LH:1
BRF:0
BRH:0
end_of_record
TN:
SF:/Users/andeladeveloper/Desktop/workspace/postit/client/js/actions/loginUser.js
FN:1,(anonymous_0)
FNF:1
FNH:1
FNDA:1,(anonymous_0)
DA:1,5
DA:2,1
LF:2
LH:2
BRF:0
BRH:0
end_of_record
TN:
SF:/Users/andeladeveloper/Desktop/workspace/postit/client/js/actions/logoutUser.js
FN:1,(anonymous_0)
FNF:1
FNH:0
FNDA:0,(anonymous_0)
DA:1,5
DA:2,0
LF:2
LH:1
BRF:0
BRH:0
end_of_record
TN:
SF:/Users/andeladeveloper/Desktop/workspace/postit/client/js/actions/sendMessage.js
FN:1,(anonymous_0)
FNF:1
FNH:0
FNDA:0,(anonymous_0)
DA:1,4
DA:2,0
LF:2
LH:1
BRF:0
BRH:0
end_of_record
TN:
SF:/Users/andeladeveloper/Desktop/workspace/postit/client/js/components/containers/dashboard.js
FN:16,(anonymous_0)
FN:27,(anonymous_1)
FN:32,(anonymous_2)
FN:40,(anonymous_3)
FN:65,(anonymous_4)
FN:69,(anonymous_5)
FN:70,(anonymous_6)
FN:71,(anonymous_7)
FNF:8
FNH:6
FNDA:1,(anonymous_0)
FNDA:1,(anonymous_1)
FNDA:0,(anonymous_2)
FNDA:1,(anonymous_3)
FNDA:1,(anonymous_4)
FNDA:1,(anonymous_5)
FNDA:0,(anonymous_6)
FNDA:1,(anonymous_7)
DA:17,1
DA:18,1
DA:28,1
DA:29,0
DA:30,0
DA:32,1
DA:33,0
DA:41,1
DA:65,4
DA:69,4
DA:70,0
DA:71,1
LF:12
LH:8
BRDA:28,0,0,0
BRDA:28,0,1,1
BRDA:51,1,0,0
BRDA:51,1,1,1
BRF:4
BRH:2
end_of_record
TN:
SF:/Users/andeladeveloper/Desktop/workspace/postit/client/js/components/containers/group.js
FN:18,(anonymous_0)
FN:34,(anonymous_1)
FN:37,(anonymous_2)
FN:52,(anonymous_3)
FN:61,(anonymous_4)
FN:64,(anonymous_5)
FN:80,(anonymous_6)
FN:102,(anonymous_7)
FN:140,(anonymous_8)
FN:145,(anonymous_9)
FN:146,(anonymous_10)
FN:147,(anonymous_11)
FN:148,(anonymous_12)
FNF:13
FNH:5
FNDA:2,(anonymous_0)
FNDA:2,(anonymous_1)
FNDA:0,(anonymous_2)
FNDA:0,(anonymous_3)
FNDA:0,(anonymous_4)
FNDA:0,(anonymous_5)
FNDA:0,(anonymous_6)
FNDA:2,(anonymous_7)
FNDA:2,(anonymous_8)
FNDA:2,(anonymous_9)
FNDA:0,(anonymous_10)
FNDA:0,(anonymous_11)
FNDA:0,(anonymous_12)
DA:19,2
DA:20,2
DA:27,2
DA:28,2
DA:35,2
DA:36,2
DA:38,0
DA:39,0
DA:44,0
DA:53,0
DA:54,0
DA:62,0
DA:63,0
DA:64,0
DA:65,0
DA:68,0
DA:70,0
DA:73,0
DA:75,0
DA:76,0
DA:78,0
DA:79,0
DA:80,0
DA:81,0
DA:84,0
DA:86,0
DA:88,0
DA:89,0
DA:91,0
DA:92,0
DA:93,0
DA:94,0
DA:96,0
DA:103,2
DA:140,4
DA:145,4
DA:146,0
DA:147,0
DA:148,0
LF:39
LH:9
BRDA:62,0,0,0
BRDA:62,0,1,0
BRDA:65,1,0,0
BRDA:65,1,1,0
BRDA:68,2,0,0
BRDA:68,2,1,0
BRDA:78,3,0,0
BRDA:78,3,1,0
BRDA:81,4,0,0
BRDA:81,4,1,0
BRDA:91,5,0,0
BRDA:91,5,1,0
BRDA:128,6,0,2
BRDA:128,6,1,0
BRF:14
BRH:1
end_of_record
TN:
SF:/Users/andeladeveloper/Desktop/workspace/postit/client/js/components/containers/header.js
FN:4,(anonymous_0)
FN:22,(anonymous_1)
FNF:2
FNH:2
FNDA:9,(anonymous_0)
FNDA:9,(anonymous_1)
DA:4,5
DA:5,9
DA:6,9
DA:7,9
DA:22,5
DA:23,9
LF:6
LH:6
BRDA:4,0,0,9
BRDA:15,1,0,9
BRDA:15,1,1,0
BRF:3
BRH:2
end_of_record
TN:
SF:/Users/andeladeveloper/Desktop/workspace/postit/client/js/components/containers/index.js
FNF:0
FNH:0
LF:0
LH:0
BRF:0
BRH:0
end_of_record
TN:
SF:/Users/andeladeveloper/Desktop/workspace/postit/client/js/components/containers/login.js
FN:9,(anonymous_0)
FN:18,(anonymous_1)
FN:22,(anonymous_2)
FN:30,(anonymous_3)
FN:45,(anonymous_4)
FN:55,(anonymous_5)
FN:60,(anonymous_6)
FN:79,(anonymous_7)
FN:81,(anonymous_8)
FNF:9
FNH:6
FNDA:4,(anonymous_0)
FNDA:0,(anonymous_1)
FNDA:1,(anonymous_2)
FNDA:0,(anonymous_3)
FNDA:5,(anonymous_4)
FNDA:5,(anonymous_5)
FNDA:5,(anonymous_6)
FNDA:4,(anonymous_7)
FNDA:0,(anonymous_8)
DA:10,4
DA:11,4
DA:12,4
DA:13,4
DA:19,0
DA:23,1
DA:24,1
DA:25,1
DA:26,1
DA:27,1
DA:28,0
DA:29,0
DA:31,0
DA:32,0
DA:33,0
DA:34,0
DA:36,0
DA:41,1
DA:46,5
DA:47,1
DA:48,1
DA:50,4
DA:55,5
DA:60,5
DA:79,4
DA:80,4
DA:81,0
LF:27
LH:18
BRDA:27,0,0,0
BRDA:27,0,1,1
BRDA:27,1,0,1
BRDA:27,1,1,1
BRDA:31,2,0,0
BRDA:31,2,1,0
BRDA:46,3,0,1
BRDA:46,3,1,4
BRDA:63,4,0,3
BRDA:63,4,1,1
BRF:10
BRH:7
end_of_record
TN:
SF:/Users/andeladeveloper/Desktop/workspace/postit/client/js/components/containers/messages.js
FN:15,(anonymous_0)
FN:29,(anonymous_1)
FN:40,(anonymous_2)
FN:44,(anonymous_3)
FN:53,(anonymous_4)
FN:61,(anonymous_5)
FN:77,(anonymous_6)
FN:97,(anonymous_7)
FN:102,(anonymous_8)
FN:131,(anonymous_9)
FN:135,(anonymous_10)
FN:152,(anonymous_11)
FN:156,(anonymous_12)
FN:157,(anonymous_13)
FNF:14
FNH:0
FNDA:0,(anonymous_0)
FNDA:0,(anonymous_1)
FNDA:0,(anonymous_2)
FNDA:0,(anonymous_3)
FNDA:0,(anonymous_4)
FNDA:0,(anonymous_5)
FNDA:0,(anonymous_6)
FNDA:0,(anonymous_7)
FNDA:0,(anonymous_8)
FNDA:0,(anonymous_9)
FNDA:0,(anonymous_10)
FNDA:0,(anonymous_11)
FNDA:0,(anonymous_12)
FNDA:0,(anonymous_13)
DA:16,0
DA:17,0
DA:23,0
DA:30,0
DA:41,0
DA:42,0
DA:43,0
DA:45,0
DA:47,0
DA:54,0
DA:62,0
DA:63,0
DA:64,0
DA:65,0
DA:66,0
DA:67,0
DA:68,0
DA:69,0
DA:72,0
DA:74,0
DA:75,0
DA:78,0
DA:79,0
DA:86,0
DA:87,0
DA:90,0
DA:91,0
DA:98,0
DA:99,0
DA:103,0
DA:104,0
DA:105,0
DA:106,0
DA:108,0
DA:110,0
DA:131,0
DA:135,0
DA:152,4
DA:156,4
DA:157,0
LF:40
LH:2
BRDA:67,0,0,0
BRDA:67,0,1,0
BRDA:67,1,0,0
BRDA:67,1,1,0
BRDA:105,2,0,0
BRDA:105,2,1,0
BRDA:119,3,0,0
BRDA:119,3,1,0
BRDA:119,4,0,0
BRDA:119,4,1,0
BRF:10
BRH:0
end_of_record
TN:
SF:/Users/andeladeveloper/Desktop/workspace/postit/client/js/components/containers/register.js
FN:9,(anonymous_0)
FN:18,(anonymous_1)
FN:22,(anonymous_2)
FN:35,(anonymous_3)
FN:38,(anonymous_4)
FN:55,(anonymous_5)
FN:61,(anonymous_6)
FN:66,(anonymous_7)
FN:71,(anonymous_8)
FN:76,(anonymous_9)
FN:92,(anonymous_10)
FN:94,(anonymous_11)
FNF:12
FNH:8
FNDA:2,(anonymous_0)
FNDA:0,(anonymous_1)
FNDA:1,(anonymous_2)
FNDA:0,(anonymous_3)
FNDA:0,(anonymous_4)
FNDA:3,(anonymous_5)
FNDA:4,(anonymous_6)
FNDA:4,(anonymous_7)
FNDA:4,(anonymous_8)
FNDA:4,(anonymous_9)
FNDA:2,(anonymous_10)
FNDA:0,(anonymous_11)
DA:10,2
DA:11,2
DA:12,2
DA:13,2
DA:19,0
DA:23,1
DA:24,1
DA:25,1
DA:26,1
DA:27,1
DA:28,1
DA:29,1
DA:30,1
DA:31,1
DA:33,0
DA:34,0
DA:36,0
DA:37,0
DA:39,0
DA:40,0
DA:41,0
DA:42,0
DA:44,0
DA:49,0
DA:56,3
DA:61,4
DA:66,4
DA:71,4
DA:76,4
DA:92,4
DA:93,2
DA:94,0
LF:32
LH:20
BRDA:29,0,0,1
BRDA:29,0,1,0
BRDA:29,1,0,1
BRDA:29,1,1,0
BRDA:29,1,2,0
BRDA:29,1,3,0
BRDA:36,2,0,0
BRDA:36,2,1,0
BRDA:39,3,0,0
BRDA:39,3,1,0
BRDA:79,4,0,2
BRDA:79,4,1,1
BRF:12
BRH:4
end_of_record
TN:
SF:/Users/andeladeveloper/Desktop/workspace/postit/client/js/components/helpers/api.js
FN:3,(anonymous_0)
FN:4,(anonymous_1)
FN:18,(anonymous_2)
FN:19,(anonymous_3)
FN:27,(anonymous_4)
FN:28,(anonymous_5)
FNF:6
FNH:2
FNDA:3,(anonymous_0)
FNDA:3,(anonymous_1)
FNDA:0,(anonymous_2)
FNDA:0,(anonymous_3)
FNDA:0,(anonymous_4)
FNDA:0,(anonymous_5)
DA:3,5
DA:4,3
DA:5,3
DA:6,0
DA:7,0
DA:8,0
DA:11,0
DA:12,0
DA:14,0
DA:15,0
DA:18,0
DA:20,0
DA:23,0
DA:27,0
DA:29,0
LF:15
LH:3
BRDA:7,0,0,0
BRDA:7,0,1,0
BRDA:11,1,0,0
BRDA:11,1,1,0
BRDA:14,2,0,0
BRDA:14,2,1,0
BRF:6
BRH:0
end_of_record
TN:
SF:/Users/andeladeveloper/Desktop/workspace/postit/client/js/components/presentational/footer.js
FN:3,(anonymous_0)
FNF:1
FNH:1
FNDA:11,(anonymous_0)
DA:3,5
DA:4,11
LF:2
LH:2
BRF:0
BRH:0
end_of_record
TN:
SF:/Users/andeladeveloper/Desktop/workspace/postit/client/js/components/presentational/form.js
FN:8,(anonymous_0)
FN:12,(anonymous_1)
FN:41,(anonymous_2)
FN:48,(anonymous_3)
FN:50,(anonymous_4)
FN:51,(anonymous_5)
FNF:6
FNH:4
FNDA:5,(anonymous_0)
FNDA:7,(anonymous_1)
FNDA:5,(anonymous_2)
FNDA:5,(anonymous_3)
FNDA:0,(anonymous_4)
FNDA:0,(anonymous_5)
DA:9,5
DA:13,7
DA:41,5
DA:42,5
DA:48,5
DA:49,5
DA:50,0
DA:51,0
LF:8
LH:6
BRDA:19,0,0,0
BRDA:19,0,1,7
BRF:2
BRH:1
end_of_record
TN:
SF:/Users/andeladeveloper/Desktop/workspace/postit/client/js/components/presentational/groups.js
FN:6,(anonymous_0)
FN:10,(anonymous_1)
FN:15,(anonymous_2)
FNF:3
FNH:0
FNDA:0,(anonymous_0)
FNDA:0,(anonymous_1)
FNDA:0,(anonymous_2)
DA:7,0
DA:11,0
DA:12,0
DA:16,0
LF:4
LH:0
BRDA:14,0,0,0
BRDA:14,0,1,0
BRDA:19,1,0,0
BRDA:19,1,1,0
BRF:4
BRH:0
end_of_record
TN:
SF:/Users/andeladeveloper/Desktop/workspace/postit/client/js/components/presentational/home.js
FN:4,(anonymous_0)
FNF:1
FNH:1
FNDA:1,(anonymous_0)
DA:4,5
DA:5,1
LF:2
LH:2
BRF:0
BRH:0
end_of_record
TN:
SF:/Users/andeladeveloper/Desktop/workspace/postit/client/js/components/presentational/index.js
FNF:0
FNH:0
LF:0
LH:0
BRF:0
BRH:0
end_of_record
TN:
SF:/Users/andeladeveloper/Desktop/workspace/postit/client/js/components/presentational/new-group.js
FN:7,(anonymous_0)
FN:15,(anonymous_1)
FN:26,(anonymous_2)
FN:33,(anonymous_3)
FN:37,(anonymous_4)
FN:41,(anonymous_5)
FNF:6
FNH:0
FNDA:0,(anonymous_0)
FNDA:0,(anonymous_1)
FNDA:0,(anonymous_2)
FNDA:0,(anonymous_3)
FNDA:0,(anonymous_4)
FNDA:0,(anonymous_5)
DA:8,0
DA:9,0
DA:10,0
DA:16,0
DA:17,0
DA:18,0
DA:19,0
DA:21,0
DA:22,0
DA:23,0
DA:25,0
DA:27,0
DA:28,0
DA:34,0
DA:37,0
DA:41,0
LF:16
LH:0
BRDA:17,0,0,0
BRDA:17,0,1,0
BRDA:21,1,0,0
BRDA:21,1,1,0
BRF:4
BRH:0
end_of_record
TN:
SF:/Users/andeladeveloper/Desktop/workspace/postit/client/js/components/presentational/new-password.js
FN:8,(anonymous_0)
FN:19,(anonymous_1)
FN:23,(anonymous_2)
FN:40,(anonymous_3)
FN:49,(anonymous_4)
FN:56,(anonymous_5)
FN:61,(anonymous_6)
FNF:7
FNH:0
FNDA:0,(anonymous_0)
FNDA:0,(anonymous_1)
FNDA:0,(anonymous_2)
FNDA:0,(anonymous_3)
FNDA:0,(anonymous_4)
FNDA:0,(anonymous_5)
FNDA:0,(anonymous_6)
DA:9,0
DA:10,0
DA:11,0
DA:12,0
DA:20,0
DA:24,0
DA:25,0
DA:26,0
DA:27,0
DA:29,0
DA:30,0
DA:31,0
DA:33,0
DA:34,0
DA:35,0
DA:36,0
DA:37,0
DA:39,0
DA:41,0
DA:50,0
DA:56,0
DA:61,0
LF:22
LH:0
BRDA:25,0,0,0
BRDA:25,0,1,0
BRDA:29,1,0,0
BRDA:29,1,1,0
BRDA:33,2,0,0
BRDA:33,2,1,0
BRDA:35,3,0,0
BRDA:35,3,1,0
BRDA:52,4,0,0
BRDA:52,4,1,0
BRDA:69,5,0,0
BRDA:69,5,1,0
BRF:12
BRH:0
end_of_record
TN:
SF:/Users/andeladeveloper/Desktop/workspace/postit/client/js/components/presentational/recover-password.js
FN:6,(anonymous_0)
FN:14,(anonymous_1)
FN:22,(anonymous_2)
FN:32,(anonymous_3)
FN:40,(anonymous_4)
FNF:5
FNH:0
FNDA:0,(anonymous_0)
FNDA:0,(anonymous_1)
FNDA:0,(anonymous_2)
FNDA:0,(anonymous_3)
FNDA:0,(anonymous_4)
DA:7,0
DA:8,0
DA:12,0
DA:15,0
DA:16,0
DA:17,0
DA:18,0
DA:20,0
DA:23,0
DA:24,0
DA:33,0
DA:40,0
LF:12
LH:0
BRDA:16,0,0,0
BRDA:16,0,1,0
BRDA:23,1,0,0
BRDA:23,1,1,0
BRDA:35,2,0,0
BRDA:35,2,1,0
BRF:6
BRH:0
end_of_record
TN:
SF:/Users/andeladeveloper/Desktop/workspace/postit/client/js/components/presentational/search.js
FN:6,(anonymous_0)
FN:20,(anonymous_1)
FN:23,(anonymous_2)
FN:28,(anonymous_3)
FN:44,(anonymous_4)
FN:47,(anonymous_5)
FN:54,(anonymous_6)
FN:61,(anonymous_7)
FN:62,(anonymous_8)
FN:63,(anonymous_9)
FN:80,(anonymous_10)
FN:82,(anonymous_11)
FN:93,(anonymous_12)
FN:99,(anonymous_13)
FN:111,(anonymous_14)
FN:124,(anonymous_15)
FN:124,(anonymous_16)
FN:128,(anonymous_17)
FN:130,(anonymous_18)
FN:134,(anonymous_19)
FN:134,(anonymous_20)
FNF:21
FNH:0
FNDA:0,(anonymous_0)
FNDA:0,(anonymous_1)
FNDA:0,(anonymous_2)
FNDA:0,(anonymous_3)
FNDA:0,(anonymous_4)
FNDA:0,(anonymous_5)
FNDA:0,(anonymous_6)
FNDA:0,(anonymous_7)
FNDA:0,(anonymous_8)
FNDA:0,(anonymous_9)
FNDA:0,(anonymous_10)
FNDA:0,(anonymous_11)
FNDA:0,(anonymous_12)
FNDA:0,(anonymous_13)
FNDA:0,(anonymous_14)
FNDA:0,(anonymous_15)
FNDA:0,(anonymous_16)
FNDA:0,(anonymous_17)
FNDA:0,(anonymous_18)
FNDA:0,(anonymous_19)
FNDA:0,(anonymous_20)
DA:7,0
DA:8,0
DA:9,0
DA:10,0
DA:11,0
DA:21,0
DA:22,0
DA:24,0
DA:29,0
DA:30,0
DA:31,0
DA:32,0
DA:33,0
DA:34,0
DA:37,0
DA:38,0
DA:39,0
DA:45,0
DA:46,0
DA:48,0
DA:49,0
DA:55,0
DA:56,0
DA:57,0
DA:62,0
DA:63,0
DA:64,0
DA:65,0
DA:67,0
DA:69,0
DA:71,0
DA:81,0
DA:82,0
DA:83,0
DA:84,0
DA:85,0
DA:87,0
DA:89,0
DA:90,0
DA:91,0
DA:93,0
DA:94,0
DA:98,0
DA:99,0
DA:100,0
DA:101,0
DA:103,0
DA:105,0
DA:117,0
DA:121,0
DA:124,0
DA:129,0
DA:130,0
DA:134,0
LF:54
LH:0
BRDA:29,0,0,0
BRDA:29,0,1,0
BRDA:30,1,0,0
BRDA:30,1,1,0
BRDA:31,2,0,0
BRDA:31,2,1,0
BRDA:48,3,0,0
BRDA:48,3,1,0
BRDA:48,4,0,0
BRDA:48,4,1,0
BRDA:54,5,0,0
BRDA:56,6,0,0
BRDA:56,6,1,0
BRDA:64,7,0,0
BRDA:64,7,1,0
BRDA:83,8,0,0
BRDA:83,8,1,0
BRDA:89,9,0,0
BRDA:89,9,1,0
BRDA:100,10,0,0
BRDA:100,10,1,0
BRDA:131,11,0,0
BRDA:131,11,1,0
BRF:23
BRH:0
end_of_record
TN:
SF:/Users/andeladeveloper/Desktop/workspace/postit/client/js/components/presentational/sidemenu.js
FN:4,(anonymous_0)
FN:10,(anonymous_1)
FN:17,(anonymous_2)
FN:21,(anonymous_3)
FN:27,(anonymous_4)
FN:55,(anonymous_5)
FNF:6
FNH:3
FNDA:0,(anonymous_0)
FNDA:3,(anonymous_1)
FNDA:3,(anonymous_2)
FNDA:0,(anonymous_3)
FNDA:3,(anonymous_4)
FNDA:0,(anonymous_5)
DA:4,5
DA:5,0
DA:6,0
DA:11,3
DA:12,3
DA:18,3
DA:19,3
DA:20,0
DA:22,0
DA:28,3
DA:30,3
DA:31,1
DA:32,1
DA:35,2
DA:36,2
DA:39,1
DA:55,0
LF:17
LH:12
BRDA:19,0,0,0
BRDA:19,0,1,3
BRDA:28,1,0,3
BRDA:28,2,0,3
BRDA:28,3,0,1
BRDA:30,4,0,1
BRDA:30,4,1,2
BRDA:30,5,0,3
BRDA:30,5,1,1
BRDA:31,6,0,1
BRDA:31,6,1,0
BRDA:43,7,0,1
BRDA:43,7,1,0
BRDA:46,8,0,0
BRDA:46,8,1,1
BRDA:49,9,0,0
BRDA:49,9,1,1
BRDA:51,10,0,0
BRDA:51,10,1,0
BRF:19
BRH:12
end_of_record
