TN:
SF:C:/xampp/htdocs/postit/server/app.js
FN:20,(anonymous_1)
FN:23,(anonymous_2)
FNF:2
FNH:0
FNDA:0,(anonymous_1)
FNDA:0,(anonymous_2)
DA:1,1
DA:2,1
DA:3,1
DA:4,1
DA:7,1
DA:10,1
DA:13,1
DA:14,1
DA:18,1
DA:20,1
DA:23,1
DA:27,1
LF:12
LH:12
BRF:0
BRH:0
end_of_record
TN:
SF:C:/xampp/htdocs/postit/server/controllers/groups.js
FN:3,create
FN:14,(anonymous_2)
FN:15,(anonymous_3)
FN:3,fetch
FN:20,(anonymous_5)
FN:21,(anonymous_6)
FN:3,fetchMembers
FN:26,(anonymous_8)
FN:27,(anonymous_9)
FN:3,message
FN:39,(anonymous_11)
FN:40,(anonymous_12)
FN:3,messages
FN:55,(anonymous_14)
FN:56,(anonymous_15)
FNF:15
FNH:6
FNDA:3,create
FNDA:1,(anonymous_2)
FNDA:0,(anonymous_3)
FNDA:1,fetch
FNDA:1,(anonymous_5)
FNDA:0,(anonymous_6)
FNDA:0,fetchMembers
FNDA:0,(anonymous_8)
FNDA:0,(anonymous_9)
FNDA:0,message
FNDA:0,(anonymous_11)
FNDA:0,(anonymous_12)
FNDA:1,messages
FNDA:1,(anonymous_14)
FNDA:0,(anonymous_15)
DA:1,1
DA:5,3
DA:6,2
DA:7,2
DA:9,1
DA:14,1
DA:15,0
DA:18,1
DA:20,1
DA:21,0
DA:24,0
DA:26,0
DA:28,0
DA:32,0
DA:39,0
DA:40,0
DA:43,1
DA:55,1
DA:56,0
LF:19
LH:10
BRDA:5,0,0,2
BRDA:5,0,1,1
BRDA:5,1,0,3
BRDA:5,1,1,2
BRF:4
BRH:4
end_of_record
TN:
SF:C:/xampp/htdocs/postit/server/controllers/groupusers.js
FN:3,addUser
FN:20,(anonymous_2)
FN:21,(anonymous_3)
FN:3,update
FN:32,(anonymous_5)
FN:33,(anonymous_6)
FNF:6
FNH:3
FNDA:4,addUser
FNDA:2,(anonymous_2)
FNDA:1,(anonymous_3)
FNDA:0,update
FNDA:0,(anonymous_5)
FNDA:0,(anonymous_6)
DA:1,1
DA:5,4
DA:6,1
DA:7,1
DA:10,3
DA:11,0
DA:12,0
DA:15,3
DA:20,2
DA:21,1
DA:24,0
DA:32,0
DA:33,0
LF:13
LH:8
BRDA:5,0,0,1
BRDA:5,0,1,3
BRDA:10,1,0,0
BRDA:10,1,1,3
BRF:4
BRH:3
end_of_record
TN:
SF:C:/xampp/htdocs/postit/server/controllers/index.js
FNF:0
FNH:0
DA:1,1
DA:2,1
DA:3,1
DA:4,1
DA:6,1
LF:5
LH:5
BRF:0
BRH:0
end_of_record
TN:
SF:C:/xampp/htdocs/postit/server/controllers/messages.js
FN:3,create
FN:12,(anonymous_2)
FN:13,(anonymous_3)
FNF:3
FNH:3
FNDA:4,create
FNDA:1,(anonymous_2)
FNDA:3,(anonymous_3)
DA:1,1
DA:5,4
DA:12,1
DA:13,3
LF:4
LH:4
BRF:0
BRH:0
end_of_record
TN:
SF:C:/xampp/htdocs/postit/server/controllers/users.js
FN:5,create
FN:14,(anonymous_2)
FN:21,(anonymous_3)
FN:5,fetch
FN:32,(anonymous_5)
FN:33,(anonymous_6)
FN:5,auth
FN:44,(anonymous_8)
FNF:8
FNH:7
FNDA:7,create
FNDA:1,(anonymous_2)
FNDA:6,(anonymous_3)
FNDA:1,fetch
FNDA:1,(anonymous_5)
FNDA:0,(anonymous_6)
FNDA:1,auth
FNDA:1,(anonymous_8)
DA:1,1
DA:2,1
DA:4,1
DA:7,7
DA:15,1
DA:16,1
DA:17,1
DA:18,1
DA:19,1
DA:22,6
DA:23,6
DA:24,6
DA:25,6
DA:29,1
DA:32,1
DA:34,0
DA:35,0
DA:36,0
DA:37,0
DA:41,1
DA:45,1
DA:47,1
DA:51,1
DA:55,1
DA:58,0
LF:25
LH:20
BRDA:45,0,0,1
BRDA:45,0,1,0
BRF:2
BRH:1
end_of_record
TN:
SF:C:/xampp/htdocs/postit/server/models/groups.js
FN:13,associate
FNF:1
FNH:0
FNDA:0,associate
DA:2,1
DA:14,0
DA:17,0
DA:23,1
LF:4
LH:2
BRF:0
BRH:0
end_of_record
TN:
SF:C:/xampp/htdocs/postit/server/models/groupusers.js
FN:29,associate
FNF:1
FNH:0
FNDA:0,associate
DA:2,1
DA:31,0
DA:40,1
LF:3
LH:2
BRF:0
BRH:0
end_of_record
TN:
SF:C:/xampp/htdocs/postit/server/models/index.js
FN:22,(anonymous_1)
FN:26,(anonymous_2)
FN:31,(anonymous_3)
FNF:3
FNH:3
FNDA:5,(anonymous_1)
FNDA:4,(anonymous_2)
FNDA:4,(anonymous_3)
DA:1,1
DA:2,1
DA:3,1
DA:4,1
DA:6,1
DA:7,1
DA:8,1
DA:9,1
DA:11,1
DA:12,1
DA:13,0
DA:15,1
DA:20,1
DA:22,5
DA:27,4
DA:28,4
DA:31,1
DA:32,4
DA:33,0
DA:37,1
DA:38,1
LF:21
LH:19
BRDA:7,0,0,1
BRDA:7,0,1,1
BRDA:12,1,0,0
BRDA:12,1,1,1
BRDA:23,2,0,5
BRDA:23,2,1,5
BRDA:23,2,2,4
BRDA:32,3,0,0
BRDA:32,3,1,4
BRF:9
BRH:7
end_of_record
TN:
SF:C:/xampp/htdocs/postit/server/models/messages.js
FN:29,associate
FNF:1
FNH:0
FNDA:0,associate
DA:2,1
DA:30,0
DA:37,1
LF:3
LH:2
BRF:0
BRH:0
end_of_record
TN:
SF:C:/xampp/htdocs/postit/server/models/users.js
FN:22,associate
FNF:1
FNH:0
FNDA:0,associate
DA:2,1
DA:23,0
DA:29,1
LF:3
LH:2
BRF:0
BRH:0
end_of_record
TN:
SF:C:/xampp/htdocs/postit/server/routes/index.js
FN:9,(anonymous_2)
FN:11,(anonymous_3)
FN:24,(anonymous_4)
FNF:3
FNH:2
FNDA:17,(anonymous_2)
FNDA:17,(anonymous_3)
FNDA:0,(anonymous_4)
DA:1,1
DA:2,1
DA:6,1
DA:7,1
DA:8,1
DA:9,1
DA:10,17
DA:11,17
DA:12,17
DA:13,3
DA:16,3
DA:19,14
DA:20,14
DA:24,1
DA:29,1
DA:32,1
DA:35,1
DA:38,1
DA:41,1
DA:46,1
DA:49,1
DA:52,1
LF:22
LH:22
BRDA:12,0,0,3
BRDA:12,0,1,14
BRF:2
BRH:2
end_of_record
TN:
SF:C:/xampp/htdocs/postit/server/test/tests.js
FN:36,(anonymous_1)
FN:37,(anonymous_2)
FN:38,(anonymous_3)
FN:42,(anonymous_4)
FN:52,(anonymous_5)
FN:58,(anonymous_6)
FN:66,(anonymous_7)
FN:73,(anonymous_8)
FN:82,(anonymous_9)
FN:88,(anonymous_10)
FN:96,(anonymous_11)
FN:103,(anonymous_12)
FN:114,(anonymous_13)
FN:122,(anonymous_14)
FN:123,(anonymous_15)
FN:127,(anonymous_16)
FN:134,(anonymous_17)
FN:138,(anonymous_18)
FN:146,(anonymous_19)
FN:150,(anonymous_20)
FN:159,(anonymous_21)
FN:160,(anonymous_22)
FN:168,(anonymous_23)
FN:173,(anonymous_24)
FN:182,(anonymous_25)
FN:187,(anonymous_26)
FN:197,(anonymous_27)
FN:204,(anonymous_28)
FN:205,(anonymous_29)
FN:213,(anonymous_30)
FN:220,(anonymous_31)
FN:228,(anonymous_32)
FN:234,(anonymous_33)
FN:243,(anonymous_34)
FN:249,(anonymous_35)
FN:258,(anonymous_36)
FN:263,(anonymous_37)
FN:271,(anonymous_38)
FN:276,(anonymous_39)
FN:286,(anonymous_40)
FN:292,(anonymous_41)
FN:302,(anonymous_42)
FN:308,(anonymous_43)
FN:318,(anonymous_44)
FN:323,(anonymous_45)
FN:334,(anonymous_46)
FN:339,(anonymous_47)
FN:350,(anonymous_48)
FN:355,(anonymous_49)
FN:365,(anonymous_50)
FN:370,(anonymous_51)
FN:380,(anonymous_52)
FN:385,(anonymous_53)
FN:395,(anonymous_54)
FN:400,(anonymous_55)
FN:410,(anonymous_56)
FNF:56
FNH:56
FNDA:1,(anonymous_1)
FNDA:1,(anonymous_2)
FNDA:5,(anonymous_3)
FNDA:1,(anonymous_4)
FNDA:1,(anonymous_5)
FNDA:1,(anonymous_6)
FNDA:1,(anonymous_7)
FNDA:1,(anonymous_8)
FNDA:1,(anonymous_9)
FNDA:1,(anonymous_10)
FNDA:1,(anonymous_11)
FNDA:1,(anonymous_12)
FNDA:1,(anonymous_13)
FNDA:1,(anonymous_14)
FNDA:1,(anonymous_15)
FNDA:1,(anonymous_16)
FNDA:1,(anonymous_17)
FNDA:1,(anonymous_18)
FNDA:1,(anonymous_19)
FNDA:1,(anonymous_20)
FNDA:1,(anonymous_21)
FNDA:1,(anonymous_22)
FNDA:1,(anonymous_23)
FNDA:1,(anonymous_24)
FNDA:1,(anonymous_25)
FNDA:1,(anonymous_26)
FNDA:1,(anonymous_27)
FNDA:1,(anonymous_28)
FNDA:1,(anonymous_29)
FNDA:1,(anonymous_30)
FNDA:1,(anonymous_31)
FNDA:1,(anonymous_32)
FNDA:1,(anonymous_33)
FNDA:1,(anonymous_34)
FNDA:1,(anonymous_35)
FNDA:1,(anonymous_36)
FNDA:1,(anonymous_37)
FNDA:1,(anonymous_38)
FNDA:1,(anonymous_39)
FNDA:1,(anonymous_40)
FNDA:1,(anonymous_41)
FNDA:1,(anonymous_42)
FNDA:1,(anonymous_43)
FNDA:1,(anonymous_44)
FNDA:1,(anonymous_45)
FNDA:1,(anonymous_46)
FNDA:1,(anonymous_47)
FNDA:1,(anonymous_48)
FNDA:1,(anonymous_49)
FNDA:1,(anonymous_50)
FNDA:1,(anonymous_51)
FNDA:1,(anonymous_52)
FNDA:1,(anonymous_53)
FNDA:1,(anonymous_54)
FNDA:1,(anonymous_55)
FNDA:1,(anonymous_56)
DA:1,1
DA:2,1
DA:3,1
DA:4,1
DA:6,1
DA:7,1
DA:8,1
DA:10,1
DA:12,1
DA:18,1
DA:24,1
DA:30,1
DA:36,1
DA:37,1
DA:38,1
DA:39,5
DA:40,5
DA:42,1
DA:43,1
DA:53,1
DA:54,1
DA:55,1
DA:58,1
DA:59,1
DA:67,1
DA:68,1
DA:69,1
DA:70,1
DA:73,1
DA:74,1
DA:83,1
DA:84,1
DA:85,1
DA:88,1
DA:89,1
DA:97,1
DA:98,1
DA:99,1
DA:102,1
DA:104,1
DA:115,1
DA:116,1
DA:117,1
DA:122,1
DA:123,1
DA:124,1
DA:128,1
DA:129,1
DA:130,1
DA:131,1
DA:134,1
DA:135,1
DA:139,1
DA:140,1
DA:141,1
DA:142,1
DA:145,1
DA:147,1
DA:151,1
DA:152,1
DA:153,1
DA:154,1
DA:159,1
DA:160,1
DA:161,1
DA:169,1
DA:170,1
DA:173,1
DA:174,1
DA:183,1
DA:184,1
DA:187,1
DA:188,1
DA:198,1
DA:199,1
DA:204,1
DA:205,1
DA:206,1
DA:214,1
DA:215,1
DA:216,1
DA:220,1
DA:221,1
DA:229,1
DA:230,1
DA:231,1
DA:234,1
DA:235,1
DA:244,1
DA:245,1
DA:246,1
DA:249,1
DA:250,1
DA:259,1
DA:260,1
DA:263,1
DA:264,1
DA:272,1
DA:273,1
DA:276,1
DA:277,1
DA:287,1
DA:288,1
DA:291,1
DA:293,1
DA:303,1
DA:304,1
DA:307,1
DA:309,1
DA:319,1
DA:320,1
DA:323,1
DA:324,1
DA:335,1
DA:336,1
DA:339,1
DA:340,1
DA:351,1
DA:352,1
DA:355,1
DA:356,1
DA:366,1
DA:367,1
DA:370,1
DA:371,1
DA:381,1
DA:382,1
DA:385,1
DA:386,1
DA:396,1
DA:397,1
DA:400,1
DA:401,1
DA:411,1
DA:412,1
LF:135
LH:135
BRF:0
BRH:0
end_of_record
